Using pre-set license
Built from '2022.3/release' branch; Version is '2022.3.20f1 (61c2feb0970d) revision 6406910'; Using compiler version '192829333'; Build Type 'Release'
OS: 'Windows 11  (10.0.22631) 64bit Core' Language: 'ko' Physical Memory: 16066 MB
BatchMode: 1, IsHumanControllingUs: 0, StartBugReporterOnCrash: 0, Is64bit: 1, IsPro: 1

COMMAND LINE ARGUMENTS:
C:\Program Files\Unity 2022.3.20f1\Editor\Unity.exe
-adb2
-batchMode
-noUpm
-name
AssetImportWorker2
-projectPath
C:/h/GitHub/2024_1_Game1_catTown/catTown
-logFile
Logs/AssetImportWorker2.log
-srvPort
1544
Successfully changed project path to: C:/h/GitHub/2024_1_Game1_catTown/catTown
C:/h/GitHub/2024_1_Game1_catTown/catTown
[UnityMemory] Configuration Parameters - Can be set up in boot.config
    "memorysetup-bucket-allocator-granularity=16"
    "memorysetup-bucket-allocator-bucket-count=8"
    "memorysetup-bucket-allocator-block-size=33554432"
    "memorysetup-bucket-allocator-block-count=8"
    "memorysetup-main-allocator-block-size=16777216"
    "memorysetup-thread-allocator-block-size=16777216"
    "memorysetup-gfx-main-allocator-block-size=16777216"
    "memorysetup-gfx-thread-allocator-block-size=16777216"
    "memorysetup-cache-allocator-block-size=4194304"
    "memorysetup-typetree-allocator-block-size=2097152"
    "memorysetup-profiler-bucket-allocator-granularity=16"
    "memorysetup-profiler-bucket-allocator-bucket-count=8"
    "memorysetup-profiler-bucket-allocator-block-size=33554432"
    "memorysetup-profiler-bucket-allocator-block-count=8"
    "memorysetup-profiler-allocator-block-size=16777216"
    "memorysetup-profiler-editor-allocator-block-size=1048576"
    "memorysetup-temp-allocator-size-main=16777216"
    "memorysetup-job-temp-allocator-block-size=2097152"
    "memorysetup-job-temp-allocator-block-size-background=1048576"
    "memorysetup-job-temp-allocator-reduction-small-platforms=262144"
    "memorysetup-allocator-temp-initial-block-size-main=262144"
    "memorysetup-allocator-temp-initial-block-size-worker=262144"
    "memorysetup-temp-allocator-size-background-worker=32768"
    "memorysetup-temp-allocator-size-job-worker=262144"
    "memorysetup-temp-allocator-size-preload-manager=33554432"
    "memorysetup-temp-allocator-size-nav-mesh-worker=65536"
    "memorysetup-temp-allocator-size-audio-worker=65536"
    "memorysetup-temp-allocator-size-cloud-worker=32768"
    "memorysetup-temp-allocator-size-gi-baking-worker=262144"
    "memorysetup-temp-allocator-size-gfx=262144"
Player connection [11924] Host "[IP] 192.168.0.5 [Port] 0 [Flags] 2 [Guid] 602956350 [EditorId] 602956350 [Version] 1048832 [Id] WindowsEditor(7,¹¹) [Debug] 1 [PackageName] WindowsEditor [ProjectName] Editor" joined multi-casting on [225.0.0.222:54997]...

Player connection [11924] Host "[IP] 192.168.0.5 [Port] 0 [Flags] 2 [Guid] 602956350 [EditorId] 602956350 [Version] 1048832 [Id] WindowsEditor(7,¹¹) [Debug] 1 [PackageName] WindowsEditor [ProjectName] Editor" joined alternative multi-casting on [225.0.0.222:34997]...

[Physics::Module] Initialized MultithreadedJobDispatcher with 15 workers.
Refreshing native plugins compatible for Editor in 11.80 ms, found 3 plugins.
Preloading 0 native plugins for Editor in 0.00 ms.
Initialize engine version: 2022.3.20f1 (61c2feb0970d)
[Subsystems] Discovering subsystems at path C:/Program Files/Unity 2022.3.20f1/Editor/Data/Resources/UnitySubsystems
[Subsystems] Discovering subsystems at path C:/h/GitHub/2024_1_Game1_catTown/catTown/Assets
GfxDevice: creating device client; threaded=0; jobified=0
Direct3D:
    Version:  Direct3D 11.0 [level 11.1]
    Renderer: NVIDIA GeForce RTX 3050 4GB Laptop GPU (ID=0x25ab)
    Vendor:   NVIDIA
    VRAM:     3965 MB
    Driver:   31.0.15.5186
Initialize mono
Mono path[0] = 'C:/Program Files/Unity 2022.3.20f1/Editor/Data/Managed'
Mono path[1] = 'C:/Program Files/Unity 2022.3.20f1/Editor/Data/MonoBleedingEdge/lib/mono/unityjit-win32'
Mono config path = 'C:/Program Files/Unity 2022.3.20f1/Editor/Data/MonoBleedingEdge/etc'
Using monoOptions --debugger-agent=transport=dt_socket,embedding=1,server=y,suspend=n,address=127.0.0.1:56552
Begin MonoManager ReloadAssembly
Registering precompiled unity dll's ...
Register platform support module: C:/Program Files/Unity 2022.3.20f1/Editor/Data/PlaybackEngines/WindowsStandaloneSupport/UnityEditor.WindowsStandalone.Extensions.dll
Registered in 0.003848 seconds.
- Loaded All Assemblies, in  0.281 seconds
Native extension for WindowsStandalone target not found
Mono: successfully reloaded assembly
- Finished resetting the current domain, in  0.190 seconds
Domain Reload Profiling: 471ms
	BeginReloadAssembly (107ms)
		ExecutionOrderSort (0ms)
		DisableScriptedObjects (0ms)
		BackupInstance (0ms)
		ReleaseScriptingObjects (0ms)
		CreateAndSetChildDomain (1ms)
	RebuildCommonClasses (30ms)
	RebuildNativeTypeToScriptingClass (8ms)
	initialDomainReloadingComplete (44ms)
	LoadAllAssembliesAndSetupDomain (92ms)
		LoadAssemblies (106ms)
		RebuildTransferFunctionScriptingTraits (0ms)
		AnalyzeDomain (91ms)
			TypeCache.Refresh (90ms)
				TypeCache.ScanAssembly (80ms)
			ScanForSourceGeneratedMonoScriptInfo (0ms)
			ResolveRequiredComponents (0ms)
	FinalizeReload (190ms)
		ReleaseScriptCaches (0ms)
		RebuildScriptCaches (0ms)
		SetupLoadedEditorAssemblies (149ms)
			LogAssemblyErrors (0ms)
			InitializePlatformSupportModulesInManaged (5ms)
			SetLoadedEditorAssemblies (5ms)
			RefreshPlugins (0ms)
			BeforeProcessingInitializeOnLoad (1ms)
			ProcessInitializeOnLoadAttributes (104ms)
			ProcessInitializeOnLoadMethodAttributes (33ms)
			AfterProcessingInitializeOnLoad (0ms)
			EditorAssembliesLoaded (0ms)
		ExecutionOrderSort2 (0ms)
		AwakeInstancesAfterBackupRestoration (0ms)
========================================================================
Worker process is ready to serve import requests
Begin MonoManager ReloadAssembly
Symbol file LoadedFromMemory is not a mono symbol file
- Loaded All Assemblies, in  0.610 seconds
Refreshing native plugins compatible for Editor in 5.82 ms, found 3 plugins.
Native extension for WindowsStandalone target not found
Package Manager log level set to [2]
[Package Manager] Server::EnsureServerProcessIsRunning -- launch failed, reason: Unity was launched with the -noUpm command-line argument
[Package Manager] UpmClient::Send -- Unable to send message (not connected to UPM process).
[Package Manager] Cannot connect to Unity Package Manager local server
Mono: successfully reloaded assembly
- Finished resetting the current domain, in  0.643 seconds
Domain Reload Profiling: 1251ms
	BeginReloadAssembly (125ms)
		ExecutionOrderSort (0ms)
		DisableScriptedObjects (4ms)
		BackupInstance (0ms)
		ReleaseScriptingObjects (0ms)
		CreateAndSetChildDomain (19ms)
	RebuildCommonClasses (30ms)
	RebuildNativeTypeToScriptingClass (8ms)
	initialDomainReloadingComplete (35ms)
	LoadAllAssembliesAndSetupDomain (410ms)
		LoadAssemblies (297ms)
		RebuildTransferFunctionScriptingTraits (0ms)
		AnalyzeDomain (184ms)
			TypeCache.Refresh (159ms)
				TypeCache.ScanAssembly (143ms)
			ScanForSourceGeneratedMonoScriptInfo (20ms)
			ResolveRequiredComponents (4ms)
	FinalizeReload (644ms)
		ReleaseScriptCaches (0ms)
		RebuildScriptCaches (0ms)
		SetupLoadedEditorAssemblies (502ms)
			LogAssemblyErrors (0ms)
			InitializePlatformSupportModulesInManaged (4ms)
			SetLoadedEditorAssemblies (3ms)
			RefreshPlugins (0ms)
			BeforeProcessingInitializeOnLoad (59ms)
			ProcessInitializeOnLoadAttributes (298ms)
			ProcessInitializeOnLoadMethodAttributes (133ms)
			AfterProcessingInitializeOnLoad (4ms)
			EditorAssembliesLoaded (0ms)
		ExecutionOrderSort2 (0ms)
		AwakeInstancesAfterBackupRestoration (7ms)
Launched and connected shader compiler UnityShaderCompiler.exe after 0.05 seconds
Refreshing native plugins compatible for Editor in 12.73 ms, found 3 plugins.
Preloading 0 native plugins for Editor in 0.00 ms.
Unloading 4286 Unused Serialized files (Serialized files now loaded: 0)
Unloading 72 unused Assets / (73.4 KB). Loaded Objects now: 4728.
Memory consumption went from 150.8 MB to 150.8 MB.
Total: 9.157900 ms (FindLiveObjects: 0.339400 ms CreateObjectMapping: 0.159600 ms MarkObjects: 8.423900 ms  DeleteObjects: 0.233300 ms)

AssetImportParameters requested are different than current active one (requested -> active):
  custom:container-demuxer-ogg: 62fdf1f143b41e24485cea50d1cbac27 -> 
  custom:video-decoder-ogg-theora: a1e56fd34408186e4bbccfd4996cb3dc -> 
  custom:framework-win-MediaFoundation: 216162199b28c13a410421893ffa2e32 -> 
  custom:CustomObjectIndexerAttribute: 6d391050e5a25f67b0a2c618074f2cd9 -> 
  custom:container-demuxer-webm: 4f35f7cbe854078d1ac9338744f61a02 -> 
  custom:container-muxer-webm: aa71ff27fc2769a1b78a27578f13a17b -> 
  custom:video-decoder-webm-vp8: 9c59270c3fd7afecdb556c50c9e8de78 -> 
  custom:SearchIndexIgnoredProperties: e643bd26f0fe6173181afceb89e7c659 -> 
  custom:AudioImporter_EditorPlatform: d09bf68614088b80899f8185d706f6e7 -> 
  custom:video-encoder-webm-vp8: eb34c28f22e8b96e1ab97ce403110664 -> 
  custom:audio-decoder-ogg-vorbis: bf7c407c2cedff20999df2af8eb42d56 -> 
  custom:audio-encoder-webm-vorbis: bf7c407c2cedff20999df2af8eb42d56 -> 
========================================================================
Received Import Request.
  Time since last request: 4881.870552 seconds.
  path: Assets/Chan/Mine/Prefabs/Props/Crate.prefab
  artifactKey: Guid(c8e12912818819f49958ae146c6ffc96) Importer(815301076,1909f56bfc062723c751e8b465ee728b)
Start importing Assets/Chan/Mine/Prefabs/Props/Crate.prefab using Guid(c8e12912818819f49958ae146c6ffc96) Importer(815301076,1909f56bfc062723c751e8b465ee728b)  -> (artifact id: 'ca7e956d0586bf1246333abba51a36c8') in 0.304188 seconds
Number of updated asset objects reloaded before import = 0
Number of asset objects unloaded after import = 12
========================================================================
Received Import Request.
  Time since last request: 0.000026 seconds.
  path: Assets/Chan/Mine/Prefabs/Props/Ladder.prefab
  artifactKey: Guid(10f81f7f1e6523b4fa0b5b6f0ea61f4c) Importer(815301076,1909f56bfc062723c751e8b465ee728b)
Start importing Assets/Chan/Mine/Prefabs/Props/Ladder.prefab using Guid(10f81f7f1e6523b4fa0b5b6f0ea61f4c) Importer(815301076,1909f56bfc062723c751e8b465ee728b)  -> (artifact id: 'e0f3777cdc929b58387c4691890f55a1') in 0.192650 seconds
Number of updated asset objects reloaded before import = 0
Number of asset objects unloaded after import = 11
========================================================================
Received Import Request.
  Time since last request: 0.000032 seconds.
  path: Assets/Chan/Mine/Prefabs/Props/Planks.prefab
  artifactKey: Guid(f61b2bee68d853c4ab7baf6062cda8d4) Importer(815301076,1909f56bfc062723c751e8b465ee728b)
Start importing Assets/Chan/Mine/Prefabs/Props/Planks.prefab using Guid(f61b2bee68d853c4ab7baf6062cda8d4) Importer(815301076,1909f56bfc062723c751e8b465ee728b)  -> (artifact id: 'd3d8bd2d6d6a0efef99aad378e627131') in 0.022453 seconds
Number of updated asset objects reloaded before import = 0
Number of asset objects unloaded after import = 11
========================================================================
Received Import Request.
  Time since last request: 0.000032 seconds.
  path: Assets/Chan/Mine/Prefabs/Props/Support2.prefab
  artifactKey: Guid(b53586081307f1543bb0315828b57953) Importer(815301076,1909f56bfc062723c751e8b465ee728b)
Start importing Assets/Chan/Mine/Prefabs/Props/Support2.prefab using Guid(b53586081307f1543bb0315828b57953) Importer(815301076,1909f56bfc062723c751e8b465ee728b)  -> (artifact id: 'd08b31053afb44c6110d1914868ed851') in 0.024439 seconds
Number of updated asset objects reloaded before import = 0
Number of asset objects unloaded after import = 11
========================================================================
Received Import Request.
  Time since last request: 1.153280 seconds.
  path: Assets/Chan/Mine/Prefabs/Rocks/OreBlue.prefab
  artifactKey: Guid(318b816fee8dea44588d070c5a17f873) Importer(815301076,1909f56bfc062723c751e8b465ee728b)
Start importing Assets/Chan/Mine/Prefabs/Rocks/OreBlue.prefab using Guid(318b816fee8dea44588d070c5a17f873) Importer(815301076,1909f56bfc062723c751e8b465ee728b)  -> (artifact id: '5ec7ee4d459e955b99f36dad6fe948e4') in 0.268452 seconds
Number of updated asset objects reloaded before import = 0
Number of asset objects unloaded after import = 21
========================================================================
Received Import Request.
  Time since last request: 0.000026 seconds.
  path: Assets/Chan/Mine/Prefabs/Rocks/Rock1.prefab
  artifactKey: Guid(512245daca745f64693d790c6c69d575) Importer(815301076,1909f56bfc062723c751e8b465ee728b)
Start importing Assets/Chan/Mine/Prefabs/Rocks/Rock1.prefab using Guid(512245daca745f64693d790c6c69d575) Importer(815301076,1909f56bfc062723c751e8b465ee728b)  -> (artifact id: '5169d0cd7b9e7f79cdcd365a94b36312') in 0.113327 seconds
Number of updated asset objects reloaded before import = 0
Number of asset objects unloaded after import = 11
========================================================================
Received Import Request.
  Time since last request: 0.000033 seconds.
  path: Assets/Chan/Mine/Prefabs/Rocks/OreRed.prefab
  artifactKey: Guid(a957dc986069ca3409a5fb1599a3cad8) Importer(815301076,1909f56bfc062723c751e8b465ee728b)
Start importing Assets/Chan/Mine/Prefabs/Rocks/OreRed.prefab using Guid(a957dc986069ca3409a5fb1599a3cad8) Importer(815301076,1909f56bfc062723c751e8b465ee728b)  -> (artifact id: '4cfb7df30a6ee53abaf9a3024a3d9fbf') in 0.075219 seconds
Number of updated asset objects reloaded before import = 0
Number of asset objects unloaded after import = 21
========================================================================
Received Import Request.
  Time since last request: 3425.310350 seconds.
  path: Assets/Chan/Mine
  artifactKey: Guid(ff46f230e30d89746a8c1d58d75466cf) Importer(815301076,1909f56bfc062723c751e8b465ee728b)
Start importing Assets/Chan/Mine using Guid(ff46f230e30d89746a8c1d58d75466cf) Importer(815301076,1909f56bfc062723c751e8b465ee728b)  -> (artifact id: 'f8d5fb65eb78b7333ffb72943e1aa4dd') in 0.001507 seconds
Number of updated asset objects reloaded before import = 0
Number of asset objects unloaded after import = 0
