Using pre-set license
Built from '2022.3/release' branch; Version is '2022.3.20f1 (61c2feb0970d) revision 6406910'; Using compiler version '192829333'; Build Type 'Release'
OS: 'Windows 10  (10.0.19045) 64bit Professional' Language: 'ko' Physical Memory: 65198 MB
BatchMode: 1, IsHumanControllingUs: 0, StartBugReporterOnCrash: 0, Is64bit: 1, IsPro: 1

COMMAND LINE ARGUMENTS:
C:\Program Files\Unity 2022.3.20f1\Editor\Unity.exe
-adb2
-batchMode
-noUpm
-name
AssetImportWorker10
-projectPath
C:/Users/IDBLAB/Desktop/2024_1_Game1_catTown/catTown
-logFile
Logs/AssetImportWorker10.log
-srvPort
52978
Successfully changed project path to: C:/Users/IDBLAB/Desktop/2024_1_Game1_catTown/catTown
C:/Users/IDBLAB/Desktop/2024_1_Game1_catTown/catTown
[UnityMemory] Configuration Parameters - Can be set up in boot.config
    "memorysetup-bucket-allocator-granularity=16"
    "memorysetup-bucket-allocator-bucket-count=8"
    "memorysetup-bucket-allocator-block-size=33554432"
    "memorysetup-bucket-allocator-block-count=8"
    "memorysetup-main-allocator-block-size=16777216"
    "memorysetup-thread-allocator-block-size=16777216"
    "memorysetup-gfx-main-allocator-block-size=16777216"
    "memorysetup-gfx-thread-allocator-block-size=16777216"
    "memorysetup-cache-allocator-block-size=4194304"
    "memorysetup-typetree-allocator-block-size=2097152"
    "memorysetup-profiler-bucket-allocator-granularity=16"
    "memorysetup-profiler-bucket-allocator-bucket-count=8"
    "memorysetup-profiler-bucket-allocator-block-size=33554432"
    "memorysetup-profiler-bucket-allocator-block-count=8"
    "memorysetup-profiler-allocator-block-size=16777216"
    "memorysetup-profiler-editor-allocator-block-size=1048576"
    "memorysetup-temp-allocator-size-main=16777216"
    "memorysetup-job-temp-allocator-block-size=2097152"
    "memorysetup-job-temp-allocator-block-size-background=1048576"
    "memorysetup-job-temp-allocator-reduction-small-platforms=262144"
    "memorysetup-allocator-temp-initial-block-size-main=262144"
    "memorysetup-allocator-temp-initial-block-size-worker=262144"
    "memorysetup-temp-allocator-size-background-worker=32768"
    "memorysetup-temp-allocator-size-job-worker=262144"
    "memorysetup-temp-allocator-size-preload-manager=33554432"
    "memorysetup-temp-allocator-size-nav-mesh-worker=65536"
    "memorysetup-temp-allocator-size-audio-worker=65536"
    "memorysetup-temp-allocator-size-cloud-worker=32768"
    "memorysetup-temp-allocator-size-gi-baking-worker=262144"
    "memorysetup-temp-allocator-size-gfx=262144"
Player connection [4072] Host "[IP] 203.247.166.182 [Port] 0 [Flags] 2 [Guid] 554644995 [EditorId] 554644995 [Version] 1048832 [Id] WindowsEditor(7,DESKTOP-QLOGQ7G) [Debug] 1 [PackageName] WindowsEditor [ProjectName] Editor" joined multi-casting on [225.0.0.222:54997]...

Player connection [4072] Host "[IP] 203.247.166.182 [Port] 0 [Flags] 2 [Guid] 554644995 [EditorId] 554644995 [Version] 1048832 [Id] WindowsEditor(7,DESKTOP-QLOGQ7G) [Debug] 1 [PackageName] WindowsEditor [ProjectName] Editor" joined alternative multi-casting on [225.0.0.222:34997]...

[Physics::Module] Initialized MultithreadedJobDispatcher with 15 workers.
Refreshing native plugins compatible for Editor in 18.05 ms, found 3 plugins.
Preloading 0 native plugins for Editor in 0.00 ms.
Initialize engine version: 2022.3.20f1 (61c2feb0970d)
[Subsystems] Discovering subsystems at path C:/Program Files/Unity 2022.3.20f1/Editor/Data/Resources/UnitySubsystems
[Subsystems] Discovering subsystems at path C:/Users/IDBLAB/Desktop/2024_1_Game1_catTown/catTown/Assets
GfxDevice: creating device client; threaded=0; jobified=0
Direct3D:
    Version:  Direct3D 11.0 [level 11.1]
    Renderer: Intel(R) UHD Graphics 630 (ID=0x9bc5)
    Vendor:   Intel
    VRAM:     32599 MB
    Driver:   27.20.100.9415
Initialize mono
Mono path[0] = 'C:/Program Files/Unity 2022.3.20f1/Editor/Data/Managed'
Mono path[1] = 'C:/Program Files/Unity 2022.3.20f1/Editor/Data/MonoBleedingEdge/lib/mono/unityjit-win32'
Mono config path = 'C:/Program Files/Unity 2022.3.20f1/Editor/Data/MonoBleedingEdge/etc'
Using monoOptions --debugger-agent=transport=dt_socket,embedding=1,server=y,suspend=n,address=127.0.0.1:56668
Begin MonoManager ReloadAssembly
Registering precompiled unity dll's ...
Register platform support module: C:/Program Files/Unity 2022.3.20f1/Editor/Data/PlaybackEngines/WindowsStandaloneSupport/UnityEditor.WindowsStandalone.Extensions.dll
Registered in 0.006633 seconds.
- Loaded All Assemblies, in  0.370 seconds
Native extension for WindowsStandalone target not found
Mono: successfully reloaded assembly
- Finished resetting the current domain, in  0.313 seconds
Domain Reload Profiling: 682ms
	BeginReloadAssembly (117ms)
		ExecutionOrderSort (0ms)
		DisableScriptedObjects (0ms)
		BackupInstance (0ms)
		ReleaseScriptingObjects (0ms)
		CreateAndSetChildDomain (1ms)
	RebuildCommonClasses (37ms)
	RebuildNativeTypeToScriptingClass (11ms)
	initialDomainReloadingComplete (57ms)
	LoadAllAssembliesAndSetupDomain (146ms)
		LoadAssemblies (114ms)
		RebuildTransferFunctionScriptingTraits (0ms)
		AnalyzeDomain (144ms)
			TypeCache.Refresh (143ms)
				TypeCache.ScanAssembly (128ms)
			ScanForSourceGeneratedMonoScriptInfo (0ms)
			ResolveRequiredComponents (0ms)
	FinalizeReload (314ms)
		ReleaseScriptCaches (0ms)
		RebuildScriptCaches (0ms)
		SetupLoadedEditorAssemblies (246ms)
			LogAssemblyErrors (0ms)
			InitializePlatformSupportModulesInManaged (8ms)
			SetLoadedEditorAssemblies (8ms)
			RefreshPlugins (0ms)
			BeforeProcessingInitializeOnLoad (2ms)
			ProcessInitializeOnLoadAttributes (161ms)
			ProcessInitializeOnLoadMethodAttributes (67ms)
			AfterProcessingInitializeOnLoad (0ms)
			EditorAssembliesLoaded (0ms)
		ExecutionOrderSort2 (0ms)
		AwakeInstancesAfterBackupRestoration (0ms)
========================================================================
Worker process is ready to serve import requests
Begin MonoManager ReloadAssembly
Symbol file LoadedFromMemory is not a mono symbol file
- Loaded All Assemblies, in  0.703 seconds
Refreshing native plugins compatible for Editor in 11.08 ms, found 3 plugins.
Native extension for WindowsStandalone target not found
Package Manager log level set to [2]
[Package Manager] Server::EnsureServerProcessIsRunning -- launch failed, reason: Unity was launched with the -noUpm command-line argument
[Package Manager] UpmClient::Send -- Unable to send message (not connected to UPM process).
[Package Manager] Cannot connect to Unity Package Manager local server
Mono: successfully reloaded assembly
- Finished resetting the current domain, in  0.685 seconds
Domain Reload Profiling: 1384ms
	BeginReloadAssembly (140ms)
		ExecutionOrderSort (0ms)
		DisableScriptedObjects (5ms)
		BackupInstance (0ms)
		ReleaseScriptingObjects (0ms)
		CreateAndSetChildDomain (18ms)
	RebuildCommonClasses (32ms)
	RebuildNativeTypeToScriptingClass (10ms)
	initialDomainReloadingComplete (39ms)
	LoadAllAssembliesAndSetupDomain (478ms)
		LoadAssemblies (346ms)
		RebuildTransferFunctionScriptingTraits (0ms)
		AnalyzeDomain (216ms)
			TypeCache.Refresh (183ms)
				TypeCache.ScanAssembly (162ms)
			ScanForSourceGeneratedMonoScriptInfo (25ms)
			ResolveRequiredComponents (7ms)
	FinalizeReload (686ms)
		ReleaseScriptCaches (0ms)
		RebuildScriptCaches (0ms)
		SetupLoadedEditorAssemblies (536ms)
			LogAssemblyErrors (0ms)
			InitializePlatformSupportModulesInManaged (5ms)
			SetLoadedEditorAssemblies (3ms)
			RefreshPlugins (0ms)
			BeforeProcessingInitializeOnLoad (76ms)
			ProcessInitializeOnLoadAttributes (299ms)
			ProcessInitializeOnLoadMethodAttributes (145ms)
			AfterProcessingInitializeOnLoad (7ms)
			EditorAssembliesLoaded (0ms)
		ExecutionOrderSort2 (0ms)
		AwakeInstancesAfterBackupRestoration (12ms)
Launched and connected shader compiler UnityShaderCompiler.exe after 0.03 seconds
Refreshing native plugins compatible for Editor in 9.34 ms, found 3 plugins.
Preloading 0 native plugins for Editor in 0.00 ms.
Unloading 4264 Unused Serialized files (Serialized files now loaded: 0)
Unloading 72 unused Assets / (73.4 KB). Loaded Objects now: 4707.
Memory consumption went from 150.1 MB to 150.0 MB.
Total: 5.900400 ms (FindLiveObjects: 0.341900 ms CreateObjectMapping: 0.303600 ms MarkObjects: 5.133400 ms  DeleteObjects: 0.120800 ms)

AssetImportParameters requested are different than current active one (requested -> active):
  custom:container-demuxer-ogg: 62fdf1f143b41e24485cea50d1cbac27 -> 
  custom:video-decoder-ogg-theora: a1e56fd34408186e4bbccfd4996cb3dc -> 
  custom:framework-win-MediaFoundation: 216162199b28c13a410421893ffa2e32 -> 
  custom:CustomObjectIndexerAttribute: 6d391050e5a25f67b0a2c618074f2cd9 -> 
  custom:container-demuxer-webm: 4f35f7cbe854078d1ac9338744f61a02 -> 
  custom:container-muxer-webm: aa71ff27fc2769a1b78a27578f13a17b -> 
  custom:video-decoder-webm-vp8: 9c59270c3fd7afecdb556c50c9e8de78 -> 
  custom:SearchIndexIgnoredProperties: e643bd26f0fe6173181afceb89e7c659 -> 
  custom:AudioImporter_EditorPlatform: d09bf68614088b80899f8185d706f6e7 -> 
  custom:video-encoder-webm-vp8: eb34c28f22e8b96e1ab97ce403110664 -> 
  custom:audio-decoder-ogg-vorbis: bf7c407c2cedff20999df2af8eb42d56 -> 
  custom:audio-encoder-webm-vorbis: bf7c407c2cedff20999df2af8eb42d56 -> 
========================================================================
Received Import Request.
  Time since last request: 108516.317701 seconds.
  path: Assets/Junyoung/Sounds/Audios/Blood&Gore/Blood/BloodDripping_2.wav
  artifactKey: Guid(f2ed96a3735369749a2110667bb99191) Importer(815301076,1909f56bfc062723c751e8b465ee728b)
Start importing Assets/Junyoung/Sounds/Audios/Blood&Gore/Blood/BloodDripping_2.wav using Guid(f2ed96a3735369749a2110667bb99191) Importer(815301076,1909f56bfc062723c751e8b465ee728b)  -> (artifact id: 'b7bbf70e384db552e9eb4eeaa71faec6') in 0.107596 seconds
Number of updated asset objects reloaded before import = 0
Number of asset objects unloaded after import = 2
========================================================================
Received Import Request.
  Time since last request: 12.136817 seconds.
  path: Assets/Junyoung/Sounds/Audios/Blood&Gore/Gore/Gore_Punch_2.wav
  artifactKey: Guid(f12b64cb5302c3e4c93b188ebf892220) Importer(815301076,1909f56bfc062723c751e8b465ee728b)
Start importing Assets/Junyoung/Sounds/Audios/Blood&Gore/Gore/Gore_Punch_2.wav using Guid(f12b64cb5302c3e4c93b188ebf892220) Importer(815301076,1909f56bfc062723c751e8b465ee728b)  -> (artifact id: '65865a619369a66f3861097848119f3c') in 0.019854 seconds
Number of updated asset objects reloaded before import = 0
Number of asset objects unloaded after import = 2
========================================================================
Received Import Request.
  Time since last request: 0.000018 seconds.
  path: Assets/Junyoung/Sounds/Audios/Blood&Gore/Gore/Gore_RipBone_8.wav
  artifactKey: Guid(81aac0eb965aadd459873da6b2257705) Importer(815301076,1909f56bfc062723c751e8b465ee728b)
Start importing Assets/Junyoung/Sounds/Audios/Blood&Gore/Gore/Gore_RipBone_8.wav using Guid(81aac0eb965aadd459873da6b2257705) Importer(815301076,1909f56bfc062723c751e8b465ee728b)  -> (artifact id: 'b105940e9aac78886a3efaf75e337afd') in 0.033454 seconds
Number of updated asset objects reloaded before import = 0
Number of asset objects unloaded after import = 2
========================================================================
Received Import Request.
  Time since last request: 0.000028 seconds.
  path: Assets/Junyoung/Sounds/Audios/Blood&Gore/Gore/Gore_RipBone_3.wav
  artifactKey: Guid(026f70278d5a76449bdc8423174f1fd0) Importer(815301076,1909f56bfc062723c751e8b465ee728b)
Start importing Assets/Junyoung/Sounds/Audios/Blood&Gore/Gore/Gore_RipBone_3.wav using Guid(026f70278d5a76449bdc8423174f1fd0) Importer(815301076,1909f56bfc062723c751e8b465ee728b)  -> (artifact id: '9c7883a6bd51315b0cc3c10c657e6e16') in 0.031069 seconds
Number of updated asset objects reloaded before import = 0
Number of asset objects unloaded after import = 2
========================================================================
Received Import Request.
  Time since last request: 0.000019 seconds.
  path: Assets/Junyoung/Sounds/Audios/Blood&Gore/Gore/Gore_Stab_4.wav
  artifactKey: Guid(c06054a9944074948b5440a1de724a14) Importer(815301076,1909f56bfc062723c751e8b465ee728b)
Start importing Assets/Junyoung/Sounds/Audios/Blood&Gore/Gore/Gore_Stab_4.wav using Guid(c06054a9944074948b5440a1de724a14) Importer(815301076,1909f56bfc062723c751e8b465ee728b)  -> (artifact id: 'ee487554344ef891c67f2277226cea04') in 0.024945 seconds
Number of updated asset objects reloaded before import = 0
Number of asset objects unloaded after import = 2
========================================================================
Received Import Request.
  Time since last request: 0.000033 seconds.
  path: Assets/Junyoung/Sounds/Audios/Blood&Gore/Gore/Gore_Punch_5.wav
  artifactKey: Guid(53d151ddb8f448846bbe2a22e2c464af) Importer(815301076,1909f56bfc062723c751e8b465ee728b)
Start importing Assets/Junyoung/Sounds/Audios/Blood&Gore/Gore/Gore_Punch_5.wav using Guid(53d151ddb8f448846bbe2a22e2c464af) Importer(815301076,1909f56bfc062723c751e8b465ee728b)  -> (artifact id: 'fccef26f8b3496a5d5d0cfefb8ae17db') in 0.020665 seconds
Number of updated asset objects reloaded before import = 0
Number of asset objects unloaded after import = 2
========================================================================
Received Import Request.
  Time since last request: 0.000026 seconds.
  path: Assets/Junyoung/Sounds/Audios/Blood&Gore/Gore/Gore_RipBone_2.wav
  artifactKey: Guid(fd019fa94082ba14e8614e6018ea3888) Importer(815301076,1909f56bfc062723c751e8b465ee728b)
Start importing Assets/Junyoung/Sounds/Audios/Blood&Gore/Gore/Gore_RipBone_2.wav using Guid(fd019fa94082ba14e8614e6018ea3888) Importer(815301076,1909f56bfc062723c751e8b465ee728b)  -> (artifact id: 'dbdefa29ee1cc7a2770198fd1f1de4b2') in 0.042364 seconds
Number of updated asset objects reloaded before import = 0
Number of asset objects unloaded after import = 2
========================================================================
Received Import Request.
  Time since last request: 20.220880 seconds.
  path: Assets/Junyoung/Sounds/Audios/Character/FemaleEfforts/Woman_CarryDead_2.wav
  artifactKey: Guid(d0c6650f4fdd1f74282b9a03c2f23f6a) Importer(815301076,1909f56bfc062723c751e8b465ee728b)
Start importing Assets/Junyoung/Sounds/Audios/Character/FemaleEfforts/Woman_CarryDead_2.wav using Guid(d0c6650f4fdd1f74282b9a03c2f23f6a) Importer(815301076,1909f56bfc062723c751e8b465ee728b)  -> (artifact id: '7e4cc753883a6fb27032345eb1721e9b') in 0.020750 seconds
Number of updated asset objects reloaded before import = 0
Number of asset objects unloaded after import = 2
========================================================================
Received Import Request.
  Time since last request: 0.000020 seconds.
  path: Assets/Junyoung/Sounds/Audios/Character/FemaleEfforts/Woman_Wall_1.wav
  artifactKey: Guid(988bd9ec40bf26b41af414e00b7932c4) Importer(815301076,1909f56bfc062723c751e8b465ee728b)
Start importing Assets/Junyoung/Sounds/Audios/Character/FemaleEfforts/Woman_Wall_1.wav using Guid(988bd9ec40bf26b41af414e00b7932c4) Importer(815301076,1909f56bfc062723c751e8b465ee728b)  -> (artifact id: '6f10205e645da92bfbd3216367b1d0b8') in 0.021500 seconds
Number of updated asset objects reloaded before import = 0
Number of asset objects unloaded after import = 2
========================================================================
Received Import Request.
  Time since last request: 0.000024 seconds.
  path: Assets/Junyoung/Sounds/Audios/Character/FemaleEfforts/Woman_Wall_3.wav
  artifactKey: Guid(afbe5d574c72a74419771471c3dd4f61) Importer(815301076,1909f56bfc062723c751e8b465ee728b)
Start importing Assets/Junyoung/Sounds/Audios/Character/FemaleEfforts/Woman_Wall_3.wav using Guid(afbe5d574c72a74419771471c3dd4f61) Importer(815301076,1909f56bfc062723c751e8b465ee728b)  -> (artifact id: '819ae506d38cb9bbb66476621b74460a') in 0.027636 seconds
Number of updated asset objects reloaded before import = 0
Number of asset objects unloaded after import = 2
========================================================================
Received Import Request.
  Time since last request: 0.000024 seconds.
  path: Assets/Junyoung/Sounds/Audios/Character/FemaleEfforts/Woman_Wall_2.wav
  artifactKey: Guid(25932e60967e45749a0feb49d20e241f) Importer(815301076,1909f56bfc062723c751e8b465ee728b)
Start importing Assets/Junyoung/Sounds/Audios/Character/FemaleEfforts/Woman_Wall_2.wav using Guid(25932e60967e45749a0feb49d20e241f) Importer(815301076,1909f56bfc062723c751e8b465ee728b)  -> (artifact id: '43850aaf70d130b3bd95614525085c4e') in 0.018896 seconds
Number of updated asset objects reloaded before import = 0
Number of asset objects unloaded after import = 2
========================================================================
Received Import Request.
  Time since last request: 0.000028 seconds.
  path: Assets/Junyoung/Sounds/Audios/Character/FemaleEfforts/Woman_Smell_2.wav
  artifactKey: Guid(6ac245b092818a24f84d05fe5d06cb87) Importer(815301076,1909f56bfc062723c751e8b465ee728b)
Start importing Assets/Junyoung/Sounds/Audios/Character/FemaleEfforts/Woman_Smell_2.wav using Guid(6ac245b092818a24f84d05fe5d06cb87) Importer(815301076,1909f56bfc062723c751e8b465ee728b)  -> (artifact id: '3970efedccfd1b3202d1907a7ea30bd5') in 0.026559 seconds
Number of updated asset objects reloaded before import = 0
Number of asset objects unloaded after import = 2
========================================================================
Received Import Request.
  Time since last request: 5.138308 seconds.
  path: Assets/Junyoung/Sounds/Audios/Character/Gear/GearAll_2.wav
  artifactKey: Guid(a99afb9e2f98ae947a802d4871c96116) Importer(815301076,1909f56bfc062723c751e8b465ee728b)
Start importing Assets/Junyoung/Sounds/Audios/Character/Gear/GearAll_2.wav using Guid(a99afb9e2f98ae947a802d4871c96116) Importer(815301076,1909f56bfc062723c751e8b465ee728b)  -> (artifact id: '89c24b2f404c5d8c6891d344d981ae4e') in 0.021163 seconds
Number of updated asset objects reloaded before import = 0
Number of asset objects unloaded after import = 2
========================================================================
Received Import Request.
  Time since last request: 0.000024 seconds.
  path: Assets/Junyoung/Sounds/Audios/Character/Gear/GearAll_7.wav
  artifactKey: Guid(f757d30aab011a144b52bb974d20af1c) Importer(815301076,1909f56bfc062723c751e8b465ee728b)
Start importing Assets/Junyoung/Sounds/Audios/Character/Gear/GearAll_7.wav using Guid(f757d30aab011a144b52bb974d20af1c) Importer(815301076,1909f56bfc062723c751e8b465ee728b)  -> (artifact id: '7b5186aa13f6b69de4396a378a3126d2') in 0.025179 seconds
Number of updated asset objects reloaded before import = 0
Number of asset objects unloaded after import = 2
========================================================================
Received Import Request.
  Time since last request: 3.258016 seconds.
  path: Assets/Junyoung/Sounds/Audios/Character/MaleEfforts/Man_BadSmell_2.wav
  artifactKey: Guid(0c8ce4e2caf49f547bb3262119b9ec9e) Importer(815301076,1909f56bfc062723c751e8b465ee728b)
Start importing Assets/Junyoung/Sounds/Audios/Character/MaleEfforts/Man_BadSmell_2.wav using Guid(0c8ce4e2caf49f547bb3262119b9ec9e) Importer(815301076,1909f56bfc062723c751e8b465ee728b)  -> (artifact id: '0d76c22a3853a164102e709fba8bd7e2') in 0.017981 seconds
Number of updated asset objects reloaded before import = 0
Number of asset objects unloaded after import = 2
========================================================================
Received Import Request.
  Time since last request: 0.000025 seconds.
  path: Assets/Junyoung/Sounds/Audios/Character/MaleEfforts/Man_Struggling_Loop_3.wav
  artifactKey: Guid(118b8299fff10384794ac948f9c270d1) Importer(815301076,1909f56bfc062723c751e8b465ee728b)
Start importing Assets/Junyoung/Sounds/Audios/Character/MaleEfforts/Man_Struggling_Loop_3.wav using Guid(118b8299fff10384794ac948f9c270d1) Importer(815301076,1909f56bfc062723c751e8b465ee728b)  -> (artifact id: '6a44a3b43444d16414af5b8acfc544b5') in 0.038331 seconds
Number of updated asset objects reloaded before import = 0
Number of asset objects unloaded after import = 2
========================================================================
Received Import Request.
  Time since last request: 0.000022 seconds.
  path: Assets/Junyoung/Sounds/Audios/Character/MaleEfforts/Man_Damage_Extreme_2.wav
  artifactKey: Guid(ddc650b445586454e9e4f5e74d58d0ed) Importer(815301076,1909f56bfc062723c751e8b465ee728b)
Start importing Assets/Junyoung/Sounds/Audios/Character/MaleEfforts/Man_Damage_Extreme_2.wav using Guid(ddc650b445586454e9e4f5e74d58d0ed) Importer(815301076,1909f56bfc062723c751e8b465ee728b)  -> (artifact id: '9e7659014b37b115101dacfabfcbd317') in 0.020125 seconds
Number of updated asset objects reloaded before import = 0
Number of asset objects unloaded after import = 2
========================================================================
Received Import Request.
  Time since last request: 0.000022 seconds.
  path: Assets/Junyoung/Sounds/Audios/Character/MaleEfforts/Man_FrustratedExhale_1.wav
  artifactKey: Guid(b6cc67e888e9f614687fb945a74f5e5f) Importer(815301076,1909f56bfc062723c751e8b465ee728b)
Start importing Assets/Junyoung/Sounds/Audios/Character/MaleEfforts/Man_FrustratedExhale_1.wav using Guid(b6cc67e888e9f614687fb945a74f5e5f) Importer(815301076,1909f56bfc062723c751e8b465ee728b)  -> (artifact id: 'e3d2b2d2d0319ee3d2f60ded91c98021') in 0.025583 seconds
Number of updated asset objects reloaded before import = 0
Number of asset objects unloaded after import = 2
========================================================================
Received Import Request.
  Time since last request: 0.000019 seconds.
  path: Assets/Junyoung/Sounds/Audios/Character/MaleEfforts/Man_HeavyEffort_Loop_3.wav
  artifactKey: Guid(7b11381004d5c7f4a9f41ae7a53e9521) Importer(815301076,1909f56bfc062723c751e8b465ee728b)
Start importing Assets/Junyoung/Sounds/Audios/Character/MaleEfforts/Man_HeavyEffort_Loop_3.wav using Guid(7b11381004d5c7f4a9f41ae7a53e9521) Importer(815301076,1909f56bfc062723c751e8b465ee728b)  -> (artifact id: '4df6ee08de5c3018073500ae20501f56') in 0.069337 seconds
Number of updated asset objects reloaded before import = 0
Number of asset objects unloaded after import = 2
========================================================================
Received Import Request.
  Time since last request: 0.000018 seconds.
  path: Assets/Junyoung/Sounds/Audios/Character/MaleEfforts/Man_BadSmell_5.wav
  artifactKey: Guid(bbc1027c2b9145b479a6d1585fb187ce) Importer(815301076,1909f56bfc062723c751e8b465ee728b)
Start importing Assets/Junyoung/Sounds/Audios/Character/MaleEfforts/Man_BadSmell_5.wav using Guid(bbc1027c2b9145b479a6d1585fb187ce) Importer(815301076,1909f56bfc062723c751e8b465ee728b)  -> (artifact id: '14230ea76561ccc4c8ff568813f3f6d0') in 0.023361 seconds
Number of updated asset objects reloaded before import = 0
Number of asset objects unloaded after import = 2
========================================================================
Received Import Request.
  Time since last request: 0.000024 seconds.
  path: Assets/Junyoung/Sounds/Audios/Character/MaleEfforts/Man_Struggling_Loop_2.wav
  artifactKey: Guid(36cbc6948b46eec48a60f30e9424f45e) Importer(815301076,1909f56bfc062723c751e8b465ee728b)
Start importing Assets/Junyoung/Sounds/Audios/Character/MaleEfforts/Man_Struggling_Loop_2.wav using Guid(36cbc6948b46eec48a60f30e9424f45e) Importer(815301076,1909f56bfc062723c751e8b465ee728b)  -> (artifact id: '56943b3af97440028329ae10dca851fa') in 0.029496 seconds
Number of updated asset objects reloaded before import = 0
Number of asset objects unloaded after import = 2
========================================================================
Received Import Request.
  Time since last request: 13.365920 seconds.
  path: Assets/Junyoung/Sounds/Audios/Character/Surfaces/Impacts/Fall/Fall_Blood_2.wav
  artifactKey: Guid(f3674979aa298ae4b8d4cc4be61dff04) Importer(815301076,1909f56bfc062723c751e8b465ee728b)
Start importing Assets/Junyoung/Sounds/Audios/Character/Surfaces/Impacts/Fall/Fall_Blood_2.wav using Guid(f3674979aa298ae4b8d4cc4be61dff04) Importer(815301076,1909f56bfc062723c751e8b465ee728b)  -> (artifact id: '4691e6be61d52d3678a530032ead3ab5') in 0.020139 seconds
Number of updated asset objects reloaded before import = 0
Number of asset objects unloaded after import = 2
========================================================================
Received Import Request.
  Time since last request: 0.000023 seconds.
  path: Assets/Junyoung/Sounds/Audios/Character/Surfaces/Impacts/Fall/Fall_Bones_4.wav
  artifactKey: Guid(0fb99ee318a2d3543ae493c1b6de93c5) Importer(815301076,1909f56bfc062723c751e8b465ee728b)
Start importing Assets/Junyoung/Sounds/Audios/Character/Surfaces/Impacts/Fall/Fall_Bones_4.wav using Guid(0fb99ee318a2d3543ae493c1b6de93c5) Importer(815301076,1909f56bfc062723c751e8b465ee728b)  -> (artifact id: 'b3f6cb9129b8111ecf8440d25c099d7a') in 0.038564 seconds
Number of updated asset objects reloaded before import = 0
Number of asset objects unloaded after import = 2
========================================================================
Received Import Request.
  Time since last request: 8.264716 seconds.
  path: Assets/Junyoung/Sounds/Audios/Character/Surfaces/Impacts/Impact/Hand_METAL_2.wav
  artifactKey: Guid(9a59ce46dbd18fa4ca44c2999ef48f6f) Importer(815301076,1909f56bfc062723c751e8b465ee728b)
Start importing Assets/Junyoung/Sounds/Audios/Character/Surfaces/Impacts/Impact/Hand_METAL_2.wav using Guid(9a59ce46dbd18fa4ca44c2999ef48f6f) Importer(815301076,1909f56bfc062723c751e8b465ee728b)  -> (artifact id: '23dd0b501c8a9c9abc502149c2ed8339') in 0.012471 seconds
Number of updated asset objects reloaded before import = 0
Number of asset objects unloaded after import = 2
========================================================================
Received Import Request.
  Time since last request: 0.000020 seconds.
  path: Assets/Junyoung/Sounds/Audios/Character/Surfaces/Impacts/Impact/Impact_METAL_4.wav
  artifactKey: Guid(e7570c7af24189f41ae71773231feacb) Importer(815301076,1909f56bfc062723c751e8b465ee728b)
Start importing Assets/Junyoung/Sounds/Audios/Character/Surfaces/Impacts/Impact/Impact_METAL_4.wav using Guid(e7570c7af24189f41ae71773231feacb) Importer(815301076,1909f56bfc062723c751e8b465ee728b)  -> (artifact id: '8f936f953eb45a36fe5ff23654408a65') in 0.036714 seconds
Number of updated asset objects reloaded before import = 0
Number of asset objects unloaded after import = 2
========================================================================
Received Import Request.
  Time since last request: 0.000016 seconds.
  path: Assets/Junyoung/Sounds/Audios/Character/Surfaces/Impacts/Impact/Hand_ROCK_1.wav
  artifactKey: Guid(3f478bc351e1a0d439f0ed0727e5de1c) Importer(815301076,1909f56bfc062723c751e8b465ee728b)
Start importing Assets/Junyoung/Sounds/Audios/Character/Surfaces/Impacts/Impact/Hand_ROCK_1.wav using Guid(3f478bc351e1a0d439f0ed0727e5de1c) Importer(815301076,1909f56bfc062723c751e8b465ee728b)  -> (artifact id: '9aa4101561d8564614dfc05a7b05773c') in 0.016332 seconds
Number of updated asset objects reloaded before import = 0
Number of asset objects unloaded after import = 2
========================================================================
Received Import Request.
  Time since last request: 0.000015 seconds.
  path: Assets/Junyoung/Sounds/Audios/Character/Surfaces/Impacts/Impact/Hand_WOOD_4.wav
  artifactKey: Guid(98cde2667dc6b534daa0ea0166311279) Importer(815301076,1909f56bfc062723c751e8b465ee728b)
Start importing Assets/Junyoung/Sounds/Audios/Character/Surfaces/Impacts/Impact/Hand_WOOD_4.wav using Guid(98cde2667dc6b534daa0ea0166311279) Importer(815301076,1909f56bfc062723c751e8b465ee728b)  -> (artifact id: '3fc17cb75f184c3cf2c9b2fee015efd6') in 0.015459 seconds
Number of updated asset objects reloaded before import = 0
Number of asset objects unloaded after import = 2
========================================================================
Received Import Request.
  Time since last request: 0.000026 seconds.
  path: Assets/Junyoung/Sounds/Audios/Character/Surfaces/Impacts/Impact/Hand_WOOD_1.wav
  artifactKey: Guid(3dedf23bbef8d554f8d76d943c77cd5c) Importer(815301076,1909f56bfc062723c751e8b465ee728b)
Start importing Assets/Junyoung/Sounds/Audios/Character/Surfaces/Impacts/Impact/Hand_WOOD_1.wav using Guid(3dedf23bbef8d554f8d76d943c77cd5c) Importer(815301076,1909f56bfc062723c751e8b465ee728b)  -> (artifact id: 'fc51d059f528adb9d136d278b72b5940') in 0.014808 seconds
Number of updated asset objects reloaded before import = 0
Number of asset objects unloaded after import = 2
========================================================================
Received Import Request.
  Time since last request: 0.000027 seconds.
  path: Assets/Junyoung/Sounds/Audios/Character/Surfaces/Impacts/Impact/Impact_WOOD_2.wav
  artifactKey: Guid(4597d9dce13e6354fbb8ffbd3f609a30) Importer(815301076,1909f56bfc062723c751e8b465ee728b)
Start importing Assets/Junyoung/Sounds/Audios/Character/Surfaces/Impacts/Impact/Impact_WOOD_2.wav using Guid(4597d9dce13e6354fbb8ffbd3f609a30) Importer(815301076,1909f56bfc062723c751e8b465ee728b)  -> (artifact id: '3ac140acad18936dd795d435978b1682') in 0.015576 seconds
Number of updated asset objects reloaded before import = 0
Number of asset objects unloaded after import = 2
========================================================================
Received Import Request.
  Time since last request: 6.165063 seconds.
  path: Assets/Junyoung/Sounds/Audios/Character/Surfaces/Scrapes/Scrape_METAL_2.wav
  artifactKey: Guid(205efc8a609959e458221670560bd87a) Importer(815301076,1909f56bfc062723c751e8b465ee728b)
Start importing Assets/Junyoung/Sounds/Audios/Character/Surfaces/Scrapes/Scrape_METAL_2.wav using Guid(205efc8a609959e458221670560bd87a) Importer(815301076,1909f56bfc062723c751e8b465ee728b)  -> (artifact id: 'a08c11657d90641a019563041dd45d95') in 0.016584 seconds
Number of updated asset objects reloaded before import = 0
Number of asset objects unloaded after import = 2
========================================================================
Received Import Request.
  Time since last request: 0.000019 seconds.
  path: Assets/Junyoung/Sounds/Audios/Character/Surfaces/Scrapes/Scrape_WOOD_7.wav
  artifactKey: Guid(05584e2d62d609545939af2b4976db7c) Importer(815301076,1909f56bfc062723c751e8b465ee728b)
Start importing Assets/Junyoung/Sounds/Audios/Character/Surfaces/Scrapes/Scrape_WOOD_7.wav using Guid(05584e2d62d609545939af2b4976db7c) Importer(815301076,1909f56bfc062723c751e8b465ee728b)  -> (artifact id: '3f56b2b966cd3acdbe846a369f47eef0') in 0.030157 seconds
Number of updated asset objects reloaded before import = 0
Number of asset objects unloaded after import = 2
========================================================================
Received Import Request.
  Time since last request: 0.000023 seconds.
  path: Assets/Junyoung/Sounds/Audios/Character/Surfaces/Scrapes/Scrape_WOOD_2.wav
  artifactKey: Guid(210bf1a53dbe81544a7864e1200c3e7f) Importer(815301076,1909f56bfc062723c751e8b465ee728b)
Start importing Assets/Junyoung/Sounds/Audios/Character/Surfaces/Scrapes/Scrape_WOOD_2.wav using Guid(210bf1a53dbe81544a7864e1200c3e7f) Importer(815301076,1909f56bfc062723c751e8b465ee728b)  -> (artifact id: 'a8b3e4b4af06ef1c4e0fea68138fdc34') in 0.024147 seconds
Number of updated asset objects reloaded before import = 0
Number of asset objects unloaded after import = 2
========================================================================
Received Import Request.
  Time since last request: 0.000019 seconds.
  path: Assets/Junyoung/Sounds/Audios/Character/Surfaces/Scrapes/Scrape_ROCK_5.wav
  artifactKey: Guid(faf21544dd5c6414489c14fd16d85f2a) Importer(815301076,1909f56bfc062723c751e8b465ee728b)
Start importing Assets/Junyoung/Sounds/Audios/Character/Surfaces/Scrapes/Scrape_ROCK_5.wav using Guid(faf21544dd5c6414489c14fd16d85f2a) Importer(815301076,1909f56bfc062723c751e8b465ee728b)  -> (artifact id: '7e88748373f941db6f755f5beca5a747') in 0.039231 seconds
Number of updated asset objects reloaded before import = 0
Number of asset objects unloaded after import = 2
========================================================================
Received Import Request.
  Time since last request: 0.000019 seconds.
  path: Assets/Junyoung/Sounds/Audios/Character/Surfaces/Scrapes/Scrape_WOOD_5.wav
  artifactKey: Guid(795a26b27dcd7d345a884137be1b4baf) Importer(815301076,1909f56bfc062723c751e8b465ee728b)
Start importing Assets/Junyoung/Sounds/Audios/Character/Surfaces/Scrapes/Scrape_WOOD_5.wav using Guid(795a26b27dcd7d345a884137be1b4baf) Importer(815301076,1909f56bfc062723c751e8b465ee728b)  -> (artifact id: 'ebd2ca6218d7b81f849348211c6060e8') in 0.025541 seconds
Number of updated asset objects reloaded before import = 0
Number of asset objects unloaded after import = 2
========================================================================
Received Import Request.
  Time since last request: 4.771196 seconds.
  path: Assets/Junyoung/Sounds/Audios/Character/Surfaces/Scuff/Scuff_BLOOD_Leg_2.wav
  artifactKey: Guid(9c96e5c506bf39f43b1d04d020e33190) Importer(815301076,1909f56bfc062723c751e8b465ee728b)
Start importing Assets/Junyoung/Sounds/Audios/Character/Surfaces/Scuff/Scuff_BLOOD_Leg_2.wav using Guid(9c96e5c506bf39f43b1d04d020e33190) Importer(815301076,1909f56bfc062723c751e8b465ee728b)  -> (artifact id: 'fece70097ffe63e457d36fad812c61b0') in 0.017102 seconds
Number of updated asset objects reloaded before import = 0
Number of asset objects unloaded after import = 2
========================================================================
Received Import Request.
  Time since last request: 0.000019 seconds.
  path: Assets/Junyoung/Sounds/Audios/Character/Surfaces/Scuff/Scuff_BONES_Leg_4.wav
  artifactKey: Guid(5c4d8ac469977b043b6ab6e1800c8315) Importer(815301076,1909f56bfc062723c751e8b465ee728b)
Start importing Assets/Junyoung/Sounds/Audios/Character/Surfaces/Scuff/Scuff_BONES_Leg_4.wav using Guid(5c4d8ac469977b043b6ab6e1800c8315) Importer(815301076,1909f56bfc062723c751e8b465ee728b)  -> (artifact id: '24b557d9ab80875a44b7e27977dcdde9') in 0.022258 seconds
Number of updated asset objects reloaded before import = 0
Number of asset objects unloaded after import = 2
========================================================================
Received Import Request.
  Time since last request: 5.831632 seconds.
  path: Assets/Junyoung/Sounds/Audios/Character/Surfaces/Steps/Blood/Step_Blood_Run_Left_2.wav
  artifactKey: Guid(8de88c0bb1fddfb42a6801b2a2ae928a) Importer(815301076,1909f56bfc062723c751e8b465ee728b)
Start importing Assets/Junyoung/Sounds/Audios/Character/Surfaces/Steps/Blood/Step_Blood_Run_Left_2.wav using Guid(8de88c0bb1fddfb42a6801b2a2ae928a) Importer(815301076,1909f56bfc062723c751e8b465ee728b)  -> (artifact id: 'cf243bafd886439e36d7866a2b82cb3a') in 0.015568 seconds
Number of updated asset objects reloaded before import = 0
Number of asset objects unloaded after import = 2
========================================================================
Received Import Request.
  Time since last request: 0.000021 seconds.
  path: Assets/Junyoung/Sounds/Audios/Character/Surfaces/Steps/Blood/Step_Blood_Run_Right_3.wav
  artifactKey: Guid(27cf031d15e356e4f9295ea12a75b7fc) Importer(815301076,1909f56bfc062723c751e8b465ee728b)
Start importing Assets/Junyoung/Sounds/Audios/Character/Surfaces/Steps/Blood/Step_Blood_Run_Right_3.wav using Guid(27cf031d15e356e4f9295ea12a75b7fc) Importer(815301076,1909f56bfc062723c751e8b465ee728b)  -> (artifact id: 'a4c7e2dc47d51bd2c412689267963549') in 0.016643 seconds
Number of updated asset objects reloaded before import = 0
Number of asset objects unloaded after import = 2
========================================================================
Received Import Request.
  Time since last request: 0.000031 seconds.
  path: Assets/Junyoung/Sounds/Audios/Character/Surfaces/Steps/Blood/Step_Blood_Walk_Right_1.wav
  artifactKey: Guid(0d5aef88799e41e4fbaa75926a2859af) Importer(815301076,1909f56bfc062723c751e8b465ee728b)
Start importing Assets/Junyoung/Sounds/Audios/Character/Surfaces/Steps/Blood/Step_Blood_Walk_Right_1.wav using Guid(0d5aef88799e41e4fbaa75926a2859af) Importer(815301076,1909f56bfc062723c751e8b465ee728b)  -> (artifact id: '1fb1414f4f3373e8158a28010887f755') in 0.022639 seconds
Number of updated asset objects reloaded before import = 0
Number of asset objects unloaded after import = 2
========================================================================
Received Import Request.
  Time since last request: 0.000020 seconds.
  path: Assets/Junyoung/Sounds/Audios/Character/Surfaces/Steps/Blood/Step_Blood_Walk_Left_3.wav
  artifactKey: Guid(4a944cf81508ca44d9241d38855bb862) Importer(815301076,1909f56bfc062723c751e8b465ee728b)
Start importing Assets/Junyoung/Sounds/Audios/Character/Surfaces/Steps/Blood/Step_Blood_Walk_Left_3.wav using Guid(4a944cf81508ca44d9241d38855bb862) Importer(815301076,1909f56bfc062723c751e8b465ee728b)  -> (artifact id: 'fc1272d11bb344f59f525bc3655a44b8') in 0.028795 seconds
Number of updated asset objects reloaded before import = 0
Number of asset objects unloaded after import = 2
========================================================================
Received Import Request.
  Time since last request: 0.000029 seconds.
  path: Assets/Junyoung/Sounds/Audios/Character/Surfaces/Steps/Blood/Step_Blood_Walk_Left_1.wav
  artifactKey: Guid(9b9bd9d06a5bab94db86922b2fccda2a) Importer(815301076,1909f56bfc062723c751e8b465ee728b)
Start importing Assets/Junyoung/Sounds/Audios/Character/Surfaces/Steps/Blood/Step_Blood_Walk_Left_1.wav using Guid(9b9bd9d06a5bab94db86922b2fccda2a) Importer(815301076,1909f56bfc062723c751e8b465ee728b)  -> (artifact id: 'cdc9eb7ef4de36182bb1c9d2ab88ab19') in 0.029816 seconds
Number of updated asset objects reloaded before import = 0
Number of asset objects unloaded after import = 2
========================================================================
Received Import Request.
  Time since last request: 8.876660 seconds.
  path: Assets/Junyoung/Sounds/Audios/Character/Surfaces/Steps/Bones/Step_Bones_Run_Left_2.wav
  artifactKey: Guid(9189502429667f34ea7da07c71e5c866) Importer(815301076,1909f56bfc062723c751e8b465ee728b)
Start importing Assets/Junyoung/Sounds/Audios/Character/Surfaces/Steps/Bones/Step_Bones_Run_Left_2.wav using Guid(9189502429667f34ea7da07c71e5c866) Importer(815301076,1909f56bfc062723c751e8b465ee728b)  -> (artifact id: '83f33cf7cbd681cf2c32e77cfa8922f5') in 0.018500 seconds
Number of updated asset objects reloaded before import = 0
Number of asset objects unloaded after import = 2
========================================================================
Received Import Request.
  Time since last request: 0.000021 seconds.
  path: Assets/Junyoung/Sounds/Audios/Character/Surfaces/Steps/Bones/Step_Bones_Walk_Right_4.wav
  artifactKey: Guid(a5ce48473def82e429c8e6618d95ec0c) Importer(815301076,1909f56bfc062723c751e8b465ee728b)
Start importing Assets/Junyoung/Sounds/Audios/Character/Surfaces/Steps/Bones/Step_Bones_Walk_Right_4.wav using Guid(a5ce48473def82e429c8e6618d95ec0c) Importer(815301076,1909f56bfc062723c751e8b465ee728b)  -> (artifact id: '73d2773eac22527a617714391a4df9f6') in 0.027049 seconds
Number of updated asset objects reloaded before import = 0
Number of asset objects unloaded after import = 2
========================================================================
Received Import Request.
  Time since last request: 0.000016 seconds.
  path: Assets/Junyoung/Sounds/Audios/Character/Surfaces/Steps/Bones/Step_Bones_Walk_Right_2.wav
  artifactKey: Guid(a08c811be5ce4dc44971cc7879592111) Importer(815301076,1909f56bfc062723c751e8b465ee728b)
Start importing Assets/Junyoung/Sounds/Audios/Character/Surfaces/Steps/Bones/Step_Bones_Walk_Right_2.wav using Guid(a08c811be5ce4dc44971cc7879592111) Importer(815301076,1909f56bfc062723c751e8b465ee728b)  -> (artifact id: '6a171abe791eee74dc15467e99586a08') in 0.018103 seconds
Number of updated asset objects reloaded before import = 0
Number of asset objects unloaded after import = 2
========================================================================
Received Import Request.
  Time since last request: 0.000018 seconds.
  path: Assets/Junyoung/Sounds/Audios/Character/Surfaces/Steps/Bones/Step_Bones_Walk_Left_4.wav
  artifactKey: Guid(fd5c835c9278fba4fb3afa78f0eddab7) Importer(815301076,1909f56bfc062723c751e8b465ee728b)
Start importing Assets/Junyoung/Sounds/Audios/Character/Surfaces/Steps/Bones/Step_Bones_Walk_Left_4.wav using Guid(fd5c835c9278fba4fb3afa78f0eddab7) Importer(815301076,1909f56bfc062723c751e8b465ee728b)  -> (artifact id: '6ac0081b1d1b049757cbce458f6c0f08') in 0.019859 seconds
Number of updated asset objects reloaded before import = 0
Number of asset objects unloaded after import = 2
========================================================================
Received Import Request.
  Time since last request: 0.000018 seconds.
  path: Assets/Junyoung/Sounds/Audios/Character/Surfaces/Steps/Bones/Step_Bones_Walk_Right_1.wav
  artifactKey: Guid(696dd28328f776b4ebf814b9ccfed45c) Importer(815301076,1909f56bfc062723c751e8b465ee728b)
Start importing Assets/Junyoung/Sounds/Audios/Character/Surfaces/Steps/Bones/Step_Bones_Walk_Right_1.wav using Guid(696dd28328f776b4ebf814b9ccfed45c) Importer(815301076,1909f56bfc062723c751e8b465ee728b)  -> (artifact id: 'd592fe787f450508fc85312e32c3a53f') in 0.016488 seconds
Number of updated asset objects reloaded before import = 0
Number of asset objects unloaded after import = 2
========================================================================
Received Import Request.
  Time since last request: 0.000018 seconds.
  path: Assets/Junyoung/Sounds/Audios/Character/Surfaces/Steps/Bones/Step_Bones_Walk_Left_2.wav
  artifactKey: Guid(65bb72810ac415a4793aefd92a5a91cd) Importer(815301076,1909f56bfc062723c751e8b465ee728b)
Start importing Assets/Junyoung/Sounds/Audios/Character/Surfaces/Steps/Bones/Step_Bones_Walk_Left_2.wav using Guid(65bb72810ac415a4793aefd92a5a91cd) Importer(815301076,1909f56bfc062723c751e8b465ee728b)  -> (artifact id: '6b1f286bb4881aaf2ef99edba76546db') in 0.023283 seconds
Number of updated asset objects reloaded before import = 0
Number of asset objects unloaded after import = 2
========================================================================
Received Import Request.
  Time since last request: 15.108414 seconds.
  path: Assets/Junyoung/Sounds/Audios/Character/Surfaces/Steps/RustyWood(Bridge)/Step_Bridge_Run_Left_2.wav
  artifactKey: Guid(8f3576b1b6e5491429be80bad312bf92) Importer(815301076,1909f56bfc062723c751e8b465ee728b)
Start importing Assets/Junyoung/Sounds/Audios/Character/Surfaces/Steps/RustyWood(Bridge)/Step_Bridge_Run_Left_2.wav using Guid(8f3576b1b6e5491429be80bad312bf92) Importer(815301076,1909f56bfc062723c751e8b465ee728b)  -> (artifact id: 'fc3e7741980ac7f75acda5d276558ec9') in 0.012708 seconds
Number of updated asset objects reloaded before import = 0
Number of asset objects unloaded after import = 2
========================================================================
Received Import Request.
  Time since last request: 0.000012 seconds.
  path: Assets/Junyoung/Sounds/Audios/Character/Surfaces/Steps/RustyWood(Bridge)/Step_Bridge_Trot_Left_2.wav
  artifactKey: Guid(576752231b91ff444bea62ed13d04507) Importer(815301076,1909f56bfc062723c751e8b465ee728b)
Start importing Assets/Junyoung/Sounds/Audios/Character/Surfaces/Steps/RustyWood(Bridge)/Step_Bridge_Trot_Left_2.wav using Guid(576752231b91ff444bea62ed13d04507) Importer(815301076,1909f56bfc062723c751e8b465ee728b)  -> (artifact id: '77c8763311a78e2d75816bcc9a9f54c1') in 0.065883 seconds
Number of updated asset objects reloaded before import = 0
Number of asset objects unloaded after import = 2
========================================================================
Received Import Request.
  Time since last request: 0.000022 seconds.
  path: Assets/Junyoung/Sounds/Audios/Character/Surfaces/Steps/RustyWood(Bridge)/Step_Bridge_Trot_Right_3.wav
  artifactKey: Guid(d9cc65b92095cd34ab30c2542999ed35) Importer(815301076,1909f56bfc062723c751e8b465ee728b)
Start importing Assets/Junyoung/Sounds/Audios/Character/Surfaces/Steps/RustyWood(Bridge)/Step_Bridge_Trot_Right_3.wav using Guid(d9cc65b92095cd34ab30c2542999ed35) Importer(815301076,1909f56bfc062723c751e8b465ee728b)  -> (artifact id: '854735fd22f5b5dda9a276cdf0aa73b2') in 0.021903 seconds
Number of updated asset objects reloaded before import = 0
Number of asset objects unloaded after import = 2
========================================================================
Received Import Request.
  Time since last request: 0.000041 seconds.
  path: Assets/Junyoung/Sounds/Audios/Character/Surfaces/Steps/RustyWood(Bridge)/Step_Bridge_Trot_Left_1.wav
  artifactKey: Guid(1053fc04b3628634d992daf18bd6bc2a) Importer(815301076,1909f56bfc062723c751e8b465ee728b)
Start importing Assets/Junyoung/Sounds/Audios/Character/Surfaces/Steps/RustyWood(Bridge)/Step_Bridge_Trot_Left_1.wav using Guid(1053fc04b3628634d992daf18bd6bc2a) Importer(815301076,1909f56bfc062723c751e8b465ee728b)  -> (artifact id: 'e6b9b55038db722b18386d2f42486cda') in 0.024479 seconds
Number of updated asset objects reloaded before import = 0
Number of asset objects unloaded after import = 2
========================================================================
Received Import Request.
  Time since last request: 0.000039 seconds.
  path: Assets/Junyoung/Sounds/Audios/Character/Surfaces/Steps/RustyWood(Bridge)/Step_Bridge_Run_Right_2.wav
  artifactKey: Guid(99284878bdd66d34793618366013d1b1) Importer(815301076,1909f56bfc062723c751e8b465ee728b)
Start importing Assets/Junyoung/Sounds/Audios/Character/Surfaces/Steps/RustyWood(Bridge)/Step_Bridge_Run_Right_2.wav using Guid(99284878bdd66d34793618366013d1b1) Importer(815301076,1909f56bfc062723c751e8b465ee728b)  -> (artifact id: '4a33097e9629f31c5ac1dce7e3d82124') in 0.026430 seconds
Number of updated asset objects reloaded before import = 0
Number of asset objects unloaded after import = 2
========================================================================
Received Import Request.
  Time since last request: 45.715018 seconds.
  path: Assets/Junyoung/Sounds/Audios/Menu/Menu_Buttons_2.wav
  artifactKey: Guid(e031453d1b02d8a4abc65b53dc3b4745) Importer(815301076,1909f56bfc062723c751e8b465ee728b)
Start importing Assets/Junyoung/Sounds/Audios/Menu/Menu_Buttons_2.wav using Guid(e031453d1b02d8a4abc65b53dc3b4745) Importer(815301076,1909f56bfc062723c751e8b465ee728b)  -> (artifact id: '690ffb680902d707423cd09022871f78') in 0.018694 seconds
Number of updated asset objects reloaded before import = 0
Number of asset objects unloaded after import = 2
========================================================================
Received Import Request.
  Time since last request: 0.000023 seconds.
  path: Assets/Junyoung/Sounds/Audios/Menu/Menu_Buttons_6.wav
  artifactKey: Guid(04208b07509d38e49b091082181f8776) Importer(815301076,1909f56bfc062723c751e8b465ee728b)
Start importing Assets/Junyoung/Sounds/Audios/Menu/Menu_Buttons_6.wav using Guid(04208b07509d38e49b091082181f8776) Importer(815301076,1909f56bfc062723c751e8b465ee728b)  -> (artifact id: 'a4aa789ac2109bfc67ff66c2a75e648d') in 0.025641 seconds
Number of updated asset objects reloaded before import = 0
Number of asset objects unloaded after import = 2
========================================================================
Received Import Request.
  Time since last request: 3.039941 seconds.
  path: Assets/Junyoung/Sounds/Audios/Enemies/Monster/Steps/Monster_Steps_2.wav
  artifactKey: Guid(9e60c55d4f0c1144f9f4f6a2ff0e553f) Importer(815301076,1909f56bfc062723c751e8b465ee728b)
Start importing Assets/Junyoung/Sounds/Audios/Enemies/Monster/Steps/Monster_Steps_2.wav using Guid(9e60c55d4f0c1144f9f4f6a2ff0e553f) Importer(815301076,1909f56bfc062723c751e8b465ee728b)  -> (artifact id: 'dabce712ddad932416c8aa5706b0684a') in 0.014073 seconds
Number of updated asset objects reloaded before import = 0
Number of asset objects unloaded after import = 2
========================================================================
Received Import Request.
  Time since last request: 4.581589 seconds.
  path: Assets/Junyoung/Sounds/Audios/Enemies/Monster/Voice/Monster_Attack_2.wav
  artifactKey: Guid(5baae348c208db045b31f67612356b68) Importer(815301076,1909f56bfc062723c751e8b465ee728b)
Start importing Assets/Junyoung/Sounds/Audios/Enemies/Monster/Voice/Monster_Attack_2.wav using Guid(5baae348c208db045b31f67612356b68) Importer(815301076,1909f56bfc062723c751e8b465ee728b)  -> (artifact id: 'f26e7da7d8fe36c45a9e4924027c08d4') in 0.015747 seconds
Number of updated asset objects reloaded before import = 0
Number of asset objects unloaded after import = 2
========================================================================
Received Import Request.
  Time since last request: 0.000017 seconds.
  path: Assets/Junyoung/Sounds/Audios/Enemies/Monster/Voice/Monster_Efforts_2.wav
  artifactKey: Guid(a27b31a2d5fc42349a78ef8a50da0654) Importer(815301076,1909f56bfc062723c751e8b465ee728b)
Start importing Assets/Junyoung/Sounds/Audios/Enemies/Monster/Voice/Monster_Efforts_2.wav using Guid(a27b31a2d5fc42349a78ef8a50da0654) Importer(815301076,1909f56bfc062723c751e8b465ee728b)  -> (artifact id: 'd59908162c1a4663eb20549a91bb097b') in 0.026656 seconds
Number of updated asset objects reloaded before import = 0
Number of asset objects unloaded after import = 2
========================================================================
Received Import Request.
  Time since last request: 0.000017 seconds.
  path: Assets/Junyoung/Sounds/Audios/Enemies/Monster/Voice/Monster_Efforts_1.wav
  artifactKey: Guid(9a5dad98a3455f840870037ff023cc5e) Importer(815301076,1909f56bfc062723c751e8b465ee728b)
Start importing Assets/Junyoung/Sounds/Audios/Enemies/Monster/Voice/Monster_Efforts_1.wav using Guid(9a5dad98a3455f840870037ff023cc5e) Importer(815301076,1909f56bfc062723c751e8b465ee728b)  -> (artifact id: '71e2cdc843c0eba25a7d98eb8b554704') in 0.027306 seconds
Number of updated asset objects reloaded before import = 0
Number of asset objects unloaded after import = 2
========================================================================
Received Import Request.
  Time since last request: 7.609690 seconds.
  path: Assets/Junyoung/Sounds/Audios/Enemies/Zombie/Steps/Zombie_Steps_02.wav
  artifactKey: Guid(3eb45fd36cac54a438b3bdb688ceb1af) Importer(815301076,1909f56bfc062723c751e8b465ee728b)
Start importing Assets/Junyoung/Sounds/Audios/Enemies/Zombie/Steps/Zombie_Steps_02.wav using Guid(3eb45fd36cac54a438b3bdb688ceb1af) Importer(815301076,1909f56bfc062723c751e8b465ee728b)  -> (artifact id: 'a95953dd1fc58dd0b46b168eb40bf922') in 0.012363 seconds
Number of updated asset objects reloaded before import = 0
Number of asset objects unloaded after import = 2
========================================================================
Received Import Request.
  Time since last request: 0.000022 seconds.
  path: Assets/Junyoung/Sounds/Audios/Enemies/Zombie/Steps/Zombie_Steps_07.wav
  artifactKey: Guid(9e7500087790d8349a38d5626e9d30d8) Importer(815301076,1909f56bfc062723c751e8b465ee728b)
Start importing Assets/Junyoung/Sounds/Audios/Enemies/Zombie/Steps/Zombie_Steps_07.wav using Guid(9e7500087790d8349a38d5626e9d30d8) Importer(815301076,1909f56bfc062723c751e8b465ee728b)  -> (artifact id: '2d7fba4bab5d68198c2b127449aa2451') in 0.025379 seconds
Number of updated asset objects reloaded before import = 0
Number of asset objects unloaded after import = 2
========================================================================
Received Import Request.
  Time since last request: 7.611872 seconds.
  path: Assets/Junyoung/Sounds/Audios/Enemies/Zombie/Voice/Zombie_Attack_2.wav
  artifactKey: Guid(739a961e61220ba42870a8c1018c4e7c) Importer(815301076,1909f56bfc062723c751e8b465ee728b)
Start importing Assets/Junyoung/Sounds/Audios/Enemies/Zombie/Voice/Zombie_Attack_2.wav using Guid(739a961e61220ba42870a8c1018c4e7c) Importer(815301076,1909f56bfc062723c751e8b465ee728b)  -> (artifact id: 'e793d0fb6a664c41270e4a73b23fc1db') in 0.014490 seconds
Number of updated asset objects reloaded before import = 0
Number of asset objects unloaded after import = 2
========================================================================
Received Import Request.
  Time since last request: 0.000018 seconds.
  path: Assets/Junyoung/Sounds/Audios/Enemies/Zombie/Voice/Zombie_Detected_2.wav
  artifactKey: Guid(f28c8ac43b9ee8246a684254de5dcec1) Importer(815301076,1909f56bfc062723c751e8b465ee728b)
Start importing Assets/Junyoung/Sounds/Audios/Enemies/Zombie/Voice/Zombie_Detected_2.wav using Guid(f28c8ac43b9ee8246a684254de5dcec1) Importer(815301076,1909f56bfc062723c751e8b465ee728b)  -> (artifact id: '977bad6889634ed750d60a50a00ddafa') in 0.019156 seconds
Number of updated asset objects reloaded before import = 0
Number of asset objects unloaded after import = 2
========================================================================
Received Import Request.
  Time since last request: 0.000024 seconds.
  path: Assets/Junyoung/Sounds/Audios/Enemies/Zombie/Voice/Zombie_Normal_Ver3_4.wav
  artifactKey: Guid(062bb768a4f37cb44a64d3306b695314) Importer(815301076,1909f56bfc062723c751e8b465ee728b)
Start importing Assets/Junyoung/Sounds/Audios/Enemies/Zombie/Voice/Zombie_Normal_Ver3_4.wav using Guid(062bb768a4f37cb44a64d3306b695314) Importer(815301076,1909f56bfc062723c751e8b465ee728b)  -> (artifact id: '48b1ced2bde719a50e1748e91258183b') in 0.020340 seconds
Number of updated asset objects reloaded before import = 0
Number of asset objects unloaded after import = 2
========================================================================
Received Import Request.
  Time since last request: 0.000022 seconds.
  path: Assets/Junyoung/Sounds/Audios/Enemies/Zombie/Voice/Zombie_Normal_Ver2_1.wav
  artifactKey: Guid(8a1daf6a9612ddd4fbbddc52f9e78196) Importer(815301076,1909f56bfc062723c751e8b465ee728b)
Start importing Assets/Junyoung/Sounds/Audios/Enemies/Zombie/Voice/Zombie_Normal_Ver2_1.wav using Guid(8a1daf6a9612ddd4fbbddc52f9e78196) Importer(815301076,1909f56bfc062723c751e8b465ee728b)  -> (artifact id: 'd9b6308db9309934c298a3e8e787a1d8') in 0.017430 seconds
Number of updated asset objects reloaded before import = 0
Number of asset objects unloaded after import = 2
========================================================================
Received Import Request.
  Time since last request: 0.000031 seconds.
  path: Assets/Junyoung/Sounds/Audios/Enemies/Zombie/Voice/ZombieGruntVer3_5.wav
  artifactKey: Guid(87190d54169c8ed4eabaca2889118115) Importer(815301076,1909f56bfc062723c751e8b465ee728b)
Start importing Assets/Junyoung/Sounds/Audios/Enemies/Zombie/Voice/ZombieGruntVer3_5.wav using Guid(87190d54169c8ed4eabaca2889118115) Importer(815301076,1909f56bfc062723c751e8b465ee728b)  -> (artifact id: 'a3ac6c1e47d27c6e4337691a04c6a9a2') in 0.031047 seconds
Number of updated asset objects reloaded before import = 0
Number of asset objects unloaded after import = 2
========================================================================
Received Import Request.
  Time since last request: 0.000018 seconds.
  path: Assets/Junyoung/Sounds/Audios/Enemies/Zombie/Voice/ZombieAttack_Ver2_7.wav
  artifactKey: Guid(cde270cff5854d942a93d4d229ae6657) Importer(815301076,1909f56bfc062723c751e8b465ee728b)
Start importing Assets/Junyoung/Sounds/Audios/Enemies/Zombie/Voice/ZombieAttack_Ver2_7.wav using Guid(cde270cff5854d942a93d4d229ae6657) Importer(815301076,1909f56bfc062723c751e8b465ee728b)  -> (artifact id: 'fb00b727858bae59ca7e6abeb7376bc5') in 0.027360 seconds
Number of updated asset objects reloaded before import = 0
Number of asset objects unloaded after import = 2
========================================================================
Received Import Request.
  Time since last request: 0.000024 seconds.
  path: Assets/Junyoung/Sounds/Audios/Enemies/Zombie/Voice/ZombieGruntVer3_3.wav
  artifactKey: Guid(34377ff2be2b3ef4abdd801184ce2b3a) Importer(815301076,1909f56bfc062723c751e8b465ee728b)
Start importing Assets/Junyoung/Sounds/Audios/Enemies/Zombie/Voice/ZombieGruntVer3_3.wav using Guid(34377ff2be2b3ef4abdd801184ce2b3a) Importer(815301076,1909f56bfc062723c751e8b465ee728b)  -> (artifact id: '6be39280a70c6f3cdb9a62ee6c78a7fc') in 0.020095 seconds
Number of updated asset objects reloaded before import = 0
Number of asset objects unloaded after import = 2
========================================================================
Received Import Request.
  Time since last request: 0.000017 seconds.
  path: Assets/Junyoung/Sounds/Audios/Enemies/Zombie/Voice/Zombie_Normal_Ver2_3.wav
  artifactKey: Guid(164f3a945c2888648a5b3b8de23cd2cb) Importer(815301076,1909f56bfc062723c751e8b465ee728b)
Start importing Assets/Junyoung/Sounds/Audios/Enemies/Zombie/Voice/Zombie_Normal_Ver2_3.wav using Guid(164f3a945c2888648a5b3b8de23cd2cb) Importer(815301076,1909f56bfc062723c751e8b465ee728b)  -> (artifact id: '205faa7e4bc43185c65462fc594247c1') in 0.016667 seconds
Number of updated asset objects reloaded before import = 0
Number of asset objects unloaded after import = 2
========================================================================
Received Import Request.
  Time since last request: 0.000016 seconds.
  path: Assets/Junyoung/Sounds/Audios/Enemies/Zombie/Voice/Zombie_Infestation.wav
  artifactKey: Guid(56b695dc5b743ef46bdfdf75c3f34263) Importer(815301076,1909f56bfc062723c751e8b465ee728b)
Start importing Assets/Junyoung/Sounds/Audios/Enemies/Zombie/Voice/Zombie_Infestation.wav using Guid(56b695dc5b743ef46bdfdf75c3f34263) Importer(815301076,1909f56bfc062723c751e8b465ee728b)  -> (artifact id: 'd8e9b90876fcd056c9959bb7f4fec3a7') in 0.290662 seconds
Number of updated asset objects reloaded before import = 0
Number of asset objects unloaded after import = 2
========================================================================
Received Import Request.
  Time since last request: 0.000040 seconds.
  path: Assets/Junyoung/Sounds/Audios/Enemies/Zombie/Voice/ZombieTalk_1.wav
  artifactKey: Guid(77c5cc64c774c224492dbafe9e1685f6) Importer(815301076,1909f56bfc062723c751e8b465ee728b)
Start importing Assets/Junyoung/Sounds/Audios/Enemies/Zombie/Voice/ZombieTalk_1.wav using Guid(77c5cc64c774c224492dbafe9e1685f6) Importer(815301076,1909f56bfc062723c751e8b465ee728b)  -> (artifact id: '9648d30b3ba0cbcf061c3f11b9b7b7d6') in 0.028063 seconds
Number of updated asset objects reloaded before import = 0
Number of asset objects unloaded after import = 2
========================================================================
Received Import Request.
  Time since last request: 0.000031 seconds.
  path: Assets/Junyoung/Sounds/Audios/Enemies/Zombie/Voice/ZombieScrem_2.wav
  artifactKey: Guid(8538498a49986284fb06efdbba310c16) Importer(815301076,1909f56bfc062723c751e8b465ee728b)
Start importing Assets/Junyoung/Sounds/Audios/Enemies/Zombie/Voice/ZombieScrem_2.wav using Guid(8538498a49986284fb06efdbba310c16) Importer(815301076,1909f56bfc062723c751e8b465ee728b)  -> (artifact id: 'a902717b6d989e7474cd12a50cfc00a8') in 0.021105 seconds
Number of updated asset objects reloaded before import = 0
Number of asset objects unloaded after import = 2
========================================================================
Received Import Request.
  Time since last request: 5.078478 seconds.
  path: Assets/Junyoung/Sounds/Audios/Enemies/Zombie/Voice/ZombieTalk_8.wav
  artifactKey: Guid(c82a06a5b2bdfc941bedd820b4cbb6cc) Importer(815301076,1909f56bfc062723c751e8b465ee728b)
Start importing Assets/Junyoung/Sounds/Audios/Enemies/Zombie/Voice/ZombieTalk_8.wav using Guid(c82a06a5b2bdfc941bedd820b4cbb6cc) Importer(815301076,1909f56bfc062723c751e8b465ee728b)  -> (artifact id: 'a022ed54d8ccdd56ea03a67eb8637a48') in 0.027775 seconds
Number of updated asset objects reloaded before import = 0
Number of asset objects unloaded after import = 2
========================================================================
Received Import Request.
  Time since last request: 10.533032 seconds.
  path: Assets/Junyoung/Sounds/Audios/MX/Ambience/CoF15.wav
  artifactKey: Guid(23b9010e7c1bbf04eb643132f8095d4a) Importer(815301076,1909f56bfc062723c751e8b465ee728b)
Start importing Assets/Junyoung/Sounds/Audios/MX/Ambience/CoF15.wav using Guid(23b9010e7c1bbf04eb643132f8095d4a) Importer(815301076,1909f56bfc062723c751e8b465ee728b)  -> (artifact id: '0bce30776f25a3152250f8f62dfd65e5') in 0.083420 seconds
Number of updated asset objects reloaded before import = 0
Number of asset objects unloaded after import = 2
========================================================================
Received Import Request.
  Time since last request: 3.190546 seconds.
  path: Assets/Junyoung/Sounds/Audios/MX/BossFight/Horror Boss Fight - (Loop part A).wav
  artifactKey: Guid(d1e0529cd198942498a2d67a6d64295e) Importer(815301076,1909f56bfc062723c751e8b465ee728b)
Start importing Assets/Junyoung/Sounds/Audios/MX/BossFight/Horror Boss Fight - (Loop part A).wav using Guid(d1e0529cd198942498a2d67a6d64295e) Importer(815301076,1909f56bfc062723c751e8b465ee728b)  -> (artifact id: 'ef5c6a601d82cf2cc01931e9c531a861') in 0.154208 seconds
Number of updated asset objects reloaded before import = 0
Number of asset objects unloaded after import = 2
========================================================================
Received Import Request.
  Time since last request: 0.000028 seconds.
  path: Assets/Junyoung/Sounds/Audios/MX/BossFight/Horror Boss Fight - Perc Part B (Stem).wav
  artifactKey: Guid(3e5e26e0272d45c43b5153684ef3f816) Importer(815301076,1909f56bfc062723c751e8b465ee728b)
Start importing Assets/Junyoung/Sounds/Audios/MX/BossFight/Horror Boss Fight - Perc Part B (Stem).wav using Guid(3e5e26e0272d45c43b5153684ef3f816) Importer(815301076,1909f56bfc062723c751e8b465ee728b)  -> (artifact id: '20a766ddd6927d2c607406b3a4d0c157') in 0.028182 seconds
Number of updated asset objects reloaded before import = 0
Number of asset objects unloaded after import = 2
========================================================================
Received Import Request.
  Time since last request: 0.000046 seconds.
  path: Assets/Junyoung/Sounds/Audios/MX/BossFight/Horror Boss Fight - Loop (shorter).wav
  artifactKey: Guid(e56e6acb1cbb89549a7dcad8352ecaed) Importer(815301076,1909f56bfc062723c751e8b465ee728b)
Start importing Assets/Junyoung/Sounds/Audios/MX/BossFight/Horror Boss Fight - Loop (shorter).wav using Guid(e56e6acb1cbb89549a7dcad8352ecaed) Importer(815301076,1909f56bfc062723c751e8b465ee728b)  -> (artifact id: 'b46c8e6daa7df38fe64a0b454dfa6455') in 0.152224 seconds
Number of updated asset objects reloaded before import = 0
Number of asset objects unloaded after import = 2
========================================================================
Received Import Request.
  Time since last request: 0.000018 seconds.
  path: Assets/Junyoung/Sounds/Audios/MX/BossFight/Horror Boss Fight - Loop Part B (No Perc).wav
  artifactKey: Guid(7201488a36d2b2842a2767e83ef26e8d) Importer(815301076,1909f56bfc062723c751e8b465ee728b)
Start importing Assets/Junyoung/Sounds/Audios/MX/BossFight/Horror Boss Fight - Loop Part B (No Perc).wav using Guid(7201488a36d2b2842a2767e83ef26e8d) Importer(815301076,1909f56bfc062723c751e8b465ee728b)  -> (artifact id: '2cfca23fbce06109f8d54cbd4fc63886') in 0.084102 seconds
Number of updated asset objects reloaded before import = 0
Number of asset objects unloaded after import = 2
========================================================================
Received Import Request.
  Time since last request: 0.000017 seconds.
  path: Assets/Junyoung/Sounds/Audios/MX/BossFight/Horror Boss Fight - Stinger (Negative Part B).wav
  artifactKey: Guid(2597ec7b958f73e49a7481f21b750147) Importer(815301076,1909f56bfc062723c751e8b465ee728b)
Start importing Assets/Junyoung/Sounds/Audios/MX/BossFight/Horror Boss Fight - Stinger (Negative Part B).wav using Guid(2597ec7b958f73e49a7481f21b750147) Importer(815301076,1909f56bfc062723c751e8b465ee728b)  -> (artifact id: '2b72006d06461b01a4da0646a1dd4ef2') in 0.036116 seconds
Number of updated asset objects reloaded before import = 0
Number of asset objects unloaded after import = 2
========================================================================
Received Import Request.
  Time since last request: 0.000040 seconds.
  path: Assets/Junyoung/Sounds/Audios/MX/BossFight/Horror Boss Fight - Perc Part A (Stem).wav
  artifactKey: Guid(cb6ed0deefd003440a31be4d685d975b) Importer(815301076,1909f56bfc062723c751e8b465ee728b)
Start importing Assets/Junyoung/Sounds/Audios/MX/BossFight/Horror Boss Fight - Perc Part A (Stem).wav using Guid(cb6ed0deefd003440a31be4d685d975b) Importer(815301076,1909f56bfc062723c751e8b465ee728b)  -> (artifact id: '1ecf42f6d9286ff24a06c9ff9243832a') in 0.031947 seconds
Number of updated asset objects reloaded before import = 0
Number of asset objects unloaded after import = 2
========================================================================
Received Import Request.
  Time since last request: 0.000057 seconds.
  path: Assets/Junyoung/Sounds/Audios/MX/BossFight/Horror Boss Fight - Loop Part B (Just guitar).wav
  artifactKey: Guid(57ccd3ee75bd5644f8749108c3a0a5d5) Importer(815301076,1909f56bfc062723c751e8b465ee728b)
Start importing Assets/Junyoung/Sounds/Audios/MX/BossFight/Horror Boss Fight - Loop Part B (Just guitar).wav using Guid(57ccd3ee75bd5644f8749108c3a0a5d5) Importer(815301076,1909f56bfc062723c751e8b465ee728b)  -> (artifact id: 'a608176753f1e91962888a20e557f0a1') in 0.085435 seconds
Number of updated asset objects reloaded before import = 0
Number of asset objects unloaded after import = 2
========================================================================
Received Import Request.
  Time since last request: 10.007104 seconds.
  path: Assets/Junyoung/Sounds/Audios/MX/MusicBox/MusicBox_Simple_2.wav
  artifactKey: Guid(4873dd29be1757d43a44eca9caf619ed) Importer(815301076,1909f56bfc062723c751e8b465ee728b)
Start importing Assets/Junyoung/Sounds/Audios/MX/MusicBox/MusicBox_Simple_2.wav using Guid(4873dd29be1757d43a44eca9caf619ed) Importer(815301076,1909f56bfc062723c751e8b465ee728b)  -> (artifact id: '6191014ec15fef71693a134dd58d862f') in 0.040644 seconds
Number of updated asset objects reloaded before import = 0
Number of asset objects unloaded after import = 2
========================================================================
Received Import Request.
  Time since last request: 6.959383 seconds.
  path: Assets/Junyoung/Sounds/Audios/MX/ScaryPuzzle/TerroMXBox1Min.wav
  artifactKey: Guid(b11f36c04c5887344ab0f577032e3113) Importer(815301076,1909f56bfc062723c751e8b465ee728b)
Start importing Assets/Junyoung/Sounds/Audios/MX/ScaryPuzzle/TerroMXBox1Min.wav using Guid(b11f36c04c5887344ab0f577032e3113) Importer(815301076,1909f56bfc062723c751e8b465ee728b)  -> (artifact id: '0522331e8391b9cccd3a00d2c5894b16') in 0.275550 seconds
Number of updated asset objects reloaded before import = 0
Number of asset objects unloaded after import = 2
========================================================================
Received Import Request.
  Time since last request: 0.000023 seconds.
  path: Assets/Junyoung/Sounds/Audios/MX/ScaryPuzzle/Terror Box - Scary Music Box (Loop B no perc).wav
  artifactKey: Guid(3ef1bd3bff6f5a041b06a7be558be8d6) Importer(815301076,1909f56bfc062723c751e8b465ee728b)
Start importing Assets/Junyoung/Sounds/Audios/MX/ScaryPuzzle/Terror Box - Scary Music Box (Loop B no perc).wav using Guid(3ef1bd3bff6f5a041b06a7be558be8d6) Importer(815301076,1909f56bfc062723c751e8b465ee728b)  -> (artifact id: '145b1b21c3b0280d6b428256fcf5f16e') in 0.080613 seconds
Number of updated asset objects reloaded before import = 0
Number of asset objects unloaded after import = 2
Editor requested this worker to shutdown with reason: Scaling down because of idle timeout
TcpMessagingSession - receive error: operation aborted. errorcode: 995, details:        I/O  .
AssetImportWorker is now disconnected from the server
Process exiting
Exiting without the bug reporter. Application will terminate with return code 0