Using pre-set license
Built from '2022.3/release' branch; Version is '2022.3.20f1 (61c2feb0970d) revision 6406910'; Using compiler version '192829333'; Build Type 'Release'
OS: 'Windows 10  (10.0.19045) 64bit Professional' Language: 'ko' Physical Memory: 65198 MB
BatchMode: 1, IsHumanControllingUs: 0, StartBugReporterOnCrash: 0, Is64bit: 1, IsPro: 1

COMMAND LINE ARGUMENTS:
C:\Program Files\Unity 2022.3.20f1\Editor\Unity.exe
-adb2
-batchMode
-noUpm
-name
AssetImportWorker9
-projectPath
C:/Users/IDBLAB/Desktop/2024_1_Game1_catTown/catTown
-logFile
Logs/AssetImportWorker9.log
-srvPort
52978
Successfully changed project path to: C:/Users/IDBLAB/Desktop/2024_1_Game1_catTown/catTown
C:/Users/IDBLAB/Desktop/2024_1_Game1_catTown/catTown
[UnityMemory] Configuration Parameters - Can be set up in boot.config
    "memorysetup-bucket-allocator-granularity=16"
    "memorysetup-bucket-allocator-bucket-count=8"
    "memorysetup-bucket-allocator-block-size=33554432"
    "memorysetup-bucket-allocator-block-count=8"
    "memorysetup-main-allocator-block-size=16777216"
    "memorysetup-thread-allocator-block-size=16777216"
    "memorysetup-gfx-main-allocator-block-size=16777216"
    "memorysetup-gfx-thread-allocator-block-size=16777216"
    "memorysetup-cache-allocator-block-size=4194304"
    "memorysetup-typetree-allocator-block-size=2097152"
    "memorysetup-profiler-bucket-allocator-granularity=16"
    "memorysetup-profiler-bucket-allocator-bucket-count=8"
    "memorysetup-profiler-bucket-allocator-block-size=33554432"
    "memorysetup-profiler-bucket-allocator-block-count=8"
    "memorysetup-profiler-allocator-block-size=16777216"
    "memorysetup-profiler-editor-allocator-block-size=1048576"
    "memorysetup-temp-allocator-size-main=16777216"
    "memorysetup-job-temp-allocator-block-size=2097152"
    "memorysetup-job-temp-allocator-block-size-background=1048576"
    "memorysetup-job-temp-allocator-reduction-small-platforms=262144"
    "memorysetup-allocator-temp-initial-block-size-main=262144"
    "memorysetup-allocator-temp-initial-block-size-worker=262144"
    "memorysetup-temp-allocator-size-background-worker=32768"
    "memorysetup-temp-allocator-size-job-worker=262144"
    "memorysetup-temp-allocator-size-preload-manager=33554432"
    "memorysetup-temp-allocator-size-nav-mesh-worker=65536"
    "memorysetup-temp-allocator-size-audio-worker=65536"
    "memorysetup-temp-allocator-size-cloud-worker=32768"
    "memorysetup-temp-allocator-size-gi-baking-worker=262144"
    "memorysetup-temp-allocator-size-gfx=262144"
Player connection [30188] Host "[IP] 203.247.166.182 [Port] 0 [Flags] 2 [Guid] 1725895247 [EditorId] 1725895247 [Version] 1048832 [Id] WindowsEditor(7,DESKTOP-QLOGQ7G) [Debug] 1 [PackageName] WindowsEditor [ProjectName] Editor" joined multi-casting on [225.0.0.222:54997]...

Player connection [30188] Host "[IP] 203.247.166.182 [Port] 0 [Flags] 2 [Guid] 1725895247 [EditorId] 1725895247 [Version] 1048832 [Id] WindowsEditor(7,DESKTOP-QLOGQ7G) [Debug] 1 [PackageName] WindowsEditor [ProjectName] Editor" joined alternative multi-casting on [225.0.0.222:34997]...

[Physics::Module] Initialized MultithreadedJobDispatcher with 15 workers.
Refreshing native plugins compatible for Editor in 22.32 ms, found 3 plugins.
Preloading 0 native plugins for Editor in 0.00 ms.
Initialize engine version: 2022.3.20f1 (61c2feb0970d)
[Subsystems] Discovering subsystems at path C:/Program Files/Unity 2022.3.20f1/Editor/Data/Resources/UnitySubsystems
[Subsystems] Discovering subsystems at path C:/Users/IDBLAB/Desktop/2024_1_Game1_catTown/catTown/Assets
GfxDevice: creating device client; threaded=0; jobified=0
Direct3D:
    Version:  Direct3D 11.0 [level 11.1]
    Renderer: Intel(R) UHD Graphics 630 (ID=0x9bc5)
    Vendor:   Intel
    VRAM:     32599 MB
    Driver:   27.20.100.9415
Initialize mono
Mono path[0] = 'C:/Program Files/Unity 2022.3.20f1/Editor/Data/Managed'
Mono path[1] = 'C:/Program Files/Unity 2022.3.20f1/Editor/Data/MonoBleedingEdge/lib/mono/unityjit-win32'
Mono config path = 'C:/Program Files/Unity 2022.3.20f1/Editor/Data/MonoBleedingEdge/etc'
Using monoOptions --debugger-agent=transport=dt_socket,embedding=1,server=y,suspend=n,address=127.0.0.1:56344
Begin MonoManager ReloadAssembly
Registering precompiled unity dll's ...
Register platform support module: C:/Program Files/Unity 2022.3.20f1/Editor/Data/PlaybackEngines/WindowsStandaloneSupport/UnityEditor.WindowsStandalone.Extensions.dll
Registered in 0.006677 seconds.
- Loaded All Assemblies, in  0.373 seconds
Native extension for WindowsStandalone target not found
Mono: successfully reloaded assembly
- Finished resetting the current domain, in  0.289 seconds
Domain Reload Profiling: 660ms
	BeginReloadAssembly (118ms)
		ExecutionOrderSort (0ms)
		DisableScriptedObjects (0ms)
		BackupInstance (0ms)
		ReleaseScriptingObjects (0ms)
		CreateAndSetChildDomain (1ms)
	RebuildCommonClasses (37ms)
	RebuildNativeTypeToScriptingClass (10ms)
	initialDomainReloadingComplete (59ms)
	LoadAllAssembliesAndSetupDomain (146ms)
		LoadAssemblies (116ms)
		RebuildTransferFunctionScriptingTraits (0ms)
		AnalyzeDomain (145ms)
			TypeCache.Refresh (143ms)
				TypeCache.ScanAssembly (128ms)
			ScanForSourceGeneratedMonoScriptInfo (0ms)
			ResolveRequiredComponents (1ms)
	FinalizeReload (289ms)
		ReleaseScriptCaches (0ms)
		RebuildScriptCaches (0ms)
		SetupLoadedEditorAssemblies (230ms)
			LogAssemblyErrors (0ms)
			InitializePlatformSupportModulesInManaged (9ms)
			SetLoadedEditorAssemblies (8ms)
			RefreshPlugins (0ms)
			BeforeProcessingInitializeOnLoad (2ms)
			ProcessInitializeOnLoadAttributes (154ms)
			ProcessInitializeOnLoadMethodAttributes (57ms)
			AfterProcessingInitializeOnLoad (0ms)
			EditorAssembliesLoaded (0ms)
		ExecutionOrderSort2 (0ms)
		AwakeInstancesAfterBackupRestoration (0ms)
========================================================================
Worker process is ready to serve import requests
Begin MonoManager ReloadAssembly
Symbol file LoadedFromMemory is not a mono symbol file
- Loaded All Assemblies, in  0.707 seconds
Refreshing native plugins compatible for Editor in 11.08 ms, found 3 plugins.
Native extension for WindowsStandalone target not found
Package Manager log level set to [2]
[Package Manager] Server::EnsureServerProcessIsRunning -- launch failed, reason: Unity was launched with the -noUpm command-line argument
[Package Manager] UpmClient::Send -- Unable to send message (not connected to UPM process).
[Package Manager] Cannot connect to Unity Package Manager local server
Mono: successfully reloaded assembly
- Finished resetting the current domain, in  0.687 seconds
Domain Reload Profiling: 1389ms
	BeginReloadAssembly (141ms)
		ExecutionOrderSort (0ms)
		DisableScriptedObjects (5ms)
		BackupInstance (0ms)
		ReleaseScriptingObjects (0ms)
		CreateAndSetChildDomain (19ms)
	RebuildCommonClasses (31ms)
	RebuildNativeTypeToScriptingClass (10ms)
	initialDomainReloadingComplete (39ms)
	LoadAllAssembliesAndSetupDomain (480ms)
		LoadAssemblies (348ms)
		RebuildTransferFunctionScriptingTraits (0ms)
		AnalyzeDomain (216ms)
			TypeCache.Refresh (183ms)
				TypeCache.ScanAssembly (162ms)
			ScanForSourceGeneratedMonoScriptInfo (25ms)
			ResolveRequiredComponents (7ms)
	FinalizeReload (687ms)
		ReleaseScriptCaches (0ms)
		RebuildScriptCaches (0ms)
		SetupLoadedEditorAssemblies (537ms)
			LogAssemblyErrors (0ms)
			InitializePlatformSupportModulesInManaged (5ms)
			SetLoadedEditorAssemblies (3ms)
			RefreshPlugins (0ms)
			BeforeProcessingInitializeOnLoad (76ms)
			ProcessInitializeOnLoadAttributes (299ms)
			ProcessInitializeOnLoadMethodAttributes (146ms)
			AfterProcessingInitializeOnLoad (7ms)
			EditorAssembliesLoaded (0ms)
		ExecutionOrderSort2 (0ms)
		AwakeInstancesAfterBackupRestoration (12ms)
Launched and connected shader compiler UnityShaderCompiler.exe after 0.03 seconds
Refreshing native plugins compatible for Editor in 8.85 ms, found 3 plugins.
Preloading 0 native plugins for Editor in 0.00 ms.
Unloading 4264 Unused Serialized files (Serialized files now loaded: 0)
Unloading 72 unused Assets / (73.4 KB). Loaded Objects now: 4707.
Memory consumption went from 150.1 MB to 150.0 MB.
Total: 6.312500 ms (FindLiveObjects: 0.545800 ms CreateObjectMapping: 0.401800 ms MarkObjects: 5.244500 ms  DeleteObjects: 0.118700 ms)

AssetImportParameters requested are different than current active one (requested -> active):
  custom:container-demuxer-ogg: 62fdf1f143b41e24485cea50d1cbac27 -> 
  custom:video-decoder-ogg-theora: a1e56fd34408186e4bbccfd4996cb3dc -> 
  custom:framework-win-MediaFoundation: 216162199b28c13a410421893ffa2e32 -> 
  custom:CustomObjectIndexerAttribute: 6d391050e5a25f67b0a2c618074f2cd9 -> 
  custom:container-demuxer-webm: 4f35f7cbe854078d1ac9338744f61a02 -> 
  custom:container-muxer-webm: aa71ff27fc2769a1b78a27578f13a17b -> 
  custom:video-decoder-webm-vp8: 9c59270c3fd7afecdb556c50c9e8de78 -> 
  custom:SearchIndexIgnoredProperties: e643bd26f0fe6173181afceb89e7c659 -> 
  custom:AudioImporter_EditorPlatform: d09bf68614088b80899f8185d706f6e7 -> 
  custom:video-encoder-webm-vp8: eb34c28f22e8b96e1ab97ce403110664 -> 
  custom:audio-decoder-ogg-vorbis: bf7c407c2cedff20999df2af8eb42d56 -> 
  custom:audio-encoder-webm-vorbis: bf7c407c2cedff20999df2af8eb42d56 -> 
========================================================================
Received Import Request.
  Time since last request: 108516.317890 seconds.
  path: Assets/Junyoung/Sounds/Audios/Blood&Gore/Blood/BloodDripping_3.wav
  artifactKey: Guid(682d186232a7e6b4398c0da2c6e01a30) Importer(815301076,1909f56bfc062723c751e8b465ee728b)
Start importing Assets/Junyoung/Sounds/Audios/Blood&Gore/Blood/BloodDripping_3.wav using Guid(682d186232a7e6b4398c0da2c6e01a30) Importer(815301076,1909f56bfc062723c751e8b465ee728b)  -> (artifact id: '9054bb3c28d29bb885a6be9750f2135b') in 0.111711 seconds
Number of updated asset objects reloaded before import = 0
Number of asset objects unloaded after import = 2
========================================================================
Received Import Request.
  Time since last request: 12.131760 seconds.
  path: Assets/Junyoung/Sounds/Audios/Blood&Gore/Gore/Gore_Punch_3.wav
  artifactKey: Guid(d936857873c124140861fc224ccdcb41) Importer(815301076,1909f56bfc062723c751e8b465ee728b)
Start importing Assets/Junyoung/Sounds/Audios/Blood&Gore/Gore/Gore_Punch_3.wav using Guid(d936857873c124140861fc224ccdcb41) Importer(815301076,1909f56bfc062723c751e8b465ee728b)  -> (artifact id: '55a62262ab272c7a018208e004c01908') in 0.019538 seconds
Number of updated asset objects reloaded before import = 0
Number of asset objects unloaded after import = 2
========================================================================
Received Import Request.
  Time since last request: 0.000034 seconds.
  path: Assets/Junyoung/Sounds/Audios/Blood&Gore/Gore/Gore_Stab_1.wav
  artifactKey: Guid(e1236b7dd5ef04a42a7b38cfc9f0950a) Importer(815301076,1909f56bfc062723c751e8b465ee728b)
Start importing Assets/Junyoung/Sounds/Audios/Blood&Gore/Gore/Gore_Stab_1.wav using Guid(e1236b7dd5ef04a42a7b38cfc9f0950a) Importer(815301076,1909f56bfc062723c751e8b465ee728b)  -> (artifact id: '33adcb5e7e36f3f986b56a699058af58') in 0.020258 seconds
Number of updated asset objects reloaded before import = 0
Number of asset objects unloaded after import = 2
========================================================================
Received Import Request.
  Time since last request: 0.000021 seconds.
  path: Assets/Junyoung/Sounds/Audios/Blood&Gore/Gore/Gore_RipBone_11.wav
  artifactKey: Guid(c43edd9175a999d4a8dc7b7322712f63) Importer(815301076,1909f56bfc062723c751e8b465ee728b)
Start importing Assets/Junyoung/Sounds/Audios/Blood&Gore/Gore/Gore_RipBone_11.wav using Guid(c43edd9175a999d4a8dc7b7322712f63) Importer(815301076,1909f56bfc062723c751e8b465ee728b)  -> (artifact id: 'ba0314adf4dc17e32505ef6449a7113a') in 0.028764 seconds
Number of updated asset objects reloaded before import = 0
Number of asset objects unloaded after import = 2
========================================================================
Received Import Request.
  Time since last request: 0.000055 seconds.
  path: Assets/Junyoung/Sounds/Audios/Blood&Gore/Gore/Gore_Punch_7.wav
  artifactKey: Guid(83776413010cbce4289049e2d4cc2877) Importer(815301076,1909f56bfc062723c751e8b465ee728b)
Start importing Assets/Junyoung/Sounds/Audios/Blood&Gore/Gore/Gore_Punch_7.wav using Guid(83776413010cbce4289049e2d4cc2877) Importer(815301076,1909f56bfc062723c751e8b465ee728b)  -> (artifact id: '8ef5e473cd968da22472747419abbbb1') in 0.026724 seconds
Number of updated asset objects reloaded before import = 0
Number of asset objects unloaded after import = 2
========================================================================
Received Import Request.
  Time since last request: 0.000026 seconds.
  path: Assets/Junyoung/Sounds/Audios/Blood&Gore/Gore/Gore_RipBone_5.wav
  artifactKey: Guid(343c9d351fbaf714e8e11a0d3112ee6a) Importer(815301076,1909f56bfc062723c751e8b465ee728b)
Start importing Assets/Junyoung/Sounds/Audios/Blood&Gore/Gore/Gore_RipBone_5.wav using Guid(343c9d351fbaf714e8e11a0d3112ee6a) Importer(815301076,1909f56bfc062723c751e8b465ee728b)  -> (artifact id: '16ac92ded443277604a832f45afb17a8') in 0.038602 seconds
Number of updated asset objects reloaded before import = 0
Number of asset objects unloaded after import = 2
========================================================================
Received Import Request.
  Time since last request: 0.000054 seconds.
  path: Assets/Junyoung/Sounds/Audios/Blood&Gore/Gore/Gore_RipBone_4.wav
  artifactKey: Guid(91539c03771138e42978f688d48ce8f4) Importer(815301076,1909f56bfc062723c751e8b465ee728b)
Start importing Assets/Junyoung/Sounds/Audios/Blood&Gore/Gore/Gore_RipBone_4.wav using Guid(91539c03771138e42978f688d48ce8f4) Importer(815301076,1909f56bfc062723c751e8b465ee728b)  -> (artifact id: '1de2360bb13a2673bab6d7afdcfc4f52') in 0.046153 seconds
Number of updated asset objects reloaded before import = 0
Number of asset objects unloaded after import = 2
========================================================================
Received Import Request.
  Time since last request: 20.211580 seconds.
  path: Assets/Junyoung/Sounds/Audios/Character/FemaleEfforts/Woman_CarryDead_3.wav
  artifactKey: Guid(0cd8c86846e6f25429d5bce2761df375) Importer(815301076,1909f56bfc062723c751e8b465ee728b)
Start importing Assets/Junyoung/Sounds/Audios/Character/FemaleEfforts/Woman_CarryDead_3.wav using Guid(0cd8c86846e6f25429d5bce2761df375) Importer(815301076,1909f56bfc062723c751e8b465ee728b)  -> (artifact id: '0e1a23365a334011121a86e04f586700') in 0.020334 seconds
Number of updated asset objects reloaded before import = 0
Number of asset objects unloaded after import = 2
========================================================================
Received Import Request.
  Time since last request: 0.000019 seconds.
  path: Assets/Junyoung/Sounds/Audios/Character/FemaleEfforts/Woman_Scared_2.wav
  artifactKey: Guid(a32304ec55a567849b6ae8dd25aa36a9) Importer(815301076,1909f56bfc062723c751e8b465ee728b)
Start importing Assets/Junyoung/Sounds/Audios/Character/FemaleEfforts/Woman_Scared_2.wav using Guid(a32304ec55a567849b6ae8dd25aa36a9) Importer(815301076,1909f56bfc062723c751e8b465ee728b)  -> (artifact id: '945273338cf6f359e402db466cff500c') in 0.021667 seconds
Number of updated asset objects reloaded before import = 0
Number of asset objects unloaded after import = 2
========================================================================
Received Import Request.
  Time since last request: 0.000020 seconds.
  path: Assets/Junyoung/Sounds/Audios/Character/FemaleEfforts/Woman_Smell_4.wav
  artifactKey: Guid(89b8e0d5982ff0c4badcb0f8b6d3b363) Importer(815301076,1909f56bfc062723c751e8b465ee728b)
Start importing Assets/Junyoung/Sounds/Audios/Character/FemaleEfforts/Woman_Smell_4.wav using Guid(89b8e0d5982ff0c4badcb0f8b6d3b363) Importer(815301076,1909f56bfc062723c751e8b465ee728b)  -> (artifact id: '2dc51c44388559532e0ae289988522c5') in 0.017675 seconds
Number of updated asset objects reloaded before import = 0
Number of asset objects unloaded after import = 2
========================================================================
Received Import Request.
  Time since last request: 0.000037 seconds.
  path: Assets/Junyoung/Sounds/Audios/Character/FemaleEfforts/Woman_Smell_3.wav
  artifactKey: Guid(b3df2817d847b6045bd2c32b83efcc05) Importer(815301076,1909f56bfc062723c751e8b465ee728b)
Start importing Assets/Junyoung/Sounds/Audios/Character/FemaleEfforts/Woman_Smell_3.wav using Guid(b3df2817d847b6045bd2c32b83efcc05) Importer(815301076,1909f56bfc062723c751e8b465ee728b)  -> (artifact id: 'e843b1eaf1b85ed647e2e27e9c9fa0e6') in 0.025415 seconds
Number of updated asset objects reloaded before import = 0
Number of asset objects unloaded after import = 2
========================================================================
Received Import Request.
  Time since last request: 0.000033 seconds.
  path: Assets/Junyoung/Sounds/Audios/Character/FemaleEfforts/Woman_Scared_1.wav
  artifactKey: Guid(514f8d1be31e45b4b947034a1c7ad351) Importer(815301076,1909f56bfc062723c751e8b465ee728b)
Start importing Assets/Junyoung/Sounds/Audios/Character/FemaleEfforts/Woman_Scared_1.wav using Guid(514f8d1be31e45b4b947034a1c7ad351) Importer(815301076,1909f56bfc062723c751e8b465ee728b)  -> (artifact id: 'bdeadb51e9cc6fbeef7a9c6ce77559af') in 0.030350 seconds
Number of updated asset objects reloaded before import = 0
Number of asset objects unloaded after import = 2
========================================================================
Received Import Request.
  Time since last request: 5.138832 seconds.
  path: Assets/Junyoung/Sounds/Audios/Character/Gear/GearAll_3.wav
  artifactKey: Guid(ced3a624b20f1ad4d9a5aed542cffeed) Importer(815301076,1909f56bfc062723c751e8b465ee728b)
Start importing Assets/Junyoung/Sounds/Audios/Character/Gear/GearAll_3.wav using Guid(ced3a624b20f1ad4d9a5aed542cffeed) Importer(815301076,1909f56bfc062723c751e8b465ee728b)  -> (artifact id: '24b24123c7d69d70141840410d5a2443') in 0.020852 seconds
Number of updated asset objects reloaded before import = 0
Number of asset objects unloaded after import = 2
========================================================================
Received Import Request.
  Time since last request: 0.000027 seconds.
  path: Assets/Junyoung/Sounds/Audios/Character/Gear/GearAll_8.wav
  artifactKey: Guid(d5aadbad5a345914d97cbe2581117ed5) Importer(815301076,1909f56bfc062723c751e8b465ee728b)
Start importing Assets/Junyoung/Sounds/Audios/Character/Gear/GearAll_8.wav using Guid(d5aadbad5a345914d97cbe2581117ed5) Importer(815301076,1909f56bfc062723c751e8b465ee728b)  -> (artifact id: '76c428c1b2ca1855cb0047c1b42df46d') in 0.025336 seconds
Number of updated asset objects reloaded before import = 0
Number of asset objects unloaded after import = 2
========================================================================
Received Import Request.
  Time since last request: 3.258560 seconds.
  path: Assets/Junyoung/Sounds/Audios/Character/MaleEfforts/Man_BadSmell_3.wav
  artifactKey: Guid(018790fd1752e1b40aa430cbf1405ef3) Importer(815301076,1909f56bfc062723c751e8b465ee728b)
Start importing Assets/Junyoung/Sounds/Audios/Character/MaleEfforts/Man_BadSmell_3.wav using Guid(018790fd1752e1b40aa430cbf1405ef3) Importer(815301076,1909f56bfc062723c751e8b465ee728b)  -> (artifact id: '1a25fbfbeb5d970c560f887ac134839f') in 0.017418 seconds
Number of updated asset objects reloaded before import = 0
Number of asset objects unloaded after import = 2
========================================================================
Received Import Request.
  Time since last request: 0.000017 seconds.
  path: Assets/Junyoung/Sounds/Audios/Character/MaleEfforts/Man_Damage_4.wav
  artifactKey: Guid(96d56d230d9716c4bbf1958392a15cfb) Importer(815301076,1909f56bfc062723c751e8b465ee728b)
Start importing Assets/Junyoung/Sounds/Audios/Character/MaleEfforts/Man_Damage_4.wav using Guid(96d56d230d9716c4bbf1958392a15cfb) Importer(815301076,1909f56bfc062723c751e8b465ee728b)  -> (artifact id: '5b1135afa4720f2cd7e9a7aa719ccca4') in 0.019215 seconds
Number of updated asset objects reloaded before import = 0
Number of asset objects unloaded after import = 2
========================================================================
Received Import Request.
  Time since last request: 0.000026 seconds.
  path: Assets/Junyoung/Sounds/Audios/Character/MaleEfforts/Man_Scared_Loop_2.wav
  artifactKey: Guid(7dbf2b5ad125b204397788a9136f6e5f) Importer(815301076,1909f56bfc062723c751e8b465ee728b)
Start importing Assets/Junyoung/Sounds/Audios/Character/MaleEfforts/Man_Scared_Loop_2.wav using Guid(7dbf2b5ad125b204397788a9136f6e5f) Importer(815301076,1909f56bfc062723c751e8b465ee728b)  -> (artifact id: 'a0664ac460920e266f163984c0701118') in 0.065709 seconds
Number of updated asset objects reloaded before import = 0
Number of asset objects unloaded after import = 2
========================================================================
Received Import Request.
  Time since last request: 0.000022 seconds.
  path: Assets/Junyoung/Sounds/Audios/Character/MaleEfforts/Man_FrustratedExhale_5.wav
  artifactKey: Guid(396f5440421735e4da4b726ae5703389) Importer(815301076,1909f56bfc062723c751e8b465ee728b)
Start importing Assets/Junyoung/Sounds/Audios/Character/MaleEfforts/Man_FrustratedExhale_5.wav using Guid(396f5440421735e4da4b726ae5703389) Importer(815301076,1909f56bfc062723c751e8b465ee728b)  -> (artifact id: '0460b14c332fddaa466a7a2f48d43d13') in 0.018224 seconds
Number of updated asset objects reloaded before import = 0
Number of asset objects unloaded after import = 2
========================================================================
Received Import Request.
  Time since last request: 0.000017 seconds.
  path: Assets/Junyoung/Sounds/Audios/Character/MaleEfforts/Man_Running_Loop_1.wav
  artifactKey: Guid(e1831f925589dcd4485d0d80d84e3fae) Importer(815301076,1909f56bfc062723c751e8b465ee728b)
Start importing Assets/Junyoung/Sounds/Audios/Character/MaleEfforts/Man_Running_Loop_1.wav using Guid(e1831f925589dcd4485d0d80d84e3fae) Importer(815301076,1909f56bfc062723c751e8b465ee728b)  -> (artifact id: '19c6396b4d620df3057bd71027b09252') in 0.073988 seconds
Number of updated asset objects reloaded before import = 0
Number of asset objects unloaded after import = 2
========================================================================
Received Import Request.
  Time since last request: 0.000031 seconds.
  path: Assets/Junyoung/Sounds/Audios/Character/MaleEfforts/Man_Damage_Extreme_1.wav
  artifactKey: Guid(c6b188743a91fa148ac2fbd275fdc7cd) Importer(815301076,1909f56bfc062723c751e8b465ee728b)
Start importing Assets/Junyoung/Sounds/Audios/Character/MaleEfforts/Man_Damage_Extreme_1.wav using Guid(c6b188743a91fa148ac2fbd275fdc7cd) Importer(815301076,1909f56bfc062723c751e8b465ee728b)  -> (artifact id: '618eb612ee7694b89663140e3bf8d58c') in 0.025096 seconds
Number of updated asset objects reloaded before import = 0
Number of asset objects unloaded after import = 2
========================================================================
Received Import Request.
  Time since last request: 0.000029 seconds.
  path: Assets/Junyoung/Sounds/Audios/Character/MaleEfforts/Man_FrustratedExhale_2.wav
  artifactKey: Guid(26cecaa0c99224c479769bb5ce2861bd) Importer(815301076,1909f56bfc062723c751e8b465ee728b)
Start importing Assets/Junyoung/Sounds/Audios/Character/MaleEfforts/Man_FrustratedExhale_2.wav using Guid(26cecaa0c99224c479769bb5ce2861bd) Importer(815301076,1909f56bfc062723c751e8b465ee728b)  -> (artifact id: '5ef582ac7072e30e14f5165aa5c376da') in 0.026398 seconds
Number of updated asset objects reloaded before import = 0
Number of asset objects unloaded after import = 2
========================================================================
Received Import Request.
  Time since last request: 13.344389 seconds.
  path: Assets/Junyoung/Sounds/Audios/Character/Surfaces/Impacts/Fall/Fall_Blood_3.wav
  artifactKey: Guid(73b838456030e9645b46df7c3da9cf57) Importer(815301076,1909f56bfc062723c751e8b465ee728b)
Start importing Assets/Junyoung/Sounds/Audios/Character/Surfaces/Impacts/Fall/Fall_Blood_3.wav using Guid(73b838456030e9645b46df7c3da9cf57) Importer(815301076,1909f56bfc062723c751e8b465ee728b)  -> (artifact id: 'dca2a875df5306a6d27d9ccf91279062') in 0.018529 seconds
Number of updated asset objects reloaded before import = 0
Number of asset objects unloaded after import = 2
========================================================================
Received Import Request.
  Time since last request: 0.000020 seconds.
  path: Assets/Junyoung/Sounds/Audios/Character/Surfaces/Impacts/Fall/Fall_Bones_5.wav
  artifactKey: Guid(bc055cc55fe8f0342bc0a5932ffce5c5) Importer(815301076,1909f56bfc062723c751e8b465ee728b)
Start importing Assets/Junyoung/Sounds/Audios/Character/Surfaces/Impacts/Fall/Fall_Bones_5.wav using Guid(bc055cc55fe8f0342bc0a5932ffce5c5) Importer(815301076,1909f56bfc062723c751e8b465ee728b)  -> (artifact id: '6d1dcc497c7fa3dc8851a16be2e82611') in 0.041521 seconds
Number of updated asset objects reloaded before import = 0
Number of asset objects unloaded after import = 2
========================================================================
Received Import Request.
  Time since last request: 8.263814 seconds.
  path: Assets/Junyoung/Sounds/Audios/Character/Surfaces/Impacts/Impact/Hand_METAL_3.wav
  artifactKey: Guid(7dd48e96743137a4d8e540ce85d4b97d) Importer(815301076,1909f56bfc062723c751e8b465ee728b)
Start importing Assets/Junyoung/Sounds/Audios/Character/Surfaces/Impacts/Impact/Hand_METAL_3.wav using Guid(7dd48e96743137a4d8e540ce85d4b97d) Importer(815301076,1909f56bfc062723c751e8b465ee728b)  -> (artifact id: '030dbeb30004edee0c55d4e6d10cb78f') in 0.012949 seconds
Number of updated asset objects reloaded before import = 0
Number of asset objects unloaded after import = 2
========================================================================
Received Import Request.
  Time since last request: 0.000017 seconds.
  path: Assets/Junyoung/Sounds/Audios/Character/Surfaces/Impacts/Impact/Hand_ROCK_3.wav
  artifactKey: Guid(3af942a48f5c8784f94a5a814a02122c) Importer(815301076,1909f56bfc062723c751e8b465ee728b)
Start importing Assets/Junyoung/Sounds/Audios/Character/Surfaces/Impacts/Impact/Hand_ROCK_3.wav using Guid(3af942a48f5c8784f94a5a814a02122c) Importer(815301076,1909f56bfc062723c751e8b465ee728b)  -> (artifact id: '6fc1ae85472cb463487d4889903c8cc7') in 0.035896 seconds
Number of updated asset objects reloaded before import = 0
Number of asset objects unloaded after import = 2
========================================================================
Received Import Request.
  Time since last request: 0.000020 seconds.
  path: Assets/Junyoung/Sounds/Audios/Character/Surfaces/Impacts/Impact/Hand_ROCK_4.wav
  artifactKey: Guid(f18f2c6cf28f5c147869bcfc0cb0f089) Importer(815301076,1909f56bfc062723c751e8b465ee728b)
Start importing Assets/Junyoung/Sounds/Audios/Character/Surfaces/Impacts/Impact/Hand_ROCK_4.wav using Guid(f18f2c6cf28f5c147869bcfc0cb0f089) Importer(815301076,1909f56bfc062723c751e8b465ee728b)  -> (artifact id: '525bf4f6b11ed2eb90d7af846ac15be7') in 0.016692 seconds
Number of updated asset objects reloaded before import = 0
Number of asset objects unloaded after import = 2
========================================================================
Received Import Request.
  Time since last request: 0.000017 seconds.
  path: Assets/Junyoung/Sounds/Audios/Character/Surfaces/Impacts/Impact/Hand_WOOD_3.wav
  artifactKey: Guid(c0074264ff4fe9347b6641d7ee52fed5) Importer(815301076,1909f56bfc062723c751e8b465ee728b)
Start importing Assets/Junyoung/Sounds/Audios/Character/Surfaces/Impacts/Impact/Hand_WOOD_3.wav using Guid(c0074264ff4fe9347b6641d7ee52fed5) Importer(815301076,1909f56bfc062723c751e8b465ee728b)  -> (artifact id: '611257ba1bfa5376a28cfb46e038fa47') in 0.015247 seconds
Number of updated asset objects reloaded before import = 0
Number of asset objects unloaded after import = 2
========================================================================
Received Import Request.
  Time since last request: 0.000018 seconds.
  path: Assets/Junyoung/Sounds/Audios/Character/Surfaces/Impacts/Impact/Hand_ROCK_2.wav
  artifactKey: Guid(bdb8cef9d9f0d9949a8a1d055f319565) Importer(815301076,1909f56bfc062723c751e8b465ee728b)
Start importing Assets/Junyoung/Sounds/Audios/Character/Surfaces/Impacts/Impact/Hand_ROCK_2.wav using Guid(bdb8cef9d9f0d9949a8a1d055f319565) Importer(815301076,1909f56bfc062723c751e8b465ee728b)  -> (artifact id: 'd83808f88dfeb10c44b7284e992a66af') in 0.014732 seconds
Number of updated asset objects reloaded before import = 0
Number of asset objects unloaded after import = 2
========================================================================
Received Import Request.
  Time since last request: 0.000020 seconds.
  path: Assets/Junyoung/Sounds/Audios/Character/Surfaces/Impacts/Impact/Impact_ROCK_4.wav
  artifactKey: Guid(89e11123c93863b4b988d87f9ddfdd82) Importer(815301076,1909f56bfc062723c751e8b465ee728b)
Start importing Assets/Junyoung/Sounds/Audios/Character/Surfaces/Impacts/Impact/Impact_ROCK_4.wav using Guid(89e11123c93863b4b988d87f9ddfdd82) Importer(815301076,1909f56bfc062723c751e8b465ee728b)  -> (artifact id: '3cff10b2f6d39bcd6a44f64f878ae86e') in 0.015245 seconds
Number of updated asset objects reloaded before import = 0
Number of asset objects unloaded after import = 2
========================================================================
Received Import Request.
  Time since last request: 0.000034 seconds.
  path: Assets/Junyoung/Sounds/Audios/Character/Surfaces/Impacts/Impact/Impact_ROCK_3.wav
  artifactKey: Guid(735726f986849934496d68518ac0422d) Importer(815301076,1909f56bfc062723c751e8b465ee728b)
Start importing Assets/Junyoung/Sounds/Audios/Character/Surfaces/Impacts/Impact/Impact_ROCK_3.wav using Guid(735726f986849934496d68518ac0422d) Importer(815301076,1909f56bfc062723c751e8b465ee728b)  -> (artifact id: 'e5dd75ea9ec0d7da84b347ffad5e5893') in 0.042881 seconds
Number of updated asset objects reloaded before import = 0
Number of asset objects unloaded after import = 2
========================================================================
Received Import Request.
  Time since last request: 6.121885 seconds.
  path: Assets/Junyoung/Sounds/Audios/Character/Surfaces/Scrapes/Scrape_METAL_3.wav
  artifactKey: Guid(9681a0d7b3f6e224fa2e1e83947c14d9) Importer(815301076,1909f56bfc062723c751e8b465ee728b)
Start importing Assets/Junyoung/Sounds/Audios/Character/Surfaces/Scrapes/Scrape_METAL_3.wav using Guid(9681a0d7b3f6e224fa2e1e83947c14d9) Importer(815301076,1909f56bfc062723c751e8b465ee728b)  -> (artifact id: '58ef487ce3b81d2b5469a2774dcb78a6') in 0.016821 seconds
Number of updated asset objects reloaded before import = 0
Number of asset objects unloaded after import = 2
========================================================================
Received Import Request.
  Time since last request: 0.000012 seconds.
  path: Assets/Junyoung/Sounds/Audios/Character/Surfaces/Scrapes/Scrape_WOOD_8.wav
  artifactKey: Guid(5734cb85d8b88b949bd0244902f458a7) Importer(815301076,1909f56bfc062723c751e8b465ee728b)
Start importing Assets/Junyoung/Sounds/Audios/Character/Surfaces/Scrapes/Scrape_WOOD_8.wav using Guid(5734cb85d8b88b949bd0244902f458a7) Importer(815301076,1909f56bfc062723c751e8b465ee728b)  -> (artifact id: '10d5c84eec65ee3b8d88130fb1c64baf') in 0.029902 seconds
Number of updated asset objects reloaded before import = 0
Number of asset objects unloaded after import = 2
========================================================================
Received Import Request.
  Time since last request: 0.000019 seconds.
  path: Assets/Junyoung/Sounds/Audios/Character/Surfaces/Scrapes/Scrape_WOOD_3.wav
  artifactKey: Guid(689c482776e323f42ba5b319451ae1c3) Importer(815301076,1909f56bfc062723c751e8b465ee728b)
Start importing Assets/Junyoung/Sounds/Audios/Character/Surfaces/Scrapes/Scrape_WOOD_3.wav using Guid(689c482776e323f42ba5b319451ae1c3) Importer(815301076,1909f56bfc062723c751e8b465ee728b)  -> (artifact id: '91283dc73d1b5a14eb119695fb019bcc') in 0.034279 seconds
Number of updated asset objects reloaded before import = 0
Number of asset objects unloaded after import = 2
========================================================================
Received Import Request.
  Time since last request: 0.000020 seconds.
  path: Assets/Junyoung/Sounds/Audios/Character/Surfaces/Scrapes/Scrape_WOOD_6.wav
  artifactKey: Guid(9f4160558e4b2dd4cb7c59f08c726576) Importer(815301076,1909f56bfc062723c751e8b465ee728b)
Start importing Assets/Junyoung/Sounds/Audios/Character/Surfaces/Scrapes/Scrape_WOOD_6.wav using Guid(9f4160558e4b2dd4cb7c59f08c726576) Importer(815301076,1909f56bfc062723c751e8b465ee728b)  -> (artifact id: 'daada5e230a1a0f0e1b61b81ef7d1887') in 0.039104 seconds
Number of updated asset objects reloaded before import = 0
Number of asset objects unloaded after import = 2
========================================================================
Received Import Request.
  Time since last request: 0.000021 seconds.
  path: Assets/Junyoung/Sounds/Audios/Character/Surfaces/Scrapes/Scrape_WOOD_4.wav
  artifactKey: Guid(b3ba2dd6e0dea9a48b6c0235df8469bd) Importer(815301076,1909f56bfc062723c751e8b465ee728b)
Start importing Assets/Junyoung/Sounds/Audios/Character/Surfaces/Scrapes/Scrape_WOOD_4.wav using Guid(b3ba2dd6e0dea9a48b6c0235df8469bd) Importer(815301076,1909f56bfc062723c751e8b465ee728b)  -> (artifact id: '9723e496550743ce1a1173f61d43b7ce') in 0.029452 seconds
Number of updated asset objects reloaded before import = 0
Number of asset objects unloaded after import = 2
========================================================================
Received Import Request.
  Time since last request: 4.757431 seconds.
  path: Assets/Junyoung/Sounds/Audios/Character/Surfaces/Scuff/Scuff_BLOOD_Leg_3.wav
  artifactKey: Guid(d0b34303cb537a64588b1e50c2f3212a) Importer(815301076,1909f56bfc062723c751e8b465ee728b)
Start importing Assets/Junyoung/Sounds/Audios/Character/Surfaces/Scuff/Scuff_BLOOD_Leg_3.wav using Guid(d0b34303cb537a64588b1e50c2f3212a) Importer(815301076,1909f56bfc062723c751e8b465ee728b)  -> (artifact id: '13f50fc8805c949df78c71336e396363') in 0.015236 seconds
Number of updated asset objects reloaded before import = 0
Number of asset objects unloaded after import = 2
========================================================================
Received Import Request.
  Time since last request: 0.000028 seconds.
  path: Assets/Junyoung/Sounds/Audios/Character/Surfaces/Scuff/Scuff_BONES_Leg_2.wav
  artifactKey: Guid(d2fdc816fc64ded44890c08fb8c0d4b2) Importer(815301076,1909f56bfc062723c751e8b465ee728b)
Start importing Assets/Junyoung/Sounds/Audios/Character/Surfaces/Scuff/Scuff_BONES_Leg_2.wav using Guid(d2fdc816fc64ded44890c08fb8c0d4b2) Importer(815301076,1909f56bfc062723c751e8b465ee728b)  -> (artifact id: '7d3cf1c4229ca1199dddcadc63292440') in 0.023153 seconds
Number of updated asset objects reloaded before import = 0
Number of asset objects unloaded after import = 2
========================================================================
Received Import Request.
  Time since last request: 5.832637 seconds.
  path: Assets/Junyoung/Sounds/Audios/Character/Surfaces/Steps/Blood/Step_Blood_Run_Left_3.wav
  artifactKey: Guid(9cbed2d670730f84e9cd528e3b9e85c8) Importer(815301076,1909f56bfc062723c751e8b465ee728b)
Start importing Assets/Junyoung/Sounds/Audios/Character/Surfaces/Steps/Blood/Step_Blood_Run_Left_3.wav using Guid(9cbed2d670730f84e9cd528e3b9e85c8) Importer(815301076,1909f56bfc062723c751e8b465ee728b)  -> (artifact id: '1160c25574365440227b5803b93e433e') in 0.014791 seconds
Number of updated asset objects reloaded before import = 0
Number of asset objects unloaded after import = 2
========================================================================
Received Import Request.
  Time since last request: 0.000022 seconds.
  path: Assets/Junyoung/Sounds/Audios/Character/Surfaces/Steps/Blood/Step_Blood_Run_Right_1.wav
  artifactKey: Guid(7a9e812f36756c64bad10ba95876ccd9) Importer(815301076,1909f56bfc062723c751e8b465ee728b)
Start importing Assets/Junyoung/Sounds/Audios/Character/Surfaces/Steps/Blood/Step_Blood_Run_Right_1.wav using Guid(7a9e812f36756c64bad10ba95876ccd9) Importer(815301076,1909f56bfc062723c751e8b465ee728b)  -> (artifact id: '9eb0a26ab456d601403f4c21400ae4da') in 0.010121 seconds
Number of updated asset objects reloaded before import = 0
Number of asset objects unloaded after import = 2
========================================================================
Received Import Request.
  Time since last request: 0.000014 seconds.
  path: Assets/Junyoung/Sounds/Audios/Character/Surfaces/Steps/Blood/Step_Blood_Walk_Left_2.wav
  artifactKey: Guid(5993b3479e19d9c478623efd97fb103c) Importer(815301076,1909f56bfc062723c751e8b465ee728b)
Start importing Assets/Junyoung/Sounds/Audios/Character/Surfaces/Steps/Blood/Step_Blood_Walk_Left_2.wav using Guid(5993b3479e19d9c478623efd97fb103c) Importer(815301076,1909f56bfc062723c751e8b465ee728b)  -> (artifact id: '58d7a4b476a15bc21db9baf1e508e027') in 0.029849 seconds
Number of updated asset objects reloaded before import = 0
Number of asset objects unloaded after import = 2
========================================================================
Received Import Request.
  Time since last request: 0.000020 seconds.
  path: Assets/Junyoung/Sounds/Audios/Character/Surfaces/Steps/Blood/Step_Blood_Walk_Right_2.wav
  artifactKey: Guid(12c917eeacdab9a40bb408ddf396ec76) Importer(815301076,1909f56bfc062723c751e8b465ee728b)
Start importing Assets/Junyoung/Sounds/Audios/Character/Surfaces/Steps/Blood/Step_Blood_Walk_Right_2.wav using Guid(12c917eeacdab9a40bb408ddf396ec76) Importer(815301076,1909f56bfc062723c751e8b465ee728b)  -> (artifact id: '398f5e6d2ade21fe790a7491ae86c826') in 0.024930 seconds
Number of updated asset objects reloaded before import = 0
Number of asset objects unloaded after import = 2
========================================================================
Received Import Request.
  Time since last request: 0.000019 seconds.
  path: Assets/Junyoung/Sounds/Audios/Character/Surfaces/Steps/Blood/Step_Blood_Trot_Left_4.wav
  artifactKey: Guid(0461c608b1f9888458e35cb476e21a91) Importer(815301076,1909f56bfc062723c751e8b465ee728b)
Start importing Assets/Junyoung/Sounds/Audios/Character/Surfaces/Steps/Blood/Step_Blood_Trot_Left_4.wav using Guid(0461c608b1f9888458e35cb476e21a91) Importer(815301076,1909f56bfc062723c751e8b465ee728b)  -> (artifact id: '97e755ca9a9cbe5d4f1bfa8c3242c918') in 0.011683 seconds
Number of updated asset objects reloaded before import = 0
Number of asset objects unloaded after import = 2
========================================================================
Received Import Request.
  Time since last request: 0.000024 seconds.
  path: Assets/Junyoung/Sounds/Audios/Character/Surfaces/Steps/Blood/Step_Blood_Walk_Right_4.wav
  artifactKey: Guid(6bcf9e19495ec4b47a2faab53a61f2cf) Importer(815301076,1909f56bfc062723c751e8b465ee728b)
Start importing Assets/Junyoung/Sounds/Audios/Character/Surfaces/Steps/Blood/Step_Blood_Walk_Right_4.wav using Guid(6bcf9e19495ec4b47a2faab53a61f2cf) Importer(815301076,1909f56bfc062723c751e8b465ee728b)  -> (artifact id: 'c36fd7e10c586e828c62c6f5c306bf27') in 0.019013 seconds
Number of updated asset objects reloaded before import = 0
Number of asset objects unloaded after import = 2
========================================================================
Received Import Request.
  Time since last request: 0.000036 seconds.
  path: Assets/Junyoung/Sounds/Audios/Character/Surfaces/Steps/Blood/Step_Blood_Trot_Right_3.wav
  artifactKey: Guid(4c238a9e17b8b234abae734eff7dd8c0) Importer(815301076,1909f56bfc062723c751e8b465ee728b)
Start importing Assets/Junyoung/Sounds/Audios/Character/Surfaces/Steps/Blood/Step_Blood_Trot_Right_3.wav using Guid(4c238a9e17b8b234abae734eff7dd8c0) Importer(815301076,1909f56bfc062723c751e8b465ee728b)  -> (artifact id: 'b96e9718b18c8901080d665671ee194a') in 0.032362 seconds
Number of updated asset objects reloaded before import = 0
Number of asset objects unloaded after import = 2
========================================================================
Received Import Request.
  Time since last request: 8.845449 seconds.
  path: Assets/Junyoung/Sounds/Audios/Character/Surfaces/Steps/Bones/Step_Bones_Run_Left_3.wav
  artifactKey: Guid(58610f54c3b797942812e739a432ec0c) Importer(815301076,1909f56bfc062723c751e8b465ee728b)
Start importing Assets/Junyoung/Sounds/Audios/Character/Surfaces/Steps/Bones/Step_Bones_Run_Left_3.wav using Guid(58610f54c3b797942812e739a432ec0c) Importer(815301076,1909f56bfc062723c751e8b465ee728b)  -> (artifact id: '5dcd311a840b9b814451cfbbf6048f0d') in 0.018321 seconds
Number of updated asset objects reloaded before import = 0
Number of asset objects unloaded after import = 2
========================================================================
Received Import Request.
  Time since last request: 0.000017 seconds.
  path: Assets/Junyoung/Sounds/Audios/Character/Surfaces/Steps/Bones/Step_Bones_Trot_Left_3.wav
  artifactKey: Guid(79febb2725712e741a4c5fa97d9be0c5) Importer(815301076,1909f56bfc062723c751e8b465ee728b)
Start importing Assets/Junyoung/Sounds/Audios/Character/Surfaces/Steps/Bones/Step_Bones_Trot_Left_3.wav using Guid(79febb2725712e741a4c5fa97d9be0c5) Importer(815301076,1909f56bfc062723c751e8b465ee728b)  -> (artifact id: '75403c082b57009a71640aeb9f428f7a') in 0.026404 seconds
Number of updated asset objects reloaded before import = 0
Number of asset objects unloaded after import = 2
========================================================================
Received Import Request.
  Time since last request: 0.000023 seconds.
  path: Assets/Junyoung/Sounds/Audios/Character/Surfaces/Steps/Bones/Step_Bones_Trot_Left_1.wav
  artifactKey: Guid(3ca66663a838e4049ae9155782970266) Importer(815301076,1909f56bfc062723c751e8b465ee728b)
Start importing Assets/Junyoung/Sounds/Audios/Character/Surfaces/Steps/Bones/Step_Bones_Trot_Left_1.wav using Guid(3ca66663a838e4049ae9155782970266) Importer(815301076,1909f56bfc062723c751e8b465ee728b)  -> (artifact id: 'e6e1dd319c601a2204a3fd0982208508') in 0.018460 seconds
Number of updated asset objects reloaded before import = 0
Number of asset objects unloaded after import = 2
========================================================================
Received Import Request.
  Time since last request: 0.000016 seconds.
  path: Assets/Junyoung/Sounds/Audios/Character/Surfaces/Steps/Bones/Step_Bones_Run_Right_4.wav
  artifactKey: Guid(e2455f68505a3924eab13e7b914c5793) Importer(815301076,1909f56bfc062723c751e8b465ee728b)
Start importing Assets/Junyoung/Sounds/Audios/Character/Surfaces/Steps/Bones/Step_Bones_Run_Right_4.wav using Guid(e2455f68505a3924eab13e7b914c5793) Importer(815301076,1909f56bfc062723c751e8b465ee728b)  -> (artifact id: 'a46629a863b2d3f3abbd34cc6d763154') in 0.019592 seconds
Number of updated asset objects reloaded before import = 0
Number of asset objects unloaded after import = 2
========================================================================
Received Import Request.
  Time since last request: 0.000020 seconds.
  path: Assets/Junyoung/Sounds/Audios/Character/Surfaces/Steps/Bones/Step_Bones_Trot_Right_3.wav
  artifactKey: Guid(cb2a32059154ff248ad7c7b93110f5c2) Importer(815301076,1909f56bfc062723c751e8b465ee728b)
Start importing Assets/Junyoung/Sounds/Audios/Character/Surfaces/Steps/Bones/Step_Bones_Trot_Right_3.wav using Guid(cb2a32059154ff248ad7c7b93110f5c2) Importer(815301076,1909f56bfc062723c751e8b465ee728b)  -> (artifact id: '3cfdffe547ca6b3f9563a0568c76a005') in 0.016391 seconds
Number of updated asset objects reloaded before import = 0
Number of asset objects unloaded after import = 2
========================================================================
Received Import Request.
  Time since last request: 0.000033 seconds.
  path: Assets/Junyoung/Sounds/Audios/Character/Surfaces/Steps/Bones/Step_Bones_Trot_Right_2.wav
  artifactKey: Guid(a64e40a41b30daf48bbe7c69a944ea54) Importer(815301076,1909f56bfc062723c751e8b465ee728b)
Start importing Assets/Junyoung/Sounds/Audios/Character/Surfaces/Steps/Bones/Step_Bones_Trot_Right_2.wav using Guid(a64e40a41b30daf48bbe7c69a944ea54) Importer(815301076,1909f56bfc062723c751e8b465ee728b)  -> (artifact id: '9b94a150a2d54cf6fa6e42a08ad02f7d') in 0.022760 seconds
Number of updated asset objects reloaded before import = 0
Number of asset objects unloaded after import = 2
========================================================================
Received Import Request.
  Time since last request: 15.108310 seconds.
  path: Assets/Junyoung/Sounds/Audios/Character/Surfaces/Steps/RustyWood(Bridge)/Step_Bridge_Run_Left_3.wav
  artifactKey: Guid(7242d644de034e14394371350adadc86) Importer(815301076,1909f56bfc062723c751e8b465ee728b)
Start importing Assets/Junyoung/Sounds/Audios/Character/Surfaces/Steps/RustyWood(Bridge)/Step_Bridge_Run_Left_3.wav using Guid(7242d644de034e14394371350adadc86) Importer(815301076,1909f56bfc062723c751e8b465ee728b)  -> (artifact id: '00b86ebc328f5044d9caac7ea83ca696') in 0.013575 seconds
Number of updated asset objects reloaded before import = 0
Number of asset objects unloaded after import = 2
========================================================================
Received Import Request.
  Time since last request: 0.000014 seconds.
  path: Assets/Junyoung/Sounds/Audios/Character/Surfaces/Steps/RustyWood(Bridge)/Step_Bridge_Run_Right_4.wav
  artifactKey: Guid(0b779fac833142d49a6199216f3d0ff6) Importer(815301076,1909f56bfc062723c751e8b465ee728b)
Start importing Assets/Junyoung/Sounds/Audios/Character/Surfaces/Steps/RustyWood(Bridge)/Step_Bridge_Run_Right_4.wav using Guid(0b779fac833142d49a6199216f3d0ff6) Importer(815301076,1909f56bfc062723c751e8b465ee728b)  -> (artifact id: '8f73238cfdfa50b633d39e7b0afae6d3') in 0.026387 seconds
Number of updated asset objects reloaded before import = 0
Number of asset objects unloaded after import = 2
========================================================================
Received Import Request.
  Time since last request: 0.000021 seconds.
  path: Assets/Junyoung/Sounds/Audios/Character/Surfaces/Steps/RustyWood(Bridge)/Step_Bridge_Walk_Left_1.wav
  artifactKey: Guid(59fdca1eaf443294db46ab874236b5ab) Importer(815301076,1909f56bfc062723c751e8b465ee728b)
Start importing Assets/Junyoung/Sounds/Audios/Character/Surfaces/Steps/RustyWood(Bridge)/Step_Bridge_Walk_Left_1.wav using Guid(59fdca1eaf443294db46ab874236b5ab) Importer(815301076,1909f56bfc062723c751e8b465ee728b)  -> (artifact id: 'e6274a3f0dc6e29a70cab2f3c61b94cb') in 0.037748 seconds
Number of updated asset objects reloaded before import = 0
Number of asset objects unloaded after import = 2
========================================================================
Received Import Request.
  Time since last request: 0.000025 seconds.
  path: Assets/Junyoung/Sounds/Audios/Character/Surfaces/Steps/RustyWood(Bridge)/Step_Bridge_Trot_Right_4.wav
  artifactKey: Guid(297be7c09515ef84fabf5b54f16f06c3) Importer(815301076,1909f56bfc062723c751e8b465ee728b)
Start importing Assets/Junyoung/Sounds/Audios/Character/Surfaces/Steps/RustyWood(Bridge)/Step_Bridge_Trot_Right_4.wav using Guid(297be7c09515ef84fabf5b54f16f06c3) Importer(815301076,1909f56bfc062723c751e8b465ee728b)  -> (artifact id: '207b65197273f91d77814855a62344c6') in 0.022755 seconds
Number of updated asset objects reloaded before import = 0
Number of asset objects unloaded after import = 2
========================================================================
Received Import Request.
  Time since last request: 0.000021 seconds.
  path: Assets/Junyoung/Sounds/Audios/Character/Surfaces/Steps/RustyWood(Bridge)/Step_Bridge_Walk_Right_3.wav
  artifactKey: Guid(608618b25fc527e4b84b75bc5ad6d071) Importer(815301076,1909f56bfc062723c751e8b465ee728b)
Start importing Assets/Junyoung/Sounds/Audios/Character/Surfaces/Steps/RustyWood(Bridge)/Step_Bridge_Walk_Right_3.wav using Guid(608618b25fc527e4b84b75bc5ad6d071) Importer(815301076,1909f56bfc062723c751e8b465ee728b)  -> (artifact id: '8d26438a011b26f9cf165f360a9e5237') in 0.023890 seconds
Number of updated asset objects reloaded before import = 0
Number of asset objects unloaded after import = 2
========================================================================
Received Import Request.
  Time since last request: 0.000021 seconds.
  path: Assets/Junyoung/Sounds/Audios/Character/Surfaces/Steps/RustyWood(Bridge)/Step_Bridge_Trot_Right_2.wav
  artifactKey: Guid(489b507368c05364bbb34642a9e0f681) Importer(815301076,1909f56bfc062723c751e8b465ee728b)
Start importing Assets/Junyoung/Sounds/Audios/Character/Surfaces/Steps/RustyWood(Bridge)/Step_Bridge_Trot_Right_2.wav using Guid(489b507368c05364bbb34642a9e0f681) Importer(815301076,1909f56bfc062723c751e8b465ee728b)  -> (artifact id: '5680075a953125e5a08b37517facb4d4') in 0.025792 seconds
Number of updated asset objects reloaded before import = 0
Number of asset objects unloaded after import = 2
========================================================================
Received Import Request.
  Time since last request: 0.000021 seconds.
  path: Assets/Junyoung/Sounds/Audios/Character/Surfaces/Steps/RustyWood(Bridge)/Step_Bridge_Walk_Left_4.wav
  artifactKey: Guid(3594fc2d3cbf12d48bfd0bcd985f0299) Importer(815301076,1909f56bfc062723c751e8b465ee728b)
Start importing Assets/Junyoung/Sounds/Audios/Character/Surfaces/Steps/RustyWood(Bridge)/Step_Bridge_Walk_Left_4.wav using Guid(3594fc2d3cbf12d48bfd0bcd985f0299) Importer(815301076,1909f56bfc062723c751e8b465ee728b)  -> (artifact id: '953ececf06157569e5c3a5db0e8e1518') in 0.015867 seconds
Number of updated asset objects reloaded before import = 0
Number of asset objects unloaded after import = 2
========================================================================
Received Import Request.
  Time since last request: 45.698995 seconds.
  path: Assets/Junyoung/Sounds/Audios/Menu/Menu_Buttons_3.wav
  artifactKey: Guid(d2469d77c84a31547b314f692101aaab) Importer(815301076,1909f56bfc062723c751e8b465ee728b)
Start importing Assets/Junyoung/Sounds/Audios/Menu/Menu_Buttons_3.wav using Guid(d2469d77c84a31547b314f692101aaab) Importer(815301076,1909f56bfc062723c751e8b465ee728b)  -> (artifact id: 'ffcc5153d11f5d9e21a6f92b744e3e9c') in 0.014035 seconds
Number of updated asset objects reloaded before import = 0
Number of asset objects unloaded after import = 2
========================================================================
Received Import Request.
  Time since last request: 0.000061 seconds.
  path: Assets/Junyoung/Sounds/Audios/Menu/Menu_Buttons_5.wav
  artifactKey: Guid(fad9f5465e0c9f149acd6b5b61c02f7c) Importer(815301076,1909f56bfc062723c751e8b465ee728b)
Start importing Assets/Junyoung/Sounds/Audios/Menu/Menu_Buttons_5.wav using Guid(fad9f5465e0c9f149acd6b5b61c02f7c) Importer(815301076,1909f56bfc062723c751e8b465ee728b)  -> (artifact id: '82dfa33e3020af46e66df27c65407bf6') in 0.029207 seconds
Number of updated asset objects reloaded before import = 0
Number of asset objects unloaded after import = 2
========================================================================
Received Import Request.
  Time since last request: 3.040452 seconds.
  path: Assets/Junyoung/Sounds/Audios/Enemies/Monster/Steps/Monster_Steps_3.wav
  artifactKey: Guid(54bc704101ca86648b55cec5687d4a1f) Importer(815301076,1909f56bfc062723c751e8b465ee728b)
Start importing Assets/Junyoung/Sounds/Audios/Enemies/Monster/Steps/Monster_Steps_3.wav using Guid(54bc704101ca86648b55cec5687d4a1f) Importer(815301076,1909f56bfc062723c751e8b465ee728b)  -> (artifact id: '744a2263c19a85b1ce22894a53fb39ff') in 0.026753 seconds
Number of updated asset objects reloaded before import = 0
Number of asset objects unloaded after import = 2
========================================================================
Received Import Request.
  Time since last request: 4.569167 seconds.
  path: Assets/Junyoung/Sounds/Audios/Enemies/Monster/Voice/Monster_Attack_3.wav
  artifactKey: Guid(887f966f09b99084885f54c4fa4f50a7) Importer(815301076,1909f56bfc062723c751e8b465ee728b)
Start importing Assets/Junyoung/Sounds/Audios/Enemies/Monster/Voice/Monster_Attack_3.wav using Guid(887f966f09b99084885f54c4fa4f50a7) Importer(815301076,1909f56bfc062723c751e8b465ee728b)  -> (artifact id: 'f33cb5bfb4b8dc814e8b39b0b5ce012f') in 0.015071 seconds
Number of updated asset objects reloaded before import = 0
Number of asset objects unloaded after import = 2
========================================================================
Received Import Request.
  Time since last request: 0.000022 seconds.
  path: Assets/Junyoung/Sounds/Audios/Enemies/Monster/Voice/Monster_Efforts_4.wav
  artifactKey: Guid(207a4e27ab0cea5499014a3604353d9f) Importer(815301076,1909f56bfc062723c751e8b465ee728b)
Start importing Assets/Junyoung/Sounds/Audios/Enemies/Monster/Voice/Monster_Efforts_4.wav using Guid(207a4e27ab0cea5499014a3604353d9f) Importer(815301076,1909f56bfc062723c751e8b465ee728b)  -> (artifact id: '52bd37e5eff99575b3c47bc4768394bf') in 0.037012 seconds
Number of updated asset objects reloaded before import = 0
Number of asset objects unloaded after import = 2
========================================================================
Received Import Request.
  Time since last request: 7.629157 seconds.
  path: Assets/Junyoung/Sounds/Audios/Enemies/Zombie/Steps/Zombie_Steps_03.wav
  artifactKey: Guid(6d5f4a758317fb64480aba319b1f80b5) Importer(815301076,1909f56bfc062723c751e8b465ee728b)
Start importing Assets/Junyoung/Sounds/Audios/Enemies/Zombie/Steps/Zombie_Steps_03.wav using Guid(6d5f4a758317fb64480aba319b1f80b5) Importer(815301076,1909f56bfc062723c751e8b465ee728b)  -> (artifact id: '980daaa052e2eb8b86ecd9f0125ac2a2') in 0.012189 seconds
Number of updated asset objects reloaded before import = 0
Number of asset objects unloaded after import = 2
========================================================================
Received Import Request.
  Time since last request: 0.000019 seconds.
  path: Assets/Junyoung/Sounds/Audios/Enemies/Zombie/Steps/Zombie_Steps_08.wav
  artifactKey: Guid(d2445163e8df7734590914b265098e4b) Importer(815301076,1909f56bfc062723c751e8b465ee728b)
Start importing Assets/Junyoung/Sounds/Audios/Enemies/Zombie/Steps/Zombie_Steps_08.wav using Guid(d2445163e8df7734590914b265098e4b) Importer(815301076,1909f56bfc062723c751e8b465ee728b)  -> (artifact id: 'de1cfc8c726b4d078a5b83c730a53052') in 0.023049 seconds
Number of updated asset objects reloaded before import = 0
Number of asset objects unloaded after import = 2
========================================================================
Received Import Request.
  Time since last request: 7.614139 seconds.
  path: Assets/Junyoung/Sounds/Audios/Enemies/Zombie/Voice/Zombie_Attack_3.wav
  artifactKey: Guid(d9b2687205f07b740b5d5dcc7cb4b14c) Importer(815301076,1909f56bfc062723c751e8b465ee728b)
Start importing Assets/Junyoung/Sounds/Audios/Enemies/Zombie/Voice/Zombie_Attack_3.wav using Guid(d9b2687205f07b740b5d5dcc7cb4b14c) Importer(815301076,1909f56bfc062723c751e8b465ee728b)  -> (artifact id: 'e3d47efff4059b481ca67159651a5118') in 0.013863 seconds
Number of updated asset objects reloaded before import = 0
Number of asset objects unloaded after import = 2
========================================================================
Received Import Request.
  Time since last request: 0.000016 seconds.
  path: Assets/Junyoung/Sounds/Audios/Enemies/Zombie/Voice/Zombie_Attack_7.wav
  artifactKey: Guid(cb5e7c45af89d1140aeb74524b68e385) Importer(815301076,1909f56bfc062723c751e8b465ee728b)
Start importing Assets/Junyoung/Sounds/Audios/Enemies/Zombie/Voice/Zombie_Attack_7.wav using Guid(cb5e7c45af89d1140aeb74524b68e385) Importer(815301076,1909f56bfc062723c751e8b465ee728b)  -> (artifact id: 'd3ba242305e7a971a9f654451172e055') in 0.017486 seconds
Number of updated asset objects reloaded before import = 0
Number of asset objects unloaded after import = 2
========================================================================
Received Import Request.
  Time since last request: 0.000015 seconds.
  path: Assets/Junyoung/Sounds/Audios/Enemies/Zombie/Voice/ZombieGruntVer2_3.wav
  artifactKey: Guid(277a7008258a1f949b0b5fd760ef17d7) Importer(815301076,1909f56bfc062723c751e8b465ee728b)
Start importing Assets/Junyoung/Sounds/Audios/Enemies/Zombie/Voice/ZombieGruntVer2_3.wav using Guid(277a7008258a1f949b0b5fd760ef17d7) Importer(815301076,1909f56bfc062723c751e8b465ee728b)  -> (artifact id: 'c2e14f6f5d0b91ebe53d0bd3246d9bd9') in 0.033905 seconds
Number of updated asset objects reloaded before import = 0
Number of asset objects unloaded after import = 2
========================================================================
Received Import Request.
  Time since last request: 0.000023 seconds.
  path: Assets/Junyoung/Sounds/Audios/Enemies/Zombie/Voice/ZombieTalk_6.wav
  artifactKey: Guid(19fcf47d095be8d4eba27387eb1e4b83) Importer(815301076,1909f56bfc062723c751e8b465ee728b)
Start importing Assets/Junyoung/Sounds/Audios/Enemies/Zombie/Voice/ZombieTalk_6.wav using Guid(19fcf47d095be8d4eba27387eb1e4b83) Importer(815301076,1909f56bfc062723c751e8b465ee728b)  -> (artifact id: '92235e99a5b3eac22e580d2c9f695961') in 0.029384 seconds
Number of updated asset objects reloaded before import = 0
Number of asset objects unloaded after import = 2
========================================================================
Received Import Request.
  Time since last request: 0.000017 seconds.
  path: Assets/Junyoung/Sounds/Audios/Enemies/Zombie/Voice/Zombie_Attack_10.wav
  artifactKey: Guid(8e595e733a1fda4419548fc5ac3dc0b8) Importer(815301076,1909f56bfc062723c751e8b465ee728b)
Start importing Assets/Junyoung/Sounds/Audios/Enemies/Zombie/Voice/Zombie_Attack_10.wav using Guid(8e595e733a1fda4419548fc5ac3dc0b8) Importer(815301076,1909f56bfc062723c751e8b465ee728b)  -> (artifact id: 'f956fc3131f68774184fb00bdf963570') in 0.018599 seconds
Number of updated asset objects reloaded before import = 0
Number of asset objects unloaded after import = 2
========================================================================
Received Import Request.
  Time since last request: 0.000044 seconds.
  path: Assets/Junyoung/Sounds/Audios/Enemies/Zombie/Voice/ZombieScrem_7.wav
  artifactKey: Guid(4bf614dfe932bc8408ccdd72034c178f) Importer(815301076,1909f56bfc062723c751e8b465ee728b)
Start importing Assets/Junyoung/Sounds/Audios/Enemies/Zombie/Voice/ZombieScrem_7.wav using Guid(4bf614dfe932bc8408ccdd72034c178f) Importer(815301076,1909f56bfc062723c751e8b465ee728b)  -> (artifact id: '718bc571c404e3f11d8fb1b9e059b4e7') in 0.021396 seconds
Number of updated asset objects reloaded before import = 0
Number of asset objects unloaded after import = 2
========================================================================
Received Import Request.
  Time since last request: 0.000025 seconds.
  path: Assets/Junyoung/Sounds/Audios/Enemies/Zombie/Voice/Zombie_Attack_5.wav
  artifactKey: Guid(170c978187daf28498d8f2cdbe1dc3cb) Importer(815301076,1909f56bfc062723c751e8b465ee728b)
Start importing Assets/Junyoung/Sounds/Audios/Enemies/Zombie/Voice/Zombie_Attack_5.wav using Guid(170c978187daf28498d8f2cdbe1dc3cb) Importer(815301076,1909f56bfc062723c751e8b465ee728b)  -> (artifact id: '4e78fad5d906d34d98371b60e1de1527') in 0.015226 seconds
Number of updated asset objects reloaded before import = 0
Number of asset objects unloaded after import = 2
========================================================================
Received Import Request.
  Time since last request: 0.000026 seconds.
  path: Assets/Junyoung/Sounds/Audios/Enemies/Zombie/Voice/Zombie_Detected_5.wav
  artifactKey: Guid(411f612496b36f54db6d72ef36089bba) Importer(815301076,1909f56bfc062723c751e8b465ee728b)
Start importing Assets/Junyoung/Sounds/Audios/Enemies/Zombie/Voice/Zombie_Detected_5.wav using Guid(411f612496b36f54db6d72ef36089bba) Importer(815301076,1909f56bfc062723c751e8b465ee728b)  -> (artifact id: 'f0664f4569d1f5774cfab282e3995997') in 0.016912 seconds
Number of updated asset objects reloaded before import = 0
Number of asset objects unloaded after import = 2
========================================================================
Received Import Request.
  Time since last request: 0.000013 seconds.
  path: Assets/Junyoung/Sounds/Audios/Enemies/Zombie/Voice/Zombie_Dead_Ver2_6.wav
  artifactKey: Guid(c75d9d256eef93b48a285e01c8d4acfc) Importer(815301076,1909f56bfc062723c751e8b465ee728b)
Start importing Assets/Junyoung/Sounds/Audios/Enemies/Zombie/Voice/Zombie_Dead_Ver2_6.wav using Guid(c75d9d256eef93b48a285e01c8d4acfc) Importer(815301076,1909f56bfc062723c751e8b465ee728b)  -> (artifact id: '73c08f7124cc0a34ecc35aaa353ceb1c') in 0.021074 seconds
Number of updated asset objects reloaded before import = 0
Number of asset objects unloaded after import = 2
========================================================================
Received Import Request.
  Time since last request: 0.000021 seconds.
  path: Assets/Junyoung/Sounds/Audios/Enemies/Zombie/Voice/Zombie_Dead_Ver2_5.wav
  artifactKey: Guid(dd98f0d1a8bb6864c8060610f77a93e0) Importer(815301076,1909f56bfc062723c751e8b465ee728b)
Start importing Assets/Junyoung/Sounds/Audios/Enemies/Zombie/Voice/Zombie_Dead_Ver2_5.wav using Guid(dd98f0d1a8bb6864c8060610f77a93e0) Importer(815301076,1909f56bfc062723c751e8b465ee728b)  -> (artifact id: '9d1857db736349b05578e86aacf66b90') in 0.017598 seconds
Number of updated asset objects reloaded before import = 0
Number of asset objects unloaded after import = 2
========================================================================
Received Import Request.
  Time since last request: 0.000042 seconds.
  path: Assets/Junyoung/Sounds/Audios/Enemies/Zombie/Voice/Zombie_Attack_6.wav
  artifactKey: Guid(4fbb21ba999848f4db307958c2b4e427) Importer(815301076,1909f56bfc062723c751e8b465ee728b)
Start importing Assets/Junyoung/Sounds/Audios/Enemies/Zombie/Voice/Zombie_Attack_6.wav using Guid(4fbb21ba999848f4db307958c2b4e427) Importer(815301076,1909f56bfc062723c751e8b465ee728b)  -> (artifact id: '72e67f302a7e504fb524bd5b5c076a30') in 0.015857 seconds
Number of updated asset objects reloaded before import = 0
Number of asset objects unloaded after import = 2
========================================================================
Received Import Request.
  Time since last request: 0.000016 seconds.
  path: Assets/Junyoung/Sounds/Audios/Enemies/Zombie/Voice/ZombieGruntVer3_4.wav
  artifactKey: Guid(13ee4eb814e730d4b9f075e496450de7) Importer(815301076,1909f56bfc062723c751e8b465ee728b)
Start importing Assets/Junyoung/Sounds/Audios/Enemies/Zombie/Voice/ZombieGruntVer3_4.wav using Guid(13ee4eb814e730d4b9f075e496450de7) Importer(815301076,1909f56bfc062723c751e8b465ee728b)  -> (artifact id: 'c4bbb4e479b66a8e628a2bf34c77b68b') in 0.025010 seconds
Number of updated asset objects reloaded before import = 0
Number of asset objects unloaded after import = 2
========================================================================
Received Import Request.
  Time since last request: 0.000055 seconds.
  path: Assets/Junyoung/Sounds/Audios/Enemies/Zombie/Voice/Zombie_Normal_Ver2_4.wav
  artifactKey: Guid(5213ae8ed325e6e4a80cbf862ca03ba4) Importer(815301076,1909f56bfc062723c751e8b465ee728b)
Start importing Assets/Junyoung/Sounds/Audios/Enemies/Zombie/Voice/Zombie_Normal_Ver2_4.wav using Guid(5213ae8ed325e6e4a80cbf862ca03ba4) Importer(815301076,1909f56bfc062723c751e8b465ee728b)  -> (artifact id: '86d4844bcdd6ef4bc14696416aca1727') in 0.016472 seconds
Number of updated asset objects reloaded before import = 0
Number of asset objects unloaded after import = 2
========================================================================
Received Import Request.
  Time since last request: 0.000014 seconds.
  path: Assets/Junyoung/Sounds/Audios/Enemies/Zombie/Voice/Zombie_Detected_8.wav
  artifactKey: Guid(ab85ab87f353b3c44a93cf7002072be4) Importer(815301076,1909f56bfc062723c751e8b465ee728b)
Start importing Assets/Junyoung/Sounds/Audios/Enemies/Zombie/Voice/Zombie_Detected_8.wav using Guid(ab85ab87f353b3c44a93cf7002072be4) Importer(815301076,1909f56bfc062723c751e8b465ee728b)  -> (artifact id: 'a5be9bd30adc24320ccf1b91ce4bc088') in 0.017472 seconds
Number of updated asset objects reloaded before import = 0
Number of asset objects unloaded after import = 2
========================================================================
Received Import Request.
  Time since last request: 0.000025 seconds.
  path: Assets/Junyoung/Sounds/Audios/Enemies/Zombie/Voice/ZombieAttack_Ver2_4.wav
  artifactKey: Guid(229140e84590a554fb7c5c74a960d5a0) Importer(815301076,1909f56bfc062723c751e8b465ee728b)
Start importing Assets/Junyoung/Sounds/Audios/Enemies/Zombie/Voice/ZombieAttack_Ver2_4.wav using Guid(229140e84590a554fb7c5c74a960d5a0) Importer(815301076,1909f56bfc062723c751e8b465ee728b)  -> (artifact id: '02071dd3739181b8fff58ccf5a8f93e9') in 0.017368 seconds
Number of updated asset objects reloaded before import = 0
Number of asset objects unloaded after import = 2
========================================================================
Received Import Request.
  Time since last request: 0.000019 seconds.
  path: Assets/Junyoung/Sounds/Audios/Enemies/Zombie/Voice/ZombieGrunt_2.wav
  artifactKey: Guid(0903ac6cfa0760c4db8e24b211c4866a) Importer(815301076,1909f56bfc062723c751e8b465ee728b)
Start importing Assets/Junyoung/Sounds/Audios/Enemies/Zombie/Voice/ZombieGrunt_2.wav using Guid(0903ac6cfa0760c4db8e24b211c4866a) Importer(815301076,1909f56bfc062723c751e8b465ee728b)  -> (artifact id: '8dcbf89c21b83d2ae25201d7e2b6d8e5') in 0.027523 seconds
Number of updated asset objects reloaded before import = 0
Number of asset objects unloaded after import = 2
========================================================================
Received Import Request.
  Time since last request: 0.000028 seconds.
  path: Assets/Junyoung/Sounds/Audios/Enemies/Zombie/Voice/ZombieAttack_Ver2_2.wav
  artifactKey: Guid(5055df1d6078baa4bab8f035a8243090) Importer(815301076,1909f56bfc062723c751e8b465ee728b)
Start importing Assets/Junyoung/Sounds/Audios/Enemies/Zombie/Voice/ZombieAttack_Ver2_2.wav using Guid(5055df1d6078baa4bab8f035a8243090) Importer(815301076,1909f56bfc062723c751e8b465ee728b)  -> (artifact id: '490663af33bafcbbc4c073eff2634aa1') in 0.017941 seconds
Number of updated asset objects reloaded before import = 0
Number of asset objects unloaded after import = 2
========================================================================
Received Import Request.
  Time since last request: 0.000022 seconds.
  path: Assets/Junyoung/Sounds/Audios/Enemies/Zombie/Voice/Zombie_Dead_Ver1_5.wav
  artifactKey: Guid(e53ada1dc9592f84f85d458ed7dbc7bc) Importer(815301076,1909f56bfc062723c751e8b465ee728b)
Start importing Assets/Junyoung/Sounds/Audios/Enemies/Zombie/Voice/Zombie_Dead_Ver1_5.wav using Guid(e53ada1dc9592f84f85d458ed7dbc7bc) Importer(815301076,1909f56bfc062723c751e8b465ee728b)  -> (artifact id: '7a3d018bb267265b110a299529e4a6af') in 0.024333 seconds
Number of updated asset objects reloaded before import = 0
Number of asset objects unloaded after import = 2
========================================================================
Received Import Request.
  Time since last request: 0.000019 seconds.
  path: Assets/Junyoung/Sounds/Audios/Enemies/Zombie/Voice/Zombie_Dead_Ver1_3.wav
  artifactKey: Guid(441f686a0c189264e857c116b2b7ad16) Importer(815301076,1909f56bfc062723c751e8b465ee728b)
Start importing Assets/Junyoung/Sounds/Audios/Enemies/Zombie/Voice/Zombie_Dead_Ver1_3.wav using Guid(441f686a0c189264e857c116b2b7ad16) Importer(815301076,1909f56bfc062723c751e8b465ee728b)  -> (artifact id: '0f4c3ed8bf11e58777d0032961b5d905') in 0.015780 seconds
Number of updated asset objects reloaded before import = 0
Number of asset objects unloaded after import = 2
========================================================================
Received Import Request.
  Time since last request: 0.000033 seconds.
  path: Assets/Junyoung/Sounds/Audios/Enemies/Zombie/Voice/Zombie_Detected_4.wav
  artifactKey: Guid(4f20e7e9074f2c64ab79462eb09c8b9c) Importer(815301076,1909f56bfc062723c751e8b465ee728b)
Start importing Assets/Junyoung/Sounds/Audios/Enemies/Zombie/Voice/Zombie_Detected_4.wav using Guid(4f20e7e9074f2c64ab79462eb09c8b9c) Importer(815301076,1909f56bfc062723c751e8b465ee728b)  -> (artifact id: 'eb944e1f860168c51824ee81671e911f') in 0.021174 seconds
Number of updated asset objects reloaded before import = 0
Number of asset objects unloaded after import = 2
========================================================================
Received Import Request.
  Time since last request: 0.000026 seconds.
  path: Assets/Junyoung/Sounds/Audios/Enemies/Zombie/Voice/ZombieAttack_Ver2_3.wav
  artifactKey: Guid(97bad23c149b8d14e9ccd2dd2a7f51e9) Importer(815301076,1909f56bfc062723c751e8b465ee728b)
Start importing Assets/Junyoung/Sounds/Audios/Enemies/Zombie/Voice/ZombieAttack_Ver2_3.wav using Guid(97bad23c149b8d14e9ccd2dd2a7f51e9) Importer(815301076,1909f56bfc062723c751e8b465ee728b)  -> (artifact id: '66dc03acbe6f41af7b6467ec6894e71d') in 0.018443 seconds
Number of updated asset objects reloaded before import = 0
Number of asset objects unloaded after import = 2
========================================================================
Received Import Request.
  Time since last request: 0.000026 seconds.
  path: Assets/Junyoung/Sounds/Audios/Enemies/Zombie/Voice/Zombie_Normal_Ver2_6.wav
  artifactKey: Guid(8f5b7d231e3530542b8844c15d60aa4a) Importer(815301076,1909f56bfc062723c751e8b465ee728b)
Start importing Assets/Junyoung/Sounds/Audios/Enemies/Zombie/Voice/Zombie_Normal_Ver2_6.wav using Guid(8f5b7d231e3530542b8844c15d60aa4a) Importer(815301076,1909f56bfc062723c751e8b465ee728b)  -> (artifact id: '0fe2b5109eb70b7059fc4f254443d291') in 0.021952 seconds
Number of updated asset objects reloaded before import = 0
Number of asset objects unloaded after import = 2
========================================================================
Received Import Request.
  Time since last request: 0.000024 seconds.
  path: Assets/Junyoung/Sounds/Audios/Enemies/Zombie/Voice/ZombieAttack_Ver2_5.wav
  artifactKey: Guid(8fac85f87f03a2848b579485cbba2f5e) Importer(815301076,1909f56bfc062723c751e8b465ee728b)
Start importing Assets/Junyoung/Sounds/Audios/Enemies/Zombie/Voice/ZombieAttack_Ver2_5.wav using Guid(8fac85f87f03a2848b579485cbba2f5e) Importer(815301076,1909f56bfc062723c751e8b465ee728b)  -> (artifact id: 'a1b14813f06bd67c088e2f4b1c47d645') in 0.033652 seconds
Number of updated asset objects reloaded before import = 0
Number of asset objects unloaded after import = 2
========================================================================
Received Import Request.
  Time since last request: 0.000026 seconds.
  path: Assets/Junyoung/Sounds/Audios/Enemies/Zombie/Voice/ZombieScrem_6.wav
  artifactKey: Guid(067a762075d2ce049b0520fcd5d20e60) Importer(815301076,1909f56bfc062723c751e8b465ee728b)
Start importing Assets/Junyoung/Sounds/Audios/Enemies/Zombie/Voice/ZombieScrem_6.wav using Guid(067a762075d2ce049b0520fcd5d20e60) Importer(815301076,1909f56bfc062723c751e8b465ee728b)  -> (artifact id: '5796062d846eb6c4585a6128e2145e88') in 0.024362 seconds
Number of updated asset objects reloaded before import = 0
Number of asset objects unloaded after import = 2
========================================================================
Received Import Request.
  Time since last request: 5.071180 seconds.
  path: Assets/Junyoung/Sounds/Audios/Enemies/Zombie/Voice/ZombieTalk_9.wav
  artifactKey: Guid(f4f89ae3036b9db4fb81d915b92b8c2e) Importer(815301076,1909f56bfc062723c751e8b465ee728b)
Start importing Assets/Junyoung/Sounds/Audios/Enemies/Zombie/Voice/ZombieTalk_9.wav using Guid(f4f89ae3036b9db4fb81d915b92b8c2e) Importer(815301076,1909f56bfc062723c751e8b465ee728b)  -> (artifact id: '9ea4ee5a6bec32b0d9f3ca1cf2519c9e') in 0.027730 seconds
Number of updated asset objects reloaded before import = 0
Number of asset objects unloaded after import = 2
========================================================================
Received Import Request.
  Time since last request: 10.532647 seconds.
  path: Assets/Junyoung/Sounds/Audios/MX/Ambience/CoFLoop1.wav
  artifactKey: Guid(0619c83f3a316514fa98ce31d4038f9d) Importer(815301076,1909f56bfc062723c751e8b465ee728b)
Start importing Assets/Junyoung/Sounds/Audios/MX/Ambience/CoFLoop1.wav using Guid(0619c83f3a316514fa98ce31d4038f9d) Importer(815301076,1909f56bfc062723c751e8b465ee728b)  -> (artifact id: 'f6fc434e8d6b733cc946f9aef62ac546') in 0.067420 seconds
Number of updated asset objects reloaded before import = 0
Number of asset objects unloaded after import = 2
========================================================================
Received Import Request.
  Time since last request: 0.000021 seconds.
  path: Assets/Junyoung/Sounds/Audios/MX/Ambience/CoFStingger.wav
  artifactKey: Guid(326a31a73b169fa4294e45b422dd8740) Importer(815301076,1909f56bfc062723c751e8b465ee728b)
Start importing Assets/Junyoung/Sounds/Audios/MX/Ambience/CoFStingger.wav using Guid(326a31a73b169fa4294e45b422dd8740) Importer(815301076,1909f56bfc062723c751e8b465ee728b)  -> (artifact id: 'ae78fe6f536351dc51ddc4affb1278ad') in 0.042307 seconds
Number of updated asset objects reloaded before import = 0
Number of asset objects unloaded after import = 2
========================================================================
Received Import Request.
  Time since last request: 3.163592 seconds.
  path: Assets/Junyoung/Sounds/Audios/MX/BossFight/Horror Boss Fight - (Loop part B).wav
  artifactKey: Guid(d79bb7a8933e3d64db0f59b7f10f92dc) Importer(815301076,1909f56bfc062723c751e8b465ee728b)
Start importing Assets/Junyoung/Sounds/Audios/MX/BossFight/Horror Boss Fight - (Loop part B).wav using Guid(d79bb7a8933e3d64db0f59b7f10f92dc) Importer(815301076,1909f56bfc062723c751e8b465ee728b)  -> (artifact id: 'f3e6832c6f494084c54407529b88bcf4') in 0.088583 seconds
Number of updated asset objects reloaded before import = 0
Number of asset objects unloaded after import = 2
========================================================================
Received Import Request.
  Time since last request: 0.000023 seconds.
  path: Assets/Junyoung/Sounds/Audios/MX/BossFight/Horror Boss Fight - Guitar (Stem).wav
  artifactKey: Guid(747fe892cb6147c429bcaa2a3d0d4365) Importer(815301076,1909f56bfc062723c751e8b465ee728b)
Start importing Assets/Junyoung/Sounds/Audios/MX/BossFight/Horror Boss Fight - Guitar (Stem).wav using Guid(747fe892cb6147c429bcaa2a3d0d4365) Importer(815301076,1909f56bfc062723c751e8b465ee728b)  -> (artifact id: '3cfdfc757a1f46c0e05e43145632b0ce') in 0.262906 seconds
Number of updated asset objects reloaded before import = 0
Number of asset objects unloaded after import = 2
========================================================================
Received Import Request.
  Time since last request: 0.000024 seconds.
  path: Assets/Junyoung/Sounds/Audios/MX/BossFight/Horror Boss Fight - Loop.wav
  artifactKey: Guid(c476dbf30e1922a4e88a96f33ff6a302) Importer(815301076,1909f56bfc062723c751e8b465ee728b)
Start importing Assets/Junyoung/Sounds/Audios/MX/BossFight/Horror Boss Fight - Loop.wav using Guid(c476dbf30e1922a4e88a96f33ff6a302) Importer(815301076,1909f56bfc062723c751e8b465ee728b)  -> (artifact id: 'abb2dc25ef506459faf128479b7831fe') in 0.309346 seconds
Number of updated asset objects reloaded before import = 0
Number of asset objects unloaded after import = 2
========================================================================
Received Import Request.
  Time since last request: 9.920852 seconds.
  path: Assets/Junyoung/Sounds/Audios/MX/MusicBox/MusicBox_Simple_3.wav
  artifactKey: Guid(99fae3077ae6a9b4d9db2bb27d269d07) Importer(815301076,1909f56bfc062723c751e8b465ee728b)
Start importing Assets/Junyoung/Sounds/Audios/MX/MusicBox/MusicBox_Simple_3.wav using Guid(99fae3077ae6a9b4d9db2bb27d269d07) Importer(815301076,1909f56bfc062723c751e8b465ee728b)  -> (artifact id: 'b36fed4c53414607a34e273d8d0a24e0') in 0.040280 seconds
Number of updated asset objects reloaded before import = 0
Number of asset objects unloaded after import = 2
========================================================================
Received Import Request.
  Time since last request: 6.959477 seconds.
  path: Assets/Junyoung/Sounds/Audios/MX/ScaryPuzzle/TerroMXBox15Min.wav
  artifactKey: Guid(1894bc7b4365cce4d94d03a2fa6b4a07) Importer(815301076,1909f56bfc062723c751e8b465ee728b)
Start importing Assets/Junyoung/Sounds/Audios/MX/ScaryPuzzle/TerroMXBox15Min.wav using Guid(1894bc7b4365cce4d94d03a2fa6b4a07) Importer(815301076,1909f56bfc062723c751e8b465ee728b)  -> (artifact id: '857cc838ad6b1822da885f8400774466') in 0.088097 seconds
Number of updated asset objects reloaded before import = 0
Number of asset objects unloaded after import = 2
========================================================================
Received Import Request.
  Time since last request: 0.000020 seconds.
  path: Assets/Junyoung/Sounds/Audios/MX/ScaryPuzzle/Terror Box - Scary Music Box (Loop B).wav
  artifactKey: Guid(44fb111bd3d115743910935766eb502f) Importer(815301076,1909f56bfc062723c751e8b465ee728b)
Start importing Assets/Junyoung/Sounds/Audios/MX/ScaryPuzzle/Terror Box - Scary Music Box (Loop B).wav using Guid(44fb111bd3d115743910935766eb502f) Importer(815301076,1909f56bfc062723c751e8b465ee728b)  -> (artifact id: '0e4a54bdb96b6263d16b2f0f4475f889') in 0.071164 seconds
Number of updated asset objects reloaded before import = 0
Number of asset objects unloaded after import = 2
========================================================================
Received Import Request.
  Time since last request: 0.000027 seconds.
  path: Assets/Junyoung/Sounds/Audios/MX/ScaryPuzzle/TerroMXBoxLoopNoPerc.wav
  artifactKey: Guid(f90c3dad4b687d942ad0e47257e9308c) Importer(815301076,1909f56bfc062723c751e8b465ee728b)
Start importing Assets/Junyoung/Sounds/Audios/MX/ScaryPuzzle/TerroMXBoxLoopNoPerc.wav using Guid(f90c3dad4b687d942ad0e47257e9308c) Importer(815301076,1909f56bfc062723c751e8b465ee728b)  -> (artifact id: '72cc8c5e3341111c2803ba6d9d61011f') in 0.071366 seconds
Number of updated asset objects reloaded before import = 0
Number of asset objects unloaded after import = 2
========================================================================
Received Import Request.
  Time since last request: 0.000028 seconds.
  path: Assets/Junyoung/Sounds/Audios/MX/ScaryPuzzle/TerroMXBoxStingerc.wav
  artifactKey: Guid(e2901947dbdb8db408541fc07eeeac43) Importer(815301076,1909f56bfc062723c751e8b465ee728b)
Start importing Assets/Junyoung/Sounds/Audios/MX/ScaryPuzzle/TerroMXBoxStingerc.wav using Guid(e2901947dbdb8db408541fc07eeeac43) Importer(815301076,1909f56bfc062723c751e8b465ee728b)  -> (artifact id: '218fa24cfa297c57174d8eaf6062af2a') in 0.039228 seconds
Number of updated asset objects reloaded before import = 0
Number of asset objects unloaded after import = 2
========================================================================
Received Import Request.
  Time since last request: 0.000036 seconds.
  path: Assets/Junyoung/Sounds/Audios/MX/ScaryPuzzle/TerroMXBoxLoop.wav
  artifactKey: Guid(1c100454ae401ed4082ca7ae007425ba) Importer(815301076,1909f56bfc062723c751e8b465ee728b)
Start importing Assets/Junyoung/Sounds/Audios/MX/ScaryPuzzle/TerroMXBoxLoop.wav using Guid(1c100454ae401ed4082ca7ae007425ba) Importer(815301076,1909f56bfc062723c751e8b465ee728b)  -> (artifact id: '6364bba1f11c08c1b2889e5a81b8b4a2') in 0.071389 seconds
Number of updated asset objects reloaded before import = 0
Number of asset objects unloaded after import = 2
Editor requested this worker to shutdown with reason: Scaling down because of idle timeout
TcpMessagingSession - receive error: operation aborted. errorcode: 995, details:        I/O  .
AssetImportWorker is now disconnected from the server
Process exiting
Exiting without the bug reporter. Application will terminate with return code 0