Using pre-set license
Built from '2022.3/release' branch; Version is '2022.3.20f1 (61c2feb0970d) revision 6406910'; Using compiler version '192829333'; Build Type 'Release'
OS: 'Windows 10  (10.0.19045) 64bit Professional' Language: 'ko' Physical Memory: 65198 MB
BatchMode: 1, IsHumanControllingUs: 0, StartBugReporterOnCrash: 0, Is64bit: 1, IsPro: 1

COMMAND LINE ARGUMENTS:
C:\Program Files\Unity 2022.3.20f1\Editor\Unity.exe
-adb2
-batchMode
-noUpm
-name
AssetImportWorker4
-projectPath
C:/Users/IDBLAB/Desktop/2024_1_Game1_catTown/catTown
-logFile
Logs/AssetImportWorker4.log
-srvPort
52978
Successfully changed project path to: C:/Users/IDBLAB/Desktop/2024_1_Game1_catTown/catTown
C:/Users/IDBLAB/Desktop/2024_1_Game1_catTown/catTown
[UnityMemory] Configuration Parameters - Can be set up in boot.config
    "memorysetup-bucket-allocator-granularity=16"
    "memorysetup-bucket-allocator-bucket-count=8"
    "memorysetup-bucket-allocator-block-size=33554432"
    "memorysetup-bucket-allocator-block-count=8"
    "memorysetup-main-allocator-block-size=16777216"
    "memorysetup-thread-allocator-block-size=16777216"
    "memorysetup-gfx-main-allocator-block-size=16777216"
    "memorysetup-gfx-thread-allocator-block-size=16777216"
    "memorysetup-cache-allocator-block-size=4194304"
    "memorysetup-typetree-allocator-block-size=2097152"
    "memorysetup-profiler-bucket-allocator-granularity=16"
    "memorysetup-profiler-bucket-allocator-bucket-count=8"
    "memorysetup-profiler-bucket-allocator-block-size=33554432"
    "memorysetup-profiler-bucket-allocator-block-count=8"
    "memorysetup-profiler-allocator-block-size=16777216"
    "memorysetup-profiler-editor-allocator-block-size=1048576"
    "memorysetup-temp-allocator-size-main=16777216"
    "memorysetup-job-temp-allocator-block-size=2097152"
    "memorysetup-job-temp-allocator-block-size-background=1048576"
    "memorysetup-job-temp-allocator-reduction-small-platforms=262144"
    "memorysetup-allocator-temp-initial-block-size-main=262144"
    "memorysetup-allocator-temp-initial-block-size-worker=262144"
    "memorysetup-temp-allocator-size-background-worker=32768"
    "memorysetup-temp-allocator-size-job-worker=262144"
    "memorysetup-temp-allocator-size-preload-manager=33554432"
    "memorysetup-temp-allocator-size-nav-mesh-worker=65536"
    "memorysetup-temp-allocator-size-audio-worker=65536"
    "memorysetup-temp-allocator-size-cloud-worker=32768"
    "memorysetup-temp-allocator-size-gi-baking-worker=262144"
    "memorysetup-temp-allocator-size-gfx=262144"
Player connection [20648] Host "[IP] 203.247.166.182 [Port] 0 [Flags] 2 [Guid] 3377742137 [EditorId] 3377742137 [Version] 1048832 [Id] WindowsEditor(7,DESKTOP-QLOGQ7G) [Debug] 1 [PackageName] WindowsEditor [ProjectName] Editor" joined multi-casting on [225.0.0.222:54997]...

Player connection [20648] Host "[IP] 203.247.166.182 [Port] 0 [Flags] 2 [Guid] 3377742137 [EditorId] 3377742137 [Version] 1048832 [Id] WindowsEditor(7,DESKTOP-QLOGQ7G) [Debug] 1 [PackageName] WindowsEditor [ProjectName] Editor" joined alternative multi-casting on [225.0.0.222:34997]...

[Physics::Module] Initialized MultithreadedJobDispatcher with 15 workers.
Refreshing native plugins compatible for Editor in 24.71 ms, found 3 plugins.
Preloading 0 native plugins for Editor in 0.00 ms.
Initialize engine version: 2022.3.20f1 (61c2feb0970d)
[Subsystems] Discovering subsystems at path C:/Program Files/Unity 2022.3.20f1/Editor/Data/Resources/UnitySubsystems
[Subsystems] Discovering subsystems at path C:/Users/IDBLAB/Desktop/2024_1_Game1_catTown/catTown/Assets
GfxDevice: creating device client; threaded=0; jobified=0
Direct3D:
    Version:  Direct3D 11.0 [level 11.1]
    Renderer: Intel(R) UHD Graphics 630 (ID=0x9bc5)
    Vendor:   Intel
    VRAM:     32599 MB
    Driver:   27.20.100.9415
Initialize mono
Mono path[0] = 'C:/Program Files/Unity 2022.3.20f1/Editor/Data/Managed'
Mono path[1] = 'C:/Program Files/Unity 2022.3.20f1/Editor/Data/MonoBleedingEdge/lib/mono/unityjit-win32'
Mono config path = 'C:/Program Files/Unity 2022.3.20f1/Editor/Data/MonoBleedingEdge/etc'
Using monoOptions --debugger-agent=transport=dt_socket,embedding=1,server=y,suspend=n,address=127.0.0.1:56420
Begin MonoManager ReloadAssembly
Registering precompiled unity dll's ...
Register platform support module: C:/Program Files/Unity 2022.3.20f1/Editor/Data/PlaybackEngines/WindowsStandaloneSupport/UnityEditor.WindowsStandalone.Extensions.dll
Registered in 0.007219 seconds.
- Loaded All Assemblies, in  0.421 seconds
Native extension for WindowsStandalone target not found
Mono: successfully reloaded assembly
- Finished resetting the current domain, in  0.334 seconds
Domain Reload Profiling: 753ms
	BeginReloadAssembly (145ms)
		ExecutionOrderSort (0ms)
		DisableScriptedObjects (0ms)
		BackupInstance (0ms)
		ReleaseScriptingObjects (0ms)
		CreateAndSetChildDomain (1ms)
	RebuildCommonClasses (38ms)
	RebuildNativeTypeToScriptingClass (10ms)
	initialDomainReloadingComplete (62ms)
	LoadAllAssembliesAndSetupDomain (163ms)
		LoadAssemblies (142ms)
		RebuildTransferFunctionScriptingTraits (0ms)
		AnalyzeDomain (161ms)
			TypeCache.Refresh (159ms)
				TypeCache.ScanAssembly (145ms)
			ScanForSourceGeneratedMonoScriptInfo (0ms)
			ResolveRequiredComponents (0ms)
	FinalizeReload (334ms)
		ReleaseScriptCaches (0ms)
		RebuildScriptCaches (0ms)
		SetupLoadedEditorAssemblies (267ms)
			LogAssemblyErrors (0ms)
			InitializePlatformSupportModulesInManaged (10ms)
			SetLoadedEditorAssemblies (7ms)
			RefreshPlugins (0ms)
			BeforeProcessingInitializeOnLoad (2ms)
			ProcessInitializeOnLoadAttributes (168ms)
			ProcessInitializeOnLoadMethodAttributes (80ms)
			AfterProcessingInitializeOnLoad (0ms)
			EditorAssembliesLoaded (0ms)
		ExecutionOrderSort2 (0ms)
		AwakeInstancesAfterBackupRestoration (0ms)
========================================================================
Worker process is ready to serve import requests
Begin MonoManager ReloadAssembly
Symbol file data-00000145FB991060 doesn't match image C:\Users\IDBLAB\Desktop\2024_1_Game1_catTown\catTown\Library\ScriptAssemblies\Assembly-CSharp.dll
Symbol file LoadedFromMemory is not a mono symbol file
Symbol file LoadedFromMemory is not a mono symbol file
- Loaded All Assemblies, in  0.894 seconds
Refreshing native plugins compatible for Editor in 11.15 ms, found 3 plugins.
Native extension for WindowsStandalone target not found
Package Manager log level set to [2]
[Package Manager] Server::EnsureServerProcessIsRunning -- launch failed, reason: Unity was launched with the -noUpm command-line argument
[Package Manager] UpmClient::Send -- Unable to send message (not connected to UPM process).
[Package Manager] Cannot connect to Unity Package Manager local server
Mono: successfully reloaded assembly
- Finished resetting the current domain, in  0.846 seconds
Domain Reload Profiling: 1735ms
	BeginReloadAssembly (182ms)
		ExecutionOrderSort (0ms)
		DisableScriptedObjects (6ms)
		BackupInstance (0ms)
		ReleaseScriptingObjects (0ms)
		CreateAndSetChildDomain (27ms)
	RebuildCommonClasses (38ms)
	RebuildNativeTypeToScriptingClass (18ms)
	initialDomainReloadingComplete (51ms)
	LoadAllAssembliesAndSetupDomain (599ms)
		LoadAssemblies (442ms)
		RebuildTransferFunctionScriptingTraits (0ms)
		AnalyzeDomain (267ms)
			TypeCache.Refresh (227ms)
				TypeCache.ScanAssembly (198ms)
			ScanForSourceGeneratedMonoScriptInfo (35ms)
			ResolveRequiredComponents (5ms)
	FinalizeReload (847ms)
		ReleaseScriptCaches (0ms)
		RebuildScriptCaches (0ms)
		SetupLoadedEditorAssemblies (657ms)
			LogAssemblyErrors (0ms)
			InitializePlatformSupportModulesInManaged (8ms)
			SetLoadedEditorAssemblies (5ms)
			RefreshPlugins (0ms)
			BeforeProcessingInitializeOnLoad (93ms)
			ProcessInitializeOnLoadAttributes (343ms)
			ProcessInitializeOnLoadMethodAttributes (199ms)
			AfterProcessingInitializeOnLoad (10ms)
			EditorAssembliesLoaded (0ms)
		ExecutionOrderSort2 (0ms)
		AwakeInstancesAfterBackupRestoration (15ms)
Launched and connected shader compiler UnityShaderCompiler.exe after 0.05 seconds
Refreshing native plugins compatible for Editor in 11.48 ms, found 3 plugins.
Preloading 0 native plugins for Editor in 0.00 ms.
Unloading 4263 Unused Serialized files (Serialized files now loaded: 0)
Unloading 72 unused Assets / (73.5 KB). Loaded Objects now: 4706.
Memory consumption went from 150.1 MB to 150.0 MB.
Total: 9.042800 ms (FindLiveObjects: 0.359400 ms CreateObjectMapping: 0.361900 ms MarkObjects: 7.881000 ms  DeleteObjects: 0.437400 ms)

AssetImportParameters requested are different than current active one (requested -> active):
  custom:container-demuxer-ogg: 62fdf1f143b41e24485cea50d1cbac27 -> 
  custom:video-decoder-ogg-theora: a1e56fd34408186e4bbccfd4996cb3dc -> 
  custom:framework-win-MediaFoundation: 216162199b28c13a410421893ffa2e32 -> 
  custom:CustomObjectIndexerAttribute: 6d391050e5a25f67b0a2c618074f2cd9 -> 
  custom:container-demuxer-webm: 4f35f7cbe854078d1ac9338744f61a02 -> 
  custom:container-muxer-webm: aa71ff27fc2769a1b78a27578f13a17b -> 
  custom:video-decoder-webm-vp8: 9c59270c3fd7afecdb556c50c9e8de78 -> 
  custom:SearchIndexIgnoredProperties: e643bd26f0fe6173181afceb89e7c659 -> 
  custom:AudioImporter_EditorPlatform: d09bf68614088b80899f8185d706f6e7 -> 
  custom:video-encoder-webm-vp8: eb34c28f22e8b96e1ab97ce403110664 -> 
  custom:audio-decoder-ogg-vorbis: bf7c407c2cedff20999df2af8eb42d56 -> 
  custom:audio-encoder-webm-vorbis: bf7c407c2cedff20999df2af8eb42d56 -> 
========================================================================
Received Import Request.
  Time since last request: 106216.000889 seconds.
  path: Assets/Junyoung/Materials
  artifactKey: Guid(af31b6a6538822a428a698c8281147e6) Importer(815301076,1909f56bfc062723c751e8b465ee728b)
Start importing Assets/Junyoung/Materials using Guid(af31b6a6538822a428a698c8281147e6) Importer(815301076,1909f56bfc062723c751e8b465ee728b)  -> (artifact id: 'd422b5bd3edac1868369b7034215a8b6') in 0.002189 seconds
Number of updated asset objects reloaded before import = 0
Number of asset objects unloaded after import = 0
========================================================================
Received Import Request.
  Time since last request: 15.897208 seconds.
  path: Assets/Junyoung/Materials/SampleBed.mat
  artifactKey: Guid(65071e2ebe199074985b808842ef972a) Importer(815301076,1909f56bfc062723c751e8b465ee728b)
Start importing Assets/Junyoung/Materials/SampleBed.mat using Guid(65071e2ebe199074985b808842ef972a) Importer(815301076,1909f56bfc062723c751e8b465ee728b)  -> (artifact id: '2f81a2b42bb1da4dd204953b80747294') in 0.106521 seconds
Number of updated asset objects reloaded before import = 0
Number of asset objects unloaded after import = 1
========================================================================
Received Import Request.
  Time since last request: 32.207706 seconds.
  path: Assets/Junyoung/Scripts/Junyoung/Judy.cs
  artifactKey: Guid(6536bc7f98bd157489b7e78cb224c802) Importer(815301076,1909f56bfc062723c751e8b465ee728b)
Start importing Assets/Junyoung/Scripts/Junyoung/Judy.cs using Guid(6536bc7f98bd157489b7e78cb224c802) Importer(815301076,1909f56bfc062723c751e8b465ee728b)  -> (artifact id: '03930c2eaf6e5a98b06d300b70419fb5') in 0.000498 seconds
Number of updated asset objects reloaded before import = 0
Number of asset objects unloaded after import = 0
========================================================================
Received Import Request.
  Time since last request: 16.152770 seconds.
  path: Assets/Junyoung/Scripts/Junyoung/Jody.cs
  artifactKey: Guid(c76df94404c304b47b78ae0da8bd5a48) Importer(815301076,1909f56bfc062723c751e8b465ee728b)
Start importing Assets/Junyoung/Scripts/Junyoung/Jody.cs using Guid(c76df94404c304b47b78ae0da8bd5a48) Importer(815301076,1909f56bfc062723c751e8b465ee728b)  -> (artifact id: '2941e031787939a433e979faba1fc1f0') in 0.000624 seconds
Number of updated asset objects reloaded before import = 0
Number of asset objects unloaded after import = 0
========================================================================
Received Prepare
Begin MonoManager ReloadAssembly
Symbol file LoadedFromMemory is not a mono symbol file
- Loaded All Assemblies, in  0.738 seconds
Refreshing native plugins compatible for Editor in 13.94 ms, found 3 plugins.
Native extension for WindowsStandalone target not found
[Package Manager] Server::EnsureServerProcessIsRunning -- launch failed, reason: Unity was launched with the -noUpm command-line argument
[Package Manager] UpmClient::Send -- Unable to send message (not connected to UPM process).
[Package Manager] Cannot connect to Unity Package Manager local server
Mono: successfully reloaded assembly
- Finished resetting the current domain, in  1.238 seconds
Domain Reload Profiling: 1972ms
	BeginReloadAssembly (267ms)
		ExecutionOrderSort (0ms)
		DisableScriptedObjects (8ms)
		BackupInstance (0ms)
		ReleaseScriptingObjects (0ms)
		CreateAndSetChildDomain (77ms)
	RebuildCommonClasses (43ms)
	RebuildNativeTypeToScriptingClass (12ms)
	initialDomainReloadingComplete (34ms)
	LoadAllAssembliesAndSetupDomain (378ms)
		LoadAssemblies (470ms)
		RebuildTransferFunctionScriptingTraits (0ms)
		AnalyzeDomain (45ms)
			TypeCache.Refresh (15ms)
				TypeCache.ScanAssembly (0ms)
			ScanForSourceGeneratedMonoScriptInfo (13ms)
			ResolveRequiredComponents (14ms)
	FinalizeReload (1238ms)
		ReleaseScriptCaches (0ms)
		RebuildScriptCaches (0ms)
		SetupLoadedEditorAssemblies (593ms)
			LogAssemblyErrors (0ms)
			InitializePlatformSupportModulesInManaged (6ms)
			SetLoadedEditorAssemblies (4ms)
			RefreshPlugins (0ms)
			BeforeProcessingInitializeOnLoad (82ms)
			ProcessInitializeOnLoadAttributes (302ms)
			ProcessInitializeOnLoadMethodAttributes (190ms)
			AfterProcessingInitializeOnLoad (9ms)
			EditorAssembliesLoaded (1ms)
		ExecutionOrderSort2 (0ms)
		AwakeInstancesAfterBackupRestoration (15ms)
Refreshing native plugins compatible for Editor in 11.09 ms, found 3 plugins.
Preloading 0 native plugins for Editor in 0.00 ms.
Unloading 4256 Unused Serialized files (Serialized files now loaded: 0)
Unloading 58 unused Assets / (47.7 KB). Loaded Objects now: 4751.
Memory consumption went from 155.2 MB to 155.1 MB.
Total: 8.373300 ms (FindLiveObjects: 0.592700 ms CreateObjectMapping: 0.571400 ms MarkObjects: 7.108800 ms  DeleteObjects: 0.098500 ms)

Prepare: number of updated asset objects reloaded= 0
AssetImportParameters requested are different than current active one (requested -> active):
  custom:container-demuxer-ogg: 62fdf1f143b41e24485cea50d1cbac27 -> 
  custom:video-decoder-ogg-theora: a1e56fd34408186e4bbccfd4996cb3dc -> 
  custom:framework-win-MediaFoundation: 216162199b28c13a410421893ffa2e32 -> 
  custom:CustomObjectIndexerAttribute: 6d391050e5a25f67b0a2c618074f2cd9 -> 
  custom:container-demuxer-webm: 4f35f7cbe854078d1ac9338744f61a02 -> 
  custom:container-muxer-webm: aa71ff27fc2769a1b78a27578f13a17b -> 
  custom:video-decoder-webm-vp8: 9c59270c3fd7afecdb556c50c9e8de78 -> 
  custom:SearchIndexIgnoredProperties: e643bd26f0fe6173181afceb89e7c659 -> 
  custom:AudioImporter_EditorPlatform: d09bf68614088b80899f8185d706f6e7 -> 
  custom:video-encoder-webm-vp8: eb34c28f22e8b96e1ab97ce403110664 -> 
  custom:audio-decoder-ogg-vorbis: bf7c407c2cedff20999df2af8eb42d56 -> 
  custom:audio-encoder-webm-vorbis: bf7c407c2cedff20999df2af8eb42d56 -> 
========================================================================
Received Import Request.
  Time since last request: 34.673074 seconds.
  path: Assets/Junyoung/Scripts/Junyoung/Jody.cs
  artifactKey: Guid(c76df94404c304b47b78ae0da8bd5a48) Importer(815301076,1909f56bfc062723c751e8b465ee728b)
Start importing Assets/Junyoung/Scripts/Junyoung/Jody.cs using Guid(c76df94404c304b47b78ae0da8bd5a48) Importer(815301076,1909f56bfc062723c751e8b465ee728b)  -> (artifact id: '61c0d5fbf62d449b509bcc9857a43830') in 0.001443 seconds
Number of updated asset objects reloaded before import = 0
Number of asset objects unloaded after import = 0
========================================================================
Received Prepare
Begin MonoManager ReloadAssembly
Symbol file LoadedFromMemory is not a mono symbol file
- Loaded All Assemblies, in  0.540 seconds
Refreshing native plugins compatible for Editor in 10.83 ms, found 3 plugins.
Native extension for WindowsStandalone target not found
[Package Manager] Server::EnsureServerProcessIsRunning -- launch failed, reason: Unity was launched with the -noUpm command-line argument
[Package Manager] UpmClient::Send -- Unable to send message (not connected to UPM process).
[Package Manager] Cannot connect to Unity Package Manager local server
Mono: successfully reloaded assembly
- Finished resetting the current domain, in  1.116 seconds
Domain Reload Profiling: 1652ms
	BeginReloadAssembly (165ms)
		ExecutionOrderSort (0ms)
		DisableScriptedObjects (6ms)
		BackupInstance (0ms)
		ReleaseScriptingObjects (0ms)
		CreateAndSetChildDomain (37ms)
	RebuildCommonClasses (31ms)
	RebuildNativeTypeToScriptingClass (10ms)
	initialDomainReloadingComplete (29ms)
	LoadAllAssembliesAndSetupDomain (299ms)
		LoadAssemblies (365ms)
		RebuildTransferFunctionScriptingTraits (0ms)
		AnalyzeDomain (25ms)
			TypeCache.Refresh (11ms)
				TypeCache.ScanAssembly (0ms)
			ScanForSourceGeneratedMonoScriptInfo (8ms)
			ResolveRequiredComponents (5ms)
	FinalizeReload (1117ms)
		ReleaseScriptCaches (0ms)
		RebuildScriptCaches (0ms)
		SetupLoadedEditorAssemblies (501ms)
			LogAssemblyErrors (0ms)
			InitializePlatformSupportModulesInManaged (5ms)
			SetLoadedEditorAssemblies (4ms)
			RefreshPlugins (0ms)
			BeforeProcessingInitializeOnLoad (78ms)
			ProcessInitializeOnLoadAttributes (259ms)
			ProcessInitializeOnLoadMethodAttributes (147ms)
			AfterProcessingInitializeOnLoad (8ms)
			EditorAssembliesLoaded (0ms)
		ExecutionOrderSort2 (0ms)
		AwakeInstancesAfterBackupRestoration (12ms)
Refreshing native plugins compatible for Editor in 9.94 ms, found 3 plugins.
Preloading 0 native plugins for Editor in 0.00 ms.
Unloading 4256 Unused Serialized files (Serialized files now loaded: 0)
Unloading 58 unused Assets / (47.6 KB). Loaded Objects now: 4754.
Memory consumption went from 157.1 MB to 157.0 MB.
Total: 5.828600 ms (FindLiveObjects: 0.315900 ms CreateObjectMapping: 0.302100 ms MarkObjects: 5.144500 ms  DeleteObjects: 0.065200 ms)

Prepare: number of updated asset objects reloaded= 0
AssetImportParameters requested are different than current active one (requested -> active):
  custom:container-demuxer-ogg: 62fdf1f143b41e24485cea50d1cbac27 -> 
  custom:video-decoder-ogg-theora: a1e56fd34408186e4bbccfd4996cb3dc -> 
  custom:framework-win-MediaFoundation: 216162199b28c13a410421893ffa2e32 -> 
  custom:CustomObjectIndexerAttribute: 6d391050e5a25f67b0a2c618074f2cd9 -> 
  custom:container-demuxer-webm: 4f35f7cbe854078d1ac9338744f61a02 -> 
  custom:container-muxer-webm: aa71ff27fc2769a1b78a27578f13a17b -> 
  custom:video-decoder-webm-vp8: 9c59270c3fd7afecdb556c50c9e8de78 -> 
  custom:SearchIndexIgnoredProperties: e643bd26f0fe6173181afceb89e7c659 -> 
  custom:AudioImporter_EditorPlatform: d09bf68614088b80899f8185d706f6e7 -> 
  custom:video-encoder-webm-vp8: eb34c28f22e8b96e1ab97ce403110664 -> 
  custom:audio-decoder-ogg-vorbis: bf7c407c2cedff20999df2af8eb42d56 -> 
  custom:audio-encoder-webm-vorbis: bf7c407c2cedff20999df2af8eb42d56 -> 
========================================================================
Received Import Request.
  Time since last request: 550.005594 seconds.
  path: Assets/Junyoung/Animations/Ch37_nonPBR@Look Around.fbx
  artifactKey: Guid(17c1f842040df334caff5ed4ce31ca0d) Importer(815301076,1909f56bfc062723c751e8b465ee728b)
Start importing Assets/Junyoung/Animations/Ch37_nonPBR@Look Around.fbx using Guid(17c1f842040df334caff5ed4ce31ca0d) Importer(815301076,1909f56bfc062723c751e8b465ee728b)  -> (artifact id: 'ce726e1b13a525da7a6744cbf83f181e') in 0.031737 seconds
Number of updated asset objects reloaded before import = 0
Number of asset objects unloaded after import = 135
========================================================================
Received Import Request.
  Time since last request: 8.359358 seconds.
  path: Assets/Junyoung/Animations/Jody@Look Around.fbx
  artifactKey: Guid(17c1f842040df334caff5ed4ce31ca0d) Importer(815301076,1909f56bfc062723c751e8b465ee728b)
Start importing Assets/Junyoung/Animations/Jody@Look Around.fbx using Guid(17c1f842040df334caff5ed4ce31ca0d) Importer(815301076,1909f56bfc062723c751e8b465ee728b)  -> (artifact id: 'c666488035170471ee1004effd39b3c2') in 0.004851 seconds
Number of updated asset objects reloaded before import = 0
Number of asset objects unloaded after import = 135
========================================================================
Received Prepare
Begin MonoManager ReloadAssembly
Symbol file LoadedFromMemory is not a mono symbol file
- Loaded All Assemblies, in  0.542 seconds
Refreshing native plugins compatible for Editor in 14.48 ms, found 3 plugins.
Native extension for WindowsStandalone target not found
[Package Manager] Server::EnsureServerProcessIsRunning -- launch failed, reason: Unity was launched with the -noUpm command-line argument
[Package Manager] UpmClient::Send -- Unable to send message (not connected to UPM process).
[Package Manager] Cannot connect to Unity Package Manager local server
Mono: successfully reloaded assembly
- Finished resetting the current domain, in  1.254 seconds
Domain Reload Profiling: 1793ms
	BeginReloadAssembly (158ms)
		ExecutionOrderSort (0ms)
		DisableScriptedObjects (5ms)
		BackupInstance (0ms)
		ReleaseScriptingObjects (0ms)
		CreateAndSetChildDomain (38ms)
	RebuildCommonClasses (37ms)
	RebuildNativeTypeToScriptingClass (11ms)
	initialDomainReloadingComplete (32ms)
	LoadAllAssembliesAndSetupDomain (299ms)
		LoadAssemblies (357ms)
		RebuildTransferFunctionScriptingTraits (0ms)
		AnalyzeDomain (23ms)
			TypeCache.Refresh (12ms)
				TypeCache.ScanAssembly (0ms)
			ScanForSourceGeneratedMonoScriptInfo (0ms)
			ResolveRequiredComponents (6ms)
	FinalizeReload (1255ms)
		ReleaseScriptCaches (0ms)
		RebuildScriptCaches (0ms)
		SetupLoadedEditorAssemblies (599ms)
			LogAssemblyErrors (0ms)
			InitializePlatformSupportModulesInManaged (6ms)
			SetLoadedEditorAssemblies (4ms)
			RefreshPlugins (0ms)
			BeforeProcessingInitializeOnLoad (85ms)
			ProcessInitializeOnLoadAttributes (316ms)
			ProcessInitializeOnLoadMethodAttributes (180ms)
			AfterProcessingInitializeOnLoad (8ms)
			EditorAssembliesLoaded (0ms)
		ExecutionOrderSort2 (0ms)
		AwakeInstancesAfterBackupRestoration (13ms)
Refreshing native plugins compatible for Editor in 11.96 ms, found 3 plugins.
Preloading 0 native plugins for Editor in 0.00 ms.
Unloading 4256 Unused Serialized files (Serialized files now loaded: 0)
Unloading 58 unused Assets / (47.6 KB). Loaded Objects now: 4757.
Memory consumption went from 159.0 MB to 159.0 MB.
Total: 7.773200 ms (FindLiveObjects: 0.553000 ms CreateObjectMapping: 0.507100 ms MarkObjects: 6.599000 ms  DeleteObjects: 0.111900 ms)

Prepare: number of updated asset objects reloaded= 0
AssetImportParameters requested are different than current active one (requested -> active):
  custom:container-demuxer-ogg: 62fdf1f143b41e24485cea50d1cbac27 -> 
  custom:video-decoder-ogg-theora: a1e56fd34408186e4bbccfd4996cb3dc -> 
  custom:framework-win-MediaFoundation: 216162199b28c13a410421893ffa2e32 -> 
  custom:CustomObjectIndexerAttribute: 6d391050e5a25f67b0a2c618074f2cd9 -> 
  custom:container-demuxer-webm: 4f35f7cbe854078d1ac9338744f61a02 -> 
  custom:container-muxer-webm: aa71ff27fc2769a1b78a27578f13a17b -> 
  custom:video-decoder-webm-vp8: 9c59270c3fd7afecdb556c50c9e8de78 -> 
  custom:SearchIndexIgnoredProperties: e643bd26f0fe6173181afceb89e7c659 -> 
  custom:AudioImporter_EditorPlatform: d09bf68614088b80899f8185d706f6e7 -> 
  custom:video-encoder-webm-vp8: eb34c28f22e8b96e1ab97ce403110664 -> 
  custom:audio-decoder-ogg-vorbis: bf7c407c2cedff20999df2af8eb42d56 -> 
  custom:audio-encoder-webm-vorbis: bf7c407c2cedff20999df2af8eb42d56 -> 
========================================================================
Received Prepare
Begin MonoManager ReloadAssembly
Symbol file LoadedFromMemory is not a mono symbol file
- Loaded All Assemblies, in  0.545 seconds
Refreshing native plugins compatible for Editor in 11.19 ms, found 3 plugins.
Native extension for WindowsStandalone target not found
[Package Manager] Server::EnsureServerProcessIsRunning -- launch failed, reason: Unity was launched with the -noUpm command-line argument
[Package Manager] UpmClient::Send -- Unable to send message (not connected to UPM process).
[Package Manager] Cannot connect to Unity Package Manager local server
Mono: successfully reloaded assembly
- Finished resetting the current domain, in  1.274 seconds
Domain Reload Profiling: 1816ms
	BeginReloadAssembly (174ms)
		ExecutionOrderSort (0ms)
		DisableScriptedObjects (6ms)
		BackupInstance (0ms)
		ReleaseScriptingObjects (0ms)
		CreateAndSetChildDomain (41ms)
	RebuildCommonClasses (36ms)
	RebuildNativeTypeToScriptingClass (11ms)
	initialDomainReloadingComplete (29ms)
	LoadAllAssembliesAndSetupDomain (291ms)
		LoadAssemblies (364ms)
		RebuildTransferFunctionScriptingTraits (0ms)
		AnalyzeDomain (20ms)
			TypeCache.Refresh (12ms)
				TypeCache.ScanAssembly (0ms)
			ScanForSourceGeneratedMonoScriptInfo (0ms)
			ResolveRequiredComponents (6ms)
	FinalizeReload (1275ms)
		ReleaseScriptCaches (0ms)
		RebuildScriptCaches (0ms)
		SetupLoadedEditorAssemblies (593ms)
			LogAssemblyErrors (0ms)
			InitializePlatformSupportModulesInManaged (7ms)
			SetLoadedEditorAssemblies (5ms)
			RefreshPlugins (0ms)
			BeforeProcessingInitializeOnLoad (89ms)
			ProcessInitializeOnLoadAttributes (317ms)
			ProcessInitializeOnLoadMethodAttributes (168ms)
			AfterProcessingInitializeOnLoad (7ms)
			EditorAssembliesLoaded (0ms)
		ExecutionOrderSort2 (0ms)
		AwakeInstancesAfterBackupRestoration (13ms)
Refreshing native plugins compatible for Editor in 11.57 ms, found 3 plugins.
Preloading 0 native plugins for Editor in 0.00 ms.
Unloading 4257 Unused Serialized files (Serialized files now loaded: 0)
Unloading 58 unused Assets / (47.6 KB). Loaded Objects now: 4760.
Memory consumption went from 161.2 MB to 161.2 MB.
Total: 6.505400 ms (FindLiveObjects: 0.530800 ms CreateObjectMapping: 0.325500 ms MarkObjects: 5.568200 ms  DeleteObjects: 0.079500 ms)

Prepare: number of updated asset objects reloaded= 0
AssetImportParameters requested are different than current active one (requested -> active):
  custom:container-demuxer-ogg: 62fdf1f143b41e24485cea50d1cbac27 -> 
  custom:video-decoder-ogg-theora: a1e56fd34408186e4bbccfd4996cb3dc -> 
  custom:framework-win-MediaFoundation: 216162199b28c13a410421893ffa2e32 -> 
  custom:CustomObjectIndexerAttribute: 6d391050e5a25f67b0a2c618074f2cd9 -> 
  custom:container-demuxer-webm: 4f35f7cbe854078d1ac9338744f61a02 -> 
  custom:container-muxer-webm: aa71ff27fc2769a1b78a27578f13a17b -> 
  custom:video-decoder-webm-vp8: 9c59270c3fd7afecdb556c50c9e8de78 -> 
  custom:SearchIndexIgnoredProperties: e643bd26f0fe6173181afceb89e7c659 -> 
  custom:AudioImporter_EditorPlatform: d09bf68614088b80899f8185d706f6e7 -> 
  custom:video-encoder-webm-vp8: eb34c28f22e8b96e1ab97ce403110664 -> 
  custom:audio-decoder-ogg-vorbis: bf7c407c2cedff20999df2af8eb42d56 -> 
  custom:audio-encoder-webm-vorbis: bf7c407c2cedff20999df2af8eb42d56 -> 
========================================================================
Received Import Request.
  Time since last request: 1010.734371 seconds.
  path: Assets/IdiaSoftware
  artifactKey: Guid(ea92088b4a26a8a45b98b489de038c51) Importer(815301076,1909f56bfc062723c751e8b465ee728b)
Start importing Assets/IdiaSoftware using Guid(ea92088b4a26a8a45b98b489de038c51) Importer(815301076,1909f56bfc062723c751e8b465ee728b)  -> (artifact id: '49c6a0dcfd3962e92ed8230fa1a71446') in 0.002485 seconds
Number of updated asset objects reloaded before import = 0
Number of asset objects unloaded after import = 0
========================================================================
Received Import Request.
  Time since last request: 13.842371 seconds.
  path: Assets/Junyoung/Sounds
  artifactKey: Guid(006f6290056e6fd479db65c4802782ac) Importer(815301076,1909f56bfc062723c751e8b465ee728b)
Start importing Assets/Junyoung/Sounds using Guid(006f6290056e6fd479db65c4802782ac) Importer(815301076,1909f56bfc062723c751e8b465ee728b)  -> (artifact id: 'd2cf9bb7046bd801b8b86f6b36bb0875') in 0.000599 seconds
Number of updated asset objects reloaded before import = 0
Number of asset objects unloaded after import = 0
========================================================================
Received Import Request.
  Time since last request: 4.281928 seconds.
  path: Assets/Junyoung/Sounds/free horror ambience 2
  artifactKey: Guid(cc909a2eb844d814e8f9b7c09b08d7e7) Importer(815301076,1909f56bfc062723c751e8b465ee728b)
Start importing Assets/Junyoung/Sounds/free horror ambience 2 using Guid(cc909a2eb844d814e8f9b7c09b08d7e7) Importer(815301076,1909f56bfc062723c751e8b465ee728b)  -> (artifact id: '3c66a0aa24e9ec4f43f838cbe326b2d1') in 0.000599 seconds
Number of updated asset objects reloaded before import = 0
Number of asset objects unloaded after import = 0
========================================================================
Received Import Request.
  Time since last request: 0.045811 seconds.
  path: Assets/Junyoung/Sounds/free horror ambience 2/ha-abomination.wav
  artifactKey: Guid(ee403a3067a0c476dbd3e34a5f69c4a3) Importer(815301076,1909f56bfc062723c751e8b465ee728b)
Start importing Assets/Junyoung/Sounds/free horror ambience 2/ha-abomination.wav using Guid(ee403a3067a0c476dbd3e34a5f69c4a3) Importer(815301076,1909f56bfc062723c751e8b465ee728b)  -> (artifact id: 'ad7477e16030345bdcf1bb68ec60a52d') in 0.547380 seconds
Number of updated asset objects reloaded before import = 0
Number of asset objects unloaded after import = 2
========================================================================
Received Import Request.
  Time since last request: 0.000032 seconds.
  path: Assets/Junyoung/Sounds/free horror ambience 2/ha-suffocate.wav
  artifactKey: Guid(b911662f2b94547e8a834cff9d26a788) Importer(815301076,1909f56bfc062723c751e8b465ee728b)
Start importing Assets/Junyoung/Sounds/free horror ambience 2/ha-suffocate.wav using Guid(b911662f2b94547e8a834cff9d26a788) Importer(815301076,1909f56bfc062723c751e8b465ee728b)  -> (artifact id: '018a7a2a21cb58d51ce323c4357bb725') in 0.364600 seconds
Number of updated asset objects reloaded before import = 0
Number of asset objects unloaded after import = 2
========================================================================
Received Import Request.
  Time since last request: 0.000023 seconds.
  path: Assets/Junyoung/Sounds/free horror ambience 2/ha-pressure-nofx.wav
  artifactKey: Guid(90438f285de1f49aa873f81498fbdc63) Importer(815301076,1909f56bfc062723c751e8b465ee728b)
Start importing Assets/Junyoung/Sounds/free horror ambience 2/ha-pressure-nofx.wav using Guid(90438f285de1f49aa873f81498fbdc63) Importer(815301076,1909f56bfc062723c751e8b465ee728b)  -> (artifact id: '13aeb6f3d3c426116657eaf1b107d639') in 0.249984 seconds
Number of updated asset objects reloaded before import = 0
Number of asset objects unloaded after import = 2
========================================================================
Received Import Request.
  Time since last request: 0.000017 seconds.
  path: Assets/Junyoung/Sounds/free horror ambience 2/ha-simplestring_1.wav
  artifactKey: Guid(b64a054737fb942e0b9cf0aeb5f44e01) Importer(815301076,1909f56bfc062723c751e8b465ee728b)
Start importing Assets/Junyoung/Sounds/free horror ambience 2/ha-simplestring_1.wav using Guid(b64a054737fb942e0b9cf0aeb5f44e01) Importer(815301076,1909f56bfc062723c751e8b465ee728b)  -> (artifact id: 'b03dcbbbe958a4d39fcfdae0ae913835') in 0.433642 seconds
Number of updated asset objects reloaded before import = 0
Number of asset objects unloaded after import = 2
========================================================================
Received Import Request.
  Time since last request: 0.000027 seconds.
  path: Assets/Junyoung/Sounds/free horror ambience 2/ha-pressure.wav
  artifactKey: Guid(fe998676dac804477a919a1c57dc09d3) Importer(815301076,1909f56bfc062723c751e8b465ee728b)
Start importing Assets/Junyoung/Sounds/free horror ambience 2/ha-pressure.wav using Guid(fe998676dac804477a919a1c57dc09d3) Importer(815301076,1909f56bfc062723c751e8b465ee728b)  -> (artifact id: '642173a6eef62ec3a9a1a188f41dd6f4') in 0.308082 seconds
Number of updated asset objects reloaded before import = 0
Number of asset objects unloaded after import = 2
========================================================================
Received Import Request.
  Time since last request: 0.000029 seconds.
  path: Assets/Junyoung/Sounds/free horror ambience 2/ha-distillery.wav
  artifactKey: Guid(6f8ac1fb6c4da43309fc6f2608f82ab6) Importer(815301076,1909f56bfc062723c751e8b465ee728b)
Start importing Assets/Junyoung/Sounds/free horror ambience 2/ha-distillery.wav using Guid(6f8ac1fb6c4da43309fc6f2608f82ab6) Importer(815301076,1909f56bfc062723c751e8b465ee728b)  -> (artifact id: '23ddb8b6548b432d467ea6a03922ddba') in 0.536129 seconds
Number of updated asset objects reloaded before import = 0
Number of asset objects unloaded after import = 2
========================================================================
Received Import Request.
  Time since last request: 0.000035 seconds.
  path: Assets/Junyoung/Sounds/free horror ambience 2/ha-waterheater.wav
  artifactKey: Guid(74aec4606952f4af1ba8d3c7d9581b43) Importer(815301076,1909f56bfc062723c751e8b465ee728b)
Start importing Assets/Junyoung/Sounds/free horror ambience 2/ha-waterheater.wav using Guid(74aec4606952f4af1ba8d3c7d9581b43) Importer(815301076,1909f56bfc062723c751e8b465ee728b)  -> (artifact id: '35dece59fc4e7457087e1b4c084e5105') in 0.294212 seconds
Number of updated asset objects reloaded before import = 0
Number of asset objects unloaded after import = 2
========================================================================
Received Import Request.
  Time since last request: 92.392346 seconds.
  path: Assets/Junyoung/Sounds/IdiaSoftware/ZombieFreeCharacterSounds
  artifactKey: Guid(35a7c3a6ddf41da40b233084d80a0d90) Importer(815301076,1909f56bfc062723c751e8b465ee728b)
Start importing Assets/Junyoung/Sounds/IdiaSoftware/ZombieFreeCharacterSounds using Guid(35a7c3a6ddf41da40b233084d80a0d90) Importer(815301076,1909f56bfc062723c751e8b465ee728b)  -> (artifact id: '4564b332d4d48e15b40cdb161e9fa092') in 0.000556 seconds
Number of updated asset objects reloaded before import = 0
Number of asset objects unloaded after import = 0
========================================================================
Received Import Request.
  Time since last request: 0.649336 seconds.
  path: Assets/Junyoung/Sounds/IdiaSoftware/ZombieFreeCharacterSounds/Z1-Free
  artifactKey: Guid(5ca9eed5a30e0334589c70a9a314b61f) Importer(815301076,1909f56bfc062723c751e8b465ee728b)
Start importing Assets/Junyoung/Sounds/IdiaSoftware/ZombieFreeCharacterSounds/Z1-Free using Guid(5ca9eed5a30e0334589c70a9a314b61f) Importer(815301076,1909f56bfc062723c751e8b465ee728b)  -> (artifact id: '23de9b93b386b0f3706160fbb0363ff1') in 0.000481 seconds
Number of updated asset objects reloaded before import = 0
Number of asset objects unloaded after import = 0
========================================================================
Received Import Request.
  Time since last request: 0.050667 seconds.
  path: Assets/Junyoung/Sounds/IdiaSoftware/ZombieFreeCharacterSounds/Z1-Free/Z1-V1-Angry-Free-1.ogg
  artifactKey: Guid(27b98a8c68f991b408c5c6afff25358c) Importer(815301076,1909f56bfc062723c751e8b465ee728b)
Start importing Assets/Junyoung/Sounds/IdiaSoftware/ZombieFreeCharacterSounds/Z1-Free/Z1-V1-Angry-Free-1.ogg using Guid(27b98a8c68f991b408c5c6afff25358c) Importer(815301076,1909f56bfc062723c751e8b465ee728b)  -> (artifact id: '64dfd1c193420a4290628bd82c2da883') in 0.014701 seconds
Number of updated asset objects reloaded before import = 0
Number of asset objects unloaded after import = 2
========================================================================
Received Import Request.
  Time since last request: 0.001980 seconds.
  path: Assets/Junyoung/Sounds/IdiaSoftware/ZombieFreeCharacterSounds/Z1-Free/Z1-V2-Angry-Free-1.ogg
  artifactKey: Guid(d0dd5a8e1fcf88c4c990c0c54c58a2ea) Importer(815301076,1909f56bfc062723c751e8b465ee728b)
Start importing Assets/Junyoung/Sounds/IdiaSoftware/ZombieFreeCharacterSounds/Z1-Free/Z1-V2-Angry-Free-1.ogg using Guid(d0dd5a8e1fcf88c4c990c0c54c58a2ea) Importer(815301076,1909f56bfc062723c751e8b465ee728b)  -> (artifact id: '07c54143d428493f767993f6379f4e52') in 0.026663 seconds
Number of updated asset objects reloaded before import = 0
Number of asset objects unloaded after import = 2
========================================================================
Received Import Request.
  Time since last request: 0.000025 seconds.
  path: Assets/Junyoung/Sounds/IdiaSoftware/ZombieFreeCharacterSounds/Z1-Free/Z1-V2-Searching-Free-1.ogg
  artifactKey: Guid(ff8240148ee026c4babb53949381e1cd) Importer(815301076,1909f56bfc062723c751e8b465ee728b)
Start importing Assets/Junyoung/Sounds/IdiaSoftware/ZombieFreeCharacterSounds/Z1-Free/Z1-V2-Searching-Free-1.ogg using Guid(ff8240148ee026c4babb53949381e1cd) Importer(815301076,1909f56bfc062723c751e8b465ee728b)  -> (artifact id: '11306b2ed81f1f4f5f838bdd149bb198') in 0.029447 seconds
Number of updated asset objects reloaded before import = 0
Number of asset objects unloaded after import = 2
========================================================================
Received Import Request.
  Time since last request: 0.000025 seconds.
  path: Assets/Junyoung/Sounds/IdiaSoftware/ZombieFreeCharacterSounds/Z1-Free/Z1-V1-Damaged-Free-1.ogg
  artifactKey: Guid(bdb798b20d5ac2f438f3a562f4150019) Importer(815301076,1909f56bfc062723c751e8b465ee728b)
Start importing Assets/Junyoung/Sounds/IdiaSoftware/ZombieFreeCharacterSounds/Z1-Free/Z1-V1-Damaged-Free-1.ogg using Guid(bdb798b20d5ac2f438f3a562f4150019) Importer(815301076,1909f56bfc062723c751e8b465ee728b)  -> (artifact id: '010257b5626b48470b135b5b8f49d211') in 0.023892 seconds
Number of updated asset objects reloaded before import = 0
Number of asset objects unloaded after import = 2
========================================================================
Received Import Request.
  Time since last request: 15.278851 seconds.
  path: Assets/Junyoung/Sounds/IdiaSoftware/ZombieFreeCharacterSounds/Z2-Free/Z2-V1-Angry-Free-1.ogg
  artifactKey: Guid(90054576c036ea44096d20cc89ff4da2) Importer(815301076,1909f56bfc062723c751e8b465ee728b)
Start importing Assets/Junyoung/Sounds/IdiaSoftware/ZombieFreeCharacterSounds/Z2-Free/Z2-V1-Angry-Free-1.ogg using Guid(90054576c036ea44096d20cc89ff4da2) Importer(815301076,1909f56bfc062723c751e8b465ee728b)  -> (artifact id: '6383e34fbae4b932281c43233d82ef61') in 0.014783 seconds
Number of updated asset objects reloaded before import = 0
Number of asset objects unloaded after import = 2
========================================================================
Received Import Request.
  Time since last request: 0.000020 seconds.
  path: Assets/Junyoung/Sounds/IdiaSoftware/ZombieFreeCharacterSounds/Z2-Free/Z2-V2-Attacking-Free-2.ogg
  artifactKey: Guid(83041cb4dc7766b48a4342db7511819d) Importer(815301076,1909f56bfc062723c751e8b465ee728b)
Start importing Assets/Junyoung/Sounds/IdiaSoftware/ZombieFreeCharacterSounds/Z2-Free/Z2-V2-Attacking-Free-2.ogg using Guid(83041cb4dc7766b48a4342db7511819d) Importer(815301076,1909f56bfc062723c751e8b465ee728b)  -> (artifact id: '342c90497b6f8d0b469e9cafec9d8913') in 0.027192 seconds
Number of updated asset objects reloaded before import = 0
Number of asset objects unloaded after import = 2
========================================================================
Received Import Request.
  Time since last request: 0.000018 seconds.
  path: Assets/Junyoung/Sounds/IdiaSoftware/ZombieFreeCharacterSounds/Z2-Free/Z2-V2-Sreaming-Free-1.ogg
  artifactKey: Guid(e29d35a3561cf964e9c39f5b99c2696c) Importer(815301076,1909f56bfc062723c751e8b465ee728b)
Start importing Assets/Junyoung/Sounds/IdiaSoftware/ZombieFreeCharacterSounds/Z2-Free/Z2-V2-Sreaming-Free-1.ogg using Guid(e29d35a3561cf964e9c39f5b99c2696c) Importer(815301076,1909f56bfc062723c751e8b465ee728b)  -> (artifact id: '043bda0f992a99d5fa4a93742793ac49') in 0.024573 seconds
Number of updated asset objects reloaded before import = 0
Number of asset objects unloaded after import = 2
========================================================================
Received Import Request.
  Time since last request: 7.779956 seconds.
  path: Assets/Junyoung/Sounds/IdiaSoftware/ZombieFreeCharacterSounds/Z3-Free/Z3-V1-Angry-Free-1.ogg
  artifactKey: Guid(e66b136e063cc4049b96679b13228187) Importer(815301076,1909f56bfc062723c751e8b465ee728b)
Start importing Assets/Junyoung/Sounds/IdiaSoftware/ZombieFreeCharacterSounds/Z3-Free/Z3-V1-Angry-Free-1.ogg using Guid(e66b136e063cc4049b96679b13228187) Importer(815301076,1909f56bfc062723c751e8b465ee728b)  -> (artifact id: '4d9dc22c7de70e36235abed27af392cd') in 0.035108 seconds
Number of updated asset objects reloaded before import = 0
Number of asset objects unloaded after import = 2
Editor requested this worker to shutdown with reason: Scaling down because of idle timeout
TcpMessagingSession - receive error: operation aborted. errorcode: 995, details: 스레드 종료 또는 응용 프로그램 요청 때문에 I/O 작업이 취소되었습니다.
AssetImportWorker is now disconnected from the server
Process exiting
Exiting without the bug reporter. Application will terminate with return code 0